-------------------------------------------------------------------------------
Test set: it.univpm.advancedcode.cri.test.unit.Service.TestManutenzioneService
-------------------------------------------------------------------------------
Tests run: 5, Failures: 0, Errors: 5, Skipped: 0, Time elapsed: 3.01 sec <<< FAILURE! - in it.univpm.advancedcode.cri.test.unit.Service.TestManutenzioneService
createAndDelete  Time elapsed: 0.539 sec  <<< ERROR!
org.springframework.beans.factory.BeanCreationException: Error creating bean with name 'allegatoDao': Injection of resource dependencies failed; nested exception is org.springframework.beans.factory.BeanCreationException: Error creating bean with name 'sessionFactory' defined in it.univpm.advancedcode.cri.test.DataServiceConfigTest: Bean instantiation via factory method failed; nested exception is org.springframework.beans.BeanInstantiationException: Failed to instantiate [org.hibernate.SessionFactory]: Factory method 'sessionFactory' threw exception; nested exception is java.lang.NullPointerException
	at it.univpm.advancedcode.cri.test.unit.Service.TestManutenzioneService.openContext(TestManutenzioneService.java:99)
Caused by: org.springframework.beans.factory.BeanCreationException: Error creating bean with name 'sessionFactory' defined in it.univpm.advancedcode.cri.test.DataServiceConfigTest: Bean instantiation via factory method failed; nested exception is org.springframework.beans.BeanInstantiationException: Failed to instantiate [org.hibernate.SessionFactory]: Factory method 'sessionFactory' threw exception; nested exception is java.lang.NullPointerException
	at it.univpm.advancedcode.cri.test.unit.Service.TestManutenzioneService.openContext(TestManutenzioneService.java:99)
Caused by: org.springframework.beans.BeanInstantiationException: Failed to instantiate [org.hibernate.SessionFactory]: Factory method 'sessionFactory' threw exception; nested exception is java.lang.NullPointerException
	at it.univpm.advancedcode.cri.test.unit.Service.TestManutenzioneService.openContext(TestManutenzioneService.java:99)
Caused by: java.lang.NullPointerException

noManutenzioniAtBeginning  Time elapsed: 0.629 sec  <<< ERROR!
org.springframework.beans.factory.BeanCreationException: Error creating bean with name 'allegatoDao': Injection of resource dependencies failed; nested exception is org.springframework.beans.factory.BeanCreationException: Error creating bean with name 'sessionFactory' defined in it.univpm.advancedcode.cri.test.DataServiceConfigTest: Bean instantiation via factory method failed; nested exception is org.springframework.beans.BeanInstantiationException: Failed to instantiate [org.hibernate.SessionFactory]: Factory method 'sessionFactory' threw exception; nested exception is java.lang.NullPointerException
	at it.univpm.advancedcode.cri.test.unit.Service.TestManutenzioneService.openContext(TestManutenzioneService.java:99)
Caused by: org.springframework.beans.factory.BeanCreationException: Error creating bean with name 'sessionFactory' defined in it.univpm.advancedcode.cri.test.DataServiceConfigTest: Bean instantiation via factory method failed; nested exception is org.springframework.beans.BeanInstantiationException: Failed to instantiate [org.hibernate.SessionFactory]: Factory method 'sessionFactory' threw exception; nested exception is java.lang.NullPointerException
	at it.univpm.advancedcode.cri.test.unit.Service.TestManutenzioneService.openContext(TestManutenzioneService.java:99)
Caused by: org.springframework.beans.BeanInstantiationException: Failed to instantiate [org.hibernate.SessionFactory]: Factory method 'sessionFactory' threw exception; nested exception is java.lang.NullPointerException
	at it.univpm.advancedcode.cri.test.unit.Service.TestManutenzioneService.openContext(TestManutenzioneService.java:99)
Caused by: java.lang.NullPointerException

findManutenzioneById  Time elapsed: 0.605 sec  <<< ERROR!
org.springframework.beans.factory.BeanCreationException: Error creating bean with name 'allegatoDao': Injection of resource dependencies failed; nested exception is org.springframework.beans.factory.BeanCreationException: Error creating bean with name 'sessionFactory' defined in it.univpm.advancedcode.cri.test.DataServiceConfigTest: Bean instantiation via factory method failed; nested exception is org.springframework.beans.BeanInstantiationException: Failed to instantiate [org.hibernate.SessionFactory]: Factory method 'sessionFactory' threw exception; nested exception is java.lang.NullPointerException
	at it.univpm.advancedcode.cri.test.unit.Service.TestManutenzioneService.openContext(TestManutenzioneService.java:99)
Caused by: org.springframework.beans.factory.BeanCreationException: Error creating bean with name 'sessionFactory' defined in it.univpm.advancedcode.cri.test.DataServiceConfigTest: Bean instantiation via factory method failed; nested exception is org.springframework.beans.BeanInstantiationException: Failed to instantiate [org.hibernate.SessionFactory]: Factory method 'sessionFactory' threw exception; nested exception is java.lang.NullPointerException
	at it.univpm.advancedcode.cri.test.unit.Service.TestManutenzioneService.openContext(TestManutenzioneService.java:99)
Caused by: org.springframework.beans.BeanInstantiationException: Failed to instantiate [org.hibernate.SessionFactory]: Factory method 'sessionFactory' threw exception; nested exception is java.lang.NullPointerException
	at it.univpm.advancedcode.cri.test.unit.Service.TestManutenzioneService.openContext(TestManutenzioneService.java:99)
Caused by: java.lang.NullPointerException

createAndUpdate  Time elapsed: 0.616 sec  <<< ERROR!
org.springframework.beans.factory.BeanCreationException: Error creating bean with name 'allegatoDao': Injection of resource dependencies failed; nested exception is org.springframework.beans.factory.BeanCreationException: Error creating bean with name 'sessionFactory' defined in it.univpm.advancedcode.cri.test.DataServiceConfigTest: Bean instantiation via factory method failed; nested exception is org.springframework.beans.BeanInstantiationException: Failed to instantiate [org.hibernate.SessionFactory]: Factory method 'sessionFactory' threw exception; nested exception is java.lang.NullPointerException
	at it.univpm.advancedcode.cri.test.unit.Service.TestManutenzioneService.openContext(TestManutenzioneService.java:99)
Caused by: org.springframework.beans.factory.BeanCreationException: Error creating bean with name 'sessionFactory' defined in it.univpm.advancedcode.cri.test.DataServiceConfigTest: Bean instantiation via factory method failed; nested exception is org.springframework.beans.BeanInstantiationException: Failed to instantiate [org.hibernate.SessionFactory]: Factory method 'sessionFactory' threw exception; nested exception is java.lang.NullPointerException
	at it.univpm.advancedcode.cri.test.unit.Service.TestManutenzioneService.openContext(TestManutenzioneService.java:99)
Caused by: org.springframework.beans.BeanInstantiationException: Failed to instantiate [org.hibernate.SessionFactory]: Factory method 'sessionFactory' threw exception; nested exception is java.lang.NullPointerException
	at it.univpm.advancedcode.cri.test.unit.Service.TestManutenzioneService.openContext(TestManutenzioneService.java:99)
Caused by: java.lang.NullPointerException

createAndFind  Time elapsed: 0.621 sec  <<< ERROR!
org.springframework.beans.factory.BeanCreationException: Error creating bean with name 'allegatoDao': Injection of resource dependencies failed; nested exception is org.springframework.beans.factory.BeanCreationException: Error creating bean with name 'sessionFactory' defined in it.univpm.advancedcode.cri.test.DataServiceConfigTest: Bean instantiation via factory method failed; nested exception is org.springframework.beans.BeanInstantiationException: Failed to instantiate [org.hibernate.SessionFactory]: Factory method 'sessionFactory' threw exception; nested exception is java.lang.NullPointerException
	at it.univpm.advancedcode.cri.test.unit.Service.TestManutenzioneService.openContext(TestManutenzioneService.java:99)
Caused by: org.springframework.beans.factory.BeanCreationException: Error creating bean with name 'sessionFactory' defined in it.univpm.advancedcode.cri.test.DataServiceConfigTest: Bean instantiation via factory method failed; nested exception is org.springframework.beans.BeanInstantiationException: Failed to instantiate [org.hibernate.SessionFactory]: Factory method 'sessionFactory' threw exception; nested exception is java.lang.NullPointerException
	at it.univpm.advancedcode.cri.test.unit.Service.TestManutenzioneService.openContext(TestManutenzioneService.java:99)
Caused by: org.springframework.beans.BeanInstantiationException: Failed to instantiate [org.hibernate.SessionFactory]: Factory method 'sessionFactory' threw exception; nested exception is java.lang.NullPointerException
	at it.univpm.advancedcode.cri.test.unit.Service.TestManutenzioneService.openContext(TestManutenzioneService.java:99)
Caused by: java.lang.NullPointerException

