-------------------------------------------------------------------------------
Test set: it.univpm.advancedcode.cri.test.unit.TestManutenzioneDao
-------------------------------------------------------------------------------
Tests run: 4, Failures: 0, Errors: 4, Skipped: 0, Time elapsed: 2.2 sec <<< FAILURE! - in it.univpm.advancedcode.cri.test.unit.TestManutenzioneDao
noManutenzioneAtBeginning  Time elapsed: 0.414 sec  <<< ERROR!
org.springframework.beans.factory.BeanCreationException: Error creating bean with name 'allegatoDao': Injection of resource dependencies failed; nested exception is org.springframework.beans.factory.BeanCreationException: Error creating bean with name 'sessionFactory' defined in it.univpm.advancedcode.cri.test.DataServiceConfigTest: Bean instantiation via factory method failed; nested exception is org.springframework.beans.BeanInstantiationException: Failed to instantiate [org.hibernate.SessionFactory]: Factory method 'sessionFactory' threw exception; nested exception is java.lang.NullPointerException
	at it.univpm.advancedcode.cri.test.unit.TestManutenzioneDao.noManutenzioneAtBeginning(TestManutenzioneDao.java:151)
Caused by: org.springframework.beans.factory.BeanCreationException: Error creating bean with name 'sessionFactory' defined in it.univpm.advancedcode.cri.test.DataServiceConfigTest: Bean instantiation via factory method failed; nested exception is org.springframework.beans.BeanInstantiationException: Failed to instantiate [org.hibernate.SessionFactory]: Factory method 'sessionFactory' threw exception; nested exception is java.lang.NullPointerException
	at it.univpm.advancedcode.cri.test.unit.TestManutenzioneDao.noManutenzioneAtBeginning(TestManutenzioneDao.java:151)
Caused by: org.springframework.beans.BeanInstantiationException: Failed to instantiate [org.hibernate.SessionFactory]: Factory method 'sessionFactory' threw exception; nested exception is java.lang.NullPointerException
	at it.univpm.advancedcode.cri.test.unit.TestManutenzioneDao.noManutenzioneAtBeginning(TestManutenzioneDao.java:151)
Caused by: java.lang.NullPointerException

createAndDelete  Time elapsed: 0.607 sec  <<< ERROR!
org.springframework.beans.factory.BeanCreationException: Error creating bean with name 'allegatoDao': Injection of resource dependencies failed; nested exception is org.springframework.beans.factory.BeanCreationException: Error creating bean with name 'sessionFactory' defined in it.univpm.advancedcode.cri.test.DataServiceConfigTest: Bean instantiation via factory method failed; nested exception is org.springframework.beans.BeanInstantiationException: Failed to instantiate [org.hibernate.SessionFactory]: Factory method 'sessionFactory' threw exception; nested exception is java.lang.NullPointerException
	at it.univpm.advancedcode.cri.test.unit.TestManutenzioneDao.createAndDelete(TestManutenzioneDao.java:33)
Caused by: org.springframework.beans.factory.BeanCreationException: Error creating bean with name 'sessionFactory' defined in it.univpm.advancedcode.cri.test.DataServiceConfigTest: Bean instantiation via factory method failed; nested exception is org.springframework.beans.BeanInstantiationException: Failed to instantiate [org.hibernate.SessionFactory]: Factory method 'sessionFactory' threw exception; nested exception is java.lang.NullPointerException
	at it.univpm.advancedcode.cri.test.unit.TestManutenzioneDao.createAndDelete(TestManutenzioneDao.java:33)
Caused by: org.springframework.beans.BeanInstantiationException: Failed to instantiate [org.hibernate.SessionFactory]: Factory method 'sessionFactory' threw exception; nested exception is java.lang.NullPointerException
	at it.univpm.advancedcode.cri.test.unit.TestManutenzioneDao.createAndDelete(TestManutenzioneDao.java:33)
Caused by: java.lang.NullPointerException

createAndUpdate  Time elapsed: 0.57 sec  <<< ERROR!
org.springframework.beans.factory.BeanCreationException: Error creating bean with name 'allegatoDao': Injection of resource dependencies failed; nested exception is org.springframework.beans.factory.BeanCreationException: Error creating bean with name 'sessionFactory' defined in it.univpm.advancedcode.cri.test.DataServiceConfigTest: Bean instantiation via factory method failed; nested exception is org.springframework.beans.BeanInstantiationException: Failed to instantiate [org.hibernate.SessionFactory]: Factory method 'sessionFactory' threw exception; nested exception is java.lang.NullPointerException
	at it.univpm.advancedcode.cri.test.unit.TestManutenzioneDao.createAndUpdate(TestManutenzioneDao.java:117)
Caused by: org.springframework.beans.factory.BeanCreationException: Error creating bean with name 'sessionFactory' defined in it.univpm.advancedcode.cri.test.DataServiceConfigTest: Bean instantiation via factory method failed; nested exception is org.springframework.beans.BeanInstantiationException: Failed to instantiate [org.hibernate.SessionFactory]: Factory method 'sessionFactory' threw exception; nested exception is java.lang.NullPointerException
	at it.univpm.advancedcode.cri.test.unit.TestManutenzioneDao.createAndUpdate(TestManutenzioneDao.java:117)
Caused by: org.springframework.beans.BeanInstantiationException: Failed to instantiate [org.hibernate.SessionFactory]: Factory method 'sessionFactory' threw exception; nested exception is java.lang.NullPointerException
	at it.univpm.advancedcode.cri.test.unit.TestManutenzioneDao.createAndUpdate(TestManutenzioneDao.java:117)
Caused by: java.lang.NullPointerException

createAndFind  Time elapsed: 0.609 sec  <<< ERROR!
org.springframework.beans.factory.BeanCreationException: Error creating bean with name 'allegatoDao': Injection of resource dependencies failed; nested exception is org.springframework.beans.factory.BeanCreationException: Error creating bean with name 'sessionFactory' defined in it.univpm.advancedcode.cri.test.DataServiceConfigTest: Bean instantiation via factory method failed; nested exception is org.springframework.beans.BeanInstantiationException: Failed to instantiate [org.hibernate.SessionFactory]: Factory method 'sessionFactory' threw exception; nested exception is java.lang.NullPointerException
	at it.univpm.advancedcode.cri.test.unit.TestManutenzioneDao.createAndFind(TestManutenzioneDao.java:79)
Caused by: org.springframework.beans.factory.BeanCreationException: Error creating bean with name 'sessionFactory' defined in it.univpm.advancedcode.cri.test.DataServiceConfigTest: Bean instantiation via factory method failed; nested exception is org.springframework.beans.BeanInstantiationException: Failed to instantiate [org.hibernate.SessionFactory]: Factory method 'sessionFactory' threw exception; nested exception is java.lang.NullPointerException
	at it.univpm.advancedcode.cri.test.unit.TestManutenzioneDao.createAndFind(TestManutenzioneDao.java:79)
Caused by: org.springframework.beans.BeanInstantiationException: Failed to instantiate [org.hibernate.SessionFactory]: Factory method 'sessionFactory' threw exception; nested exception is java.lang.NullPointerException
	at it.univpm.advancedcode.cri.test.unit.TestManutenzioneDao.createAndFind(TestManutenzioneDao.java:79)
Caused by: java.lang.NullPointerException

