<?xml version="1.0" encoding="UTF-8"?>
<testsuite xmlns:xsi="http://www.w3.org/2001/XMLSchema-instance" xsi:schemaLocation="https://maven.apache.org/surefire/maven-surefire-plugin/xsd/surefire-test-report.xsd" name="it.univpm.advancedcode.cri.test.unit.Service.TestUserService" time="1.495" tests="3" errors="3" skipped="0" failures="0">
  <properties>
[...]
</properties>
  <testcase name="createAndDelete" classname="it.univpm.advancedcode.cri.test.unit.Service.TestUserService" time="0.444">
    <error message="Error creating bean with name &apos;allegatoDao&apos;: Injection of resource dependencies failed; nested exception is org.springframework.beans.factory.BeanCreationException: Error creating bean with name &apos;sessionFactory&apos; defined in it.univpm.advancedcode.cri.test.DataServiceConfigTest: Bean instantiation via factory method failed; nested exception is org.springframework.beans.BeanInstantiationException: Failed to instantiate [org.hibernate.SessionFactory]: Factory method &apos;sessionFactory&apos; threw exception; nested exception is java.lang.NullPointerException" type="org.springframework.beans.factory.BeanCreationException">org.springframework.beans.factory.BeanCreationException: Error creating bean with name 'allegatoDao': Injection of resource dependencies failed; nested exception is org.springframework.beans.factory.BeanCreationException: Error creating bean with name 'sessionFactory' defined in it.univpm.advancedcode.cri.test.DataServiceConfigTest: Bean instantiation via factory method failed; nested exception is org.springframework.beans.BeanInstantiationException: Failed to instantiate [org.hibernate.SessionFactory]: Factory method 'sessionFactory' threw exception; nested exception is java.lang.NullPointerException
	at it.univpm.advancedcode.cri.test.unit.Service.TestUserService.openContext(TestUserService.java:21)
Caused by: org.springframework.beans.factory.BeanCreationException: Error creating bean with name 'sessionFactory' defined in it.univpm.advancedcode.cri.test.DataServiceConfigTest: Bean instantiation via factory method failed; nested exception is org.springframework.beans.BeanInstantiationException: Failed to instantiate [org.hibernate.SessionFactory]: Factory method 'sessionFactory' threw exception; nested exception is java.lang.NullPointerException
	at it.univpm.advancedcode.cri.test.unit.Service.TestUserService.openContext(TestUserService.java:21)
Caused by: org.springframework.beans.BeanInstantiationException: Failed to instantiate [org.hibernate.SessionFactory]: Factory method 'sessionFactory' threw exception; nested exception is java.lang.NullPointerException
	at it.univpm.advancedcode.cri.test.unit.Service.TestUserService.openContext(TestUserService.java:21)
Caused by: java.lang.NullPointerException
</error>
    <system-out><![CDATA[Hibernate: 
    
    alter table allegati 
       drop 
       foreign key FKc1wqcbvdvsx0ibm4eqxyxwjig
Hibernate: 
    
    alter table cars_users 
       drop 
       foreign key FK3qgs6wtv8j0e16il4eymxswvw
Hibernate: 
    
    alter table cars_users 
       drop 
       foreign key FK4wumhf4rlwks00uj9w4xd49ov
Hibernate: 
    
    alter table documentazioni 
       drop 
       foreign key FKgud7iwa39rnehda6v42ggou4i
Hibernate: 
    
    alter table documentazioni 
       drop 
       foreign key FKpu7bcuqdup6slbymygjle8o4x
Hibernate: 
    
    alter table files 
       drop 
       foreign key FKrlj0wf6u7wnjj7eehb34g7jja
Hibernate: 
    
    alter table links 
       drop 
       foreign key FKt7s7u2cvfn8xb0jv9qck1hvlx
Hibernate: 
    
    alter table manutenzioni 
       drop 
       foreign key FKievc87s73p1up8qqtb24fj751
Hibernate: 
    
    alter table prenotazioni 
       drop 
       foreign key FKmr8ps11ija508523b17qeyuv0
Hibernate: 
    
    alter table prenotazioni 
       drop 
       foreign key FKjnk17iyb6yys7xwkurgvjcva7
Hibernate: 
    
    drop table if exists allegati
Hibernate: 
    
    drop table if exists cars
Hibernate: 
    
    drop table if exists cars_users
Hibernate: 
    
    drop table if exists documentazioni
Hibernate: 
    
    drop table if exists files
Hibernate: 
    
    drop table if exists links
Hibernate: 
    
    drop table if exists manutenzioni
Hibernate: 
    
    drop table if exists prenotazioni
Hibernate: 
    
    drop table if exists users
Hibernate: 
    
    create table allegati (
       allegato_id bigint not null auto_increment,
        descrizione varchar(100) not null,
        documento_id bigint not null,
        primary key (allegato_id)
    ) engine=InnoDB
Hibernate: 
    
    create table cars (
       veicolo_id bigint not null auto_increment,
        alimentazione varchar(255) not null,
        destinazioneUso varchar(255) not null,
        marca varchar(255) not null,
        massa integer not null,
        modello varchar(255) not null,
        numeroAssi integer not null,
        numeroTelaio varchar(255) not null,
        targa varchar(7) not null,
        primary key (veicolo_id)
    ) engine=InnoDB
Hibernate: 
    
    create table cars_users (
       veicolo_id bigint not null,
        username varchar(20) not null,
        primary key (veicolo_id, username)
    ) engine=InnoDB
Hibernate: 
    
    create table documentazioni (
       documento_id bigint not null auto_increment,
        costo float not null,
        dataScadenza date not null,
        descrizione varchar(300) not null,
        titolo varchar(100) not null,
        username varchar(20),
        veicolo_id bigint,
        primary key (documento_id)
    ) engine=InnoDB
Hibernate: 
    
    create table files (
       nome varchar(100) not null,
        noDownloadable bit not null,
        allegato_id bigint not null,
        primary key (allegato_id)
    ) engine=InnoDB
Hibernate: 
    
    create table links (
       link varchar(300) not null,
        allegato_id bigint not null,
        primary key (allegato_id)
    ) engine=InnoDB
Hibernate: 
    
    create table manutenzioni (
       manutenzione_id bigint not null auto_increment,
        costoManutenzione float,
        tipoManutenzione varchar(255),
        veicolo_id bigint,
        primary key (manutenzione_id)
    ) engine=InnoDB
Hibernate: 
    
    create table prenotazioni (
       prenotazione_id bigint not null auto_increment,
        dataFine date,
        dataInizio date,
        descrizione varchar(255),
        oraFine time,
        oraInizio time,
        username varchar(20),
        veicolo_id bigint,
        primary key (prenotazione_id)
    ) engine=InnoDB
Hibernate: 
    
    create table users (
       username varchar(20) not null,
        firstname varchar(100) not null,
        imageProfile varchar(100),
        lastname varchar(100) not null,
        password varchar(100) not null,
        ruolo varchar(255) not null,
        primary key (username)
    ) engine=InnoDB
Hibernate: 
    
    alter table cars 
       add constraint UK_ipmnvajbtd4gjg4qhmagtqnrc unique (targa)
Hibernate: 
    
    alter table documentazioni 
       add constraint UK_b02526snngumlwqd47bu678kn unique (titolo)
Hibernate: 
    
    alter table files 
       add constraint UK_f3418aqnpup7nx93e9drml0uj unique (nome)
Hibernate: 
    
    alter table allegati 
       add constraint FKc1wqcbvdvsx0ibm4eqxyxwjig 
       foreign key (documento_id) 
       references documentazioni (documento_id)
Hibernate: 
    
    alter table cars_users 
       add constraint FK3qgs6wtv8j0e16il4eymxswvw 
       foreign key (username) 
       references users (username)
Hibernate: 
    
    alter table cars_users 
       add constraint FK4wumhf4rlwks00uj9w4xd49ov 
       foreign key (veicolo_id) 
       references cars (veicolo_id)
Hibernate: 
    
    alter table documentazioni 
       add constraint FKgud7iwa39rnehda6v42ggou4i 
       foreign key (username) 
       references users (username)
Hibernate: 
    
    alter table documentazioni 
       add constraint FKpu7bcuqdup6slbymygjle8o4x 
       foreign key (veicolo_id) 
       references cars (veicolo_id)
Hibernate: 
    
    alter table files 
       add constraint FKrlj0wf6u7wnjj7eehb34g7jja 
       foreign key (allegato_id) 
       references allegati (allegato_id)
Hibernate: 
    
    alter table links 
       add constraint FKt7s7u2cvfn8xb0jv9qck1hvlx 
       foreign key (allegato_id) 
       references allegati (allegato_id)
Hibernate: 
    
    alter table manutenzioni 
       add constraint FKievc87s73p1up8qqtb24fj751 
       foreign key (veicolo_id) 
       references cars (veicolo_id)
Hibernate: 
    
    alter table prenotazioni 
       add constraint FKmr8ps11ija508523b17qeyuv0 
       foreign key (username) 
       references users (username)
Hibernate: 
    
    alter table prenotazioni 
       add constraint FKjnk17iyb6yys7xwkurgvjcva7 
       foreign key (veicolo_id) 
       references cars (veicolo_id)
]]></system-out>
    <system-err><![CDATA[mar 30, 2021 5:41:57 PM org.hibernate.dialect.Dialect <init>
INFO: HHH000400: Using dialect: org.hibernate.dialect.MySQL57Dialect
mar 30, 2021 5:41:58 PM org.hibernate.engine.transaction.jta.platform.internal.JtaPlatformInitiator initiateService
INFO: HHH000490: Using JtaPlatform implementation: [org.hibernate.engine.transaction.jta.platform.internal.NoJtaPlatform]
[main] WARN org.springframework.context.annotation.AnnotationConfigApplicationContext - Exception encountered during context initialization - cancelling refresh attempt: org.springframework.beans.factory.BeanCreationException: Error creating bean with name 'allegatoDao': Injection of resource dependencies failed; nested exception is org.springframework.beans.factory.BeanCreationException: Error creating bean with name 'sessionFactory' defined in it.univpm.advancedcode.cri.test.DataServiceConfigTest: Bean instantiation via factory method failed; nested exception is org.springframework.beans.BeanInstantiationException: Failed to instantiate [org.hibernate.SessionFactory]: Factory method 'sessionFactory' threw exception; nested exception is java.lang.NullPointerException
]]></system-err>
  </testcase>
  <testcase name="testFindAll" classname="it.univpm.advancedcode.cri.test.unit.Service.TestUserService" time="0.561">
    <error message="Error creating bean with name &apos;allegatoDao&apos;: Injection of resource dependencies failed; nested exception is org.springframework.beans.factory.BeanCreationException: Error creating bean with name &apos;sessionFactory&apos; defined in it.univpm.advancedcode.cri.test.DataServiceConfigTest: Bean instantiation via factory method failed; nested exception is org.springframework.beans.BeanInstantiationException: Failed to instantiate [org.hibernate.SessionFactory]: Factory method &apos;sessionFactory&apos; threw exception; nested exception is java.lang.NullPointerException" type="org.springframework.beans.factory.BeanCreationException">org.springframework.beans.factory.BeanCreationException: Error creating bean with name 'allegatoDao': Injection of resource dependencies failed; nested exception is org.springframework.beans.factory.BeanCreationException: Error creating bean with name 'sessionFactory' defined in it.univpm.advancedcode.cri.test.DataServiceConfigTest: Bean instantiation via factory method failed; nested exception is org.springframework.beans.BeanInstantiationException: Failed to instantiate [org.hibernate.SessionFactory]: Factory method 'sessionFactory' threw exception; nested exception is java.lang.NullPointerException
	at it.univpm.advancedcode.cri.test.unit.Service.TestUserService.openContext(TestUserService.java:21)
Caused by: org.springframework.beans.factory.BeanCreationException: Error creating bean with name 'sessionFactory' defined in it.univpm.advancedcode.cri.test.DataServiceConfigTest: Bean instantiation via factory method failed; nested exception is org.springframework.beans.BeanInstantiationException: Failed to instantiate [org.hibernate.SessionFactory]: Factory method 'sessionFactory' threw exception; nested exception is java.lang.NullPointerException
	at it.univpm.advancedcode.cri.test.unit.Service.TestUserService.openContext(TestUserService.java:21)
Caused by: org.springframework.beans.BeanInstantiationException: Failed to instantiate [org.hibernate.SessionFactory]: Factory method 'sessionFactory' threw exception; nested exception is java.lang.NullPointerException
	at it.univpm.advancedcode.cri.test.unit.Service.TestUserService.openContext(TestUserService.java:21)
Caused by: java.lang.NullPointerException
</error>
    <system-out><![CDATA[Hibernate: 
    
    alter table allegati 
       drop 
       foreign key FKc1wqcbvdvsx0ibm4eqxyxwjig
Hibernate: 
    
    alter table cars_users 
       drop 
       foreign key FK3qgs6wtv8j0e16il4eymxswvw
Hibernate: 
    
    alter table cars_users 
       drop 
       foreign key FK4wumhf4rlwks00uj9w4xd49ov
Hibernate: 
    
    alter table documentazioni 
       drop 
       foreign key FKgud7iwa39rnehda6v42ggou4i
Hibernate: 
    
    alter table documentazioni 
       drop 
       foreign key FKpu7bcuqdup6slbymygjle8o4x
Hibernate: 
    
    alter table files 
       drop 
       foreign key FKrlj0wf6u7wnjj7eehb34g7jja
Hibernate: 
    
    alter table links 
       drop 
       foreign key FKt7s7u2cvfn8xb0jv9qck1hvlx
Hibernate: 
    
    alter table manutenzioni 
       drop 
       foreign key FKievc87s73p1up8qqtb24fj751
Hibernate: 
    
    alter table prenotazioni 
       drop 
       foreign key FKmr8ps11ija508523b17qeyuv0
Hibernate: 
    
    alter table prenotazioni 
       drop 
       foreign key FKjnk17iyb6yys7xwkurgvjcva7
Hibernate: 
    
    drop table if exists allegati
Hibernate: 
    
    drop table if exists cars
Hibernate: 
    
    drop table if exists cars_users
Hibernate: 
    
    drop table if exists documentazioni
Hibernate: 
    
    drop table if exists files
Hibernate: 
    
    drop table if exists links
Hibernate: 
    
    drop table if exists manutenzioni
Hibernate: 
    
    drop table if exists prenotazioni
Hibernate: 
    
    drop table if exists users
Hibernate: 
    
    create table allegati (
       allegato_id bigint not null auto_increment,
        descrizione varchar(100) not null,
        documento_id bigint not null,
        primary key (allegato_id)
    ) engine=InnoDB
Hibernate: 
    
    create table cars (
       veicolo_id bigint not null auto_increment,
        alimentazione varchar(255) not null,
        destinazioneUso varchar(255) not null,
        marca varchar(255) not null,
        massa integer not null,
        modello varchar(255) not null,
        numeroAssi integer not null,
        numeroTelaio varchar(255) not null,
        targa varchar(7) not null,
        primary key (veicolo_id)
    ) engine=InnoDB
Hibernate: 
    
    create table cars_users (
       veicolo_id bigint not null,
        username varchar(20) not null,
        primary key (veicolo_id, username)
    ) engine=InnoDB
Hibernate: 
    
    create table documentazioni (
       documento_id bigint not null auto_increment,
        costo float not null,
        dataScadenza date not null,
        descrizione varchar(300) not null,
        titolo varchar(100) not null,
        username varchar(20),
        veicolo_id bigint,
        primary key (documento_id)
    ) engine=InnoDB
Hibernate: 
    
    create table files (
       nome varchar(100) not null,
        noDownloadable bit not null,
        allegato_id bigint not null,
        primary key (allegato_id)
    ) engine=InnoDB
Hibernate: 
    
    create table links (
       link varchar(300) not null,
        allegato_id bigint not null,
        primary key (allegato_id)
    ) engine=InnoDB
Hibernate: 
    
    create table manutenzioni (
       manutenzione_id bigint not null auto_increment,
        costoManutenzione float,
        tipoManutenzione varchar(255),
        veicolo_id bigint,
        primary key (manutenzione_id)
    ) engine=InnoDB
Hibernate: 
    
    create table prenotazioni (
       prenotazione_id bigint not null auto_increment,
        dataFine date,
        dataInizio date,
        descrizione varchar(255),
        oraFine time,
        oraInizio time,
        username varchar(20),
        veicolo_id bigint,
        primary key (prenotazione_id)
    ) engine=InnoDB
Hibernate: 
    
    create table users (
       username varchar(20) not null,
        firstname varchar(100) not null,
        imageProfile varchar(100),
        lastname varchar(100) not null,
        password varchar(100) not null,
        ruolo varchar(255) not null,
        primary key (username)
    ) engine=InnoDB
Hibernate: 
    
    alter table cars 
       add constraint UK_ipmnvajbtd4gjg4qhmagtqnrc unique (targa)
Hibernate: 
    
    alter table documentazioni 
       add constraint UK_b02526snngumlwqd47bu678kn unique (titolo)
Hibernate: 
    
    alter table files 
       add constraint UK_f3418aqnpup7nx93e9drml0uj unique (nome)
Hibernate: 
    
    alter table allegati 
       add constraint FKc1wqcbvdvsx0ibm4eqxyxwjig 
       foreign key (documento_id) 
       references documentazioni (documento_id)
Hibernate: 
    
    alter table cars_users 
       add constraint FK3qgs6wtv8j0e16il4eymxswvw 
       foreign key (username) 
       references users (username)
Hibernate: 
    
    alter table cars_users 
       add constraint FK4wumhf4rlwks00uj9w4xd49ov 
       foreign key (veicolo_id) 
       references cars (veicolo_id)
Hibernate: 
    
    alter table documentazioni 
       add constraint FKgud7iwa39rnehda6v42ggou4i 
       foreign key (username) 
       references users (username)
Hibernate: 
    
    alter table documentazioni 
       add constraint FKpu7bcuqdup6slbymygjle8o4x 
       foreign key (veicolo_id) 
       references cars (veicolo_id)
Hibernate: 
    
    alter table files 
       add constraint FKrlj0wf6u7wnjj7eehb34g7jja 
       foreign key (allegato_id) 
       references allegati (allegato_id)
Hibernate: 
    
    alter table links 
       add constraint FKt7s7u2cvfn8xb0jv9qck1hvlx 
       foreign key (allegato_id) 
       references allegati (allegato_id)
Hibernate: 
    
    alter table manutenzioni 
       add constraint FKievc87s73p1up8qqtb24fj751 
       foreign key (veicolo_id) 
       references cars (veicolo_id)
Hibernate: 
    
    alter table prenotazioni 
       add constraint FKmr8ps11ija508523b17qeyuv0 
       foreign key (username) 
       references users (username)
Hibernate: 
    
    alter table prenotazioni 
       add constraint FKjnk17iyb6yys7xwkurgvjcva7 
       foreign key (veicolo_id) 
       references cars (veicolo_id)
]]></system-out>
    <system-err><![CDATA[mar 30, 2021 5:41:58 PM org.hibernate.dialect.Dialect <init>
INFO: HHH000400: Using dialect: org.hibernate.dialect.MySQL57Dialect
mar 30, 2021 5:41:58 PM org.hibernate.engine.transaction.jta.platform.internal.JtaPlatformInitiator initiateService
INFO: HHH000490: Using JtaPlatform implementation: [org.hibernate.engine.transaction.jta.platform.internal.NoJtaPlatform]
[main] WARN org.springframework.context.annotation.AnnotationConfigApplicationContext - Exception encountered during context initialization - cancelling refresh attempt: org.springframework.beans.factory.BeanCreationException: Error creating bean with name 'allegatoDao': Injection of resource dependencies failed; nested exception is org.springframework.beans.factory.BeanCreationException: Error creating bean with name 'sessionFactory' defined in it.univpm.advancedcode.cri.test.DataServiceConfigTest: Bean instantiation via factory method failed; nested exception is org.springframework.beans.BeanInstantiationException: Failed to instantiate [org.hibernate.SessionFactory]: Factory method 'sessionFactory' threw exception; nested exception is java.lang.NullPointerException
]]></system-err>
  </testcase>
  <testcase name="createAndUpdate" classname="it.univpm.advancedcode.cri.test.unit.Service.TestUserService" time="0.49">
    <error message="Error creating bean with name &apos;allegatoDao&apos;: Injection of resource dependencies failed; nested exception is org.springframework.beans.factory.BeanCreationException: Error creating bean with name &apos;sessionFactory&apos; defined in it.univpm.advancedcode.cri.test.DataServiceConfigTest: Bean instantiation via factory method failed; nested exception is org.springframework.beans.BeanInstantiationException: Failed to instantiate [org.hibernate.SessionFactory]: Factory method &apos;sessionFactory&apos; threw exception; nested exception is java.lang.NullPointerException" type="org.springframework.beans.factory.BeanCreationException">org.springframework.beans.factory.BeanCreationException: Error creating bean with name 'allegatoDao': Injection of resource dependencies failed; nested exception is org.springframework.beans.factory.BeanCreationException: Error creating bean with name 'sessionFactory' defined in it.univpm.advancedcode.cri.test.DataServiceConfigTest: Bean instantiation via factory method failed; nested exception is org.springframework.beans.BeanInstantiationException: Failed to instantiate [org.hibernate.SessionFactory]: Factory method 'sessionFactory' threw exception; nested exception is java.lang.NullPointerException
	at it.univpm.advancedcode.cri.test.unit.Service.TestUserService.openContext(TestUserService.java:21)
Caused by: org.springframework.beans.factory.BeanCreationException: Error creating bean with name 'sessionFactory' defined in it.univpm.advancedcode.cri.test.DataServiceConfigTest: Bean instantiation via factory method failed; nested exception is org.springframework.beans.BeanInstantiationException: Failed to instantiate [org.hibernate.SessionFactory]: Factory method 'sessionFactory' threw exception; nested exception is java.lang.NullPointerException
	at it.univpm.advancedcode.cri.test.unit.Service.TestUserService.openContext(TestUserService.java:21)
Caused by: org.springframework.beans.BeanInstantiationException: Failed to instantiate [org.hibernate.SessionFactory]: Factory method 'sessionFactory' threw exception; nested exception is java.lang.NullPointerException
	at it.univpm.advancedcode.cri.test.unit.Service.TestUserService.openContext(TestUserService.java:21)
Caused by: java.lang.NullPointerException
</error>
    <system-out><![CDATA[Hibernate: 
    
    alter table allegati 
       drop 
       foreign key FKc1wqcbvdvsx0ibm4eqxyxwjig
Hibernate: 
    
    alter table cars_users 
       drop 
       foreign key FK3qgs6wtv8j0e16il4eymxswvw
Hibernate: 
    
    alter table cars_users 
       drop 
       foreign key FK4wumhf4rlwks00uj9w4xd49ov
Hibernate: 
    
    alter table documentazioni 
       drop 
       foreign key FKgud7iwa39rnehda6v42ggou4i
Hibernate: 
    
    alter table documentazioni 
       drop 
       foreign key FKpu7bcuqdup6slbymygjle8o4x
Hibernate: 
    
    alter table files 
       drop 
       foreign key FKrlj0wf6u7wnjj7eehb34g7jja
Hibernate: 
    
    alter table links 
       drop 
       foreign key FKt7s7u2cvfn8xb0jv9qck1hvlx
Hibernate: 
    
    alter table manutenzioni 
       drop 
       foreign key FKievc87s73p1up8qqtb24fj751
Hibernate: 
    
    alter table prenotazioni 
       drop 
       foreign key FKmr8ps11ija508523b17qeyuv0
Hibernate: 
    
    alter table prenotazioni 
       drop 
       foreign key FKjnk17iyb6yys7xwkurgvjcva7
Hibernate: 
    
    drop table if exists allegati
Hibernate: 
    
    drop table if exists cars
Hibernate: 
    
    drop table if exists cars_users
Hibernate: 
    
    drop table if exists documentazioni
Hibernate: 
    
    drop table if exists files
Hibernate: 
    
    drop table if exists links
Hibernate: 
    
    drop table if exists manutenzioni
Hibernate: 
    
    drop table if exists prenotazioni
Hibernate: 
    
    drop table if exists users
Hibernate: 
    
    create table allegati (
       allegato_id bigint not null auto_increment,
        descrizione varchar(100) not null,
        documento_id bigint not null,
        primary key (allegato_id)
    ) engine=InnoDB
Hibernate: 
    
    create table cars (
       veicolo_id bigint not null auto_increment,
        alimentazione varchar(255) not null,
        destinazioneUso varchar(255) not null,
        marca varchar(255) not null,
        massa integer not null,
        modello varchar(255) not null,
        numeroAssi integer not null,
        numeroTelaio varchar(255) not null,
        targa varchar(7) not null,
        primary key (veicolo_id)
    ) engine=InnoDB
Hibernate: 
    
    create table cars_users (
       veicolo_id bigint not null,
        username varchar(20) not null,
        primary key (veicolo_id, username)
    ) engine=InnoDB
Hibernate: 
    
    create table documentazioni (
       documento_id bigint not null auto_increment,
        costo float not null,
        dataScadenza date not null,
        descrizione varchar(300) not null,
        titolo varchar(100) not null,
        username varchar(20),
        veicolo_id bigint,
        primary key (documento_id)
    ) engine=InnoDB
Hibernate: 
    
    create table files (
       nome varchar(100) not null,
        noDownloadable bit not null,
        allegato_id bigint not null,
        primary key (allegato_id)
    ) engine=InnoDB
Hibernate: 
    
    create table links (
       link varchar(300) not null,
        allegato_id bigint not null,
        primary key (allegato_id)
    ) engine=InnoDB
Hibernate: 
    
    create table manutenzioni (
       manutenzione_id bigint not null auto_increment,
        costoManutenzione float,
        tipoManutenzione varchar(255),
        veicolo_id bigint,
        primary key (manutenzione_id)
    ) engine=InnoDB
Hibernate: 
    
    create table prenotazioni (
       prenotazione_id bigint not null auto_increment,
        dataFine date,
        dataInizio date,
        descrizione varchar(255),
        oraFine time,
        oraInizio time,
        username varchar(20),
        veicolo_id bigint,
        primary key (prenotazione_id)
    ) engine=InnoDB
Hibernate: 
    
    create table users (
       username varchar(20) not null,
        firstname varchar(100) not null,
        imageProfile varchar(100),
        lastname varchar(100) not null,
        password varchar(100) not null,
        ruolo varchar(255) not null,
        primary key (username)
    ) engine=InnoDB
Hibernate: 
    
    alter table cars 
       add constraint UK_ipmnvajbtd4gjg4qhmagtqnrc unique (targa)
Hibernate: 
    
    alter table documentazioni 
       add constraint UK_b02526snngumlwqd47bu678kn unique (titolo)
Hibernate: 
    
    alter table files 
       add constraint UK_f3418aqnpup7nx93e9drml0uj unique (nome)
Hibernate: 
    
    alter table allegati 
       add constraint FKc1wqcbvdvsx0ibm4eqxyxwjig 
       foreign key (documento_id) 
       references documentazioni (documento_id)
Hibernate: 
    
    alter table cars_users 
       add constraint FK3qgs6wtv8j0e16il4eymxswvw 
       foreign key (username) 
       references users (username)
Hibernate: 
    
    alter table cars_users 
       add constraint FK4wumhf4rlwks00uj9w4xd49ov 
       foreign key (veicolo_id) 
       references cars (veicolo_id)
Hibernate: 
    
    alter table documentazioni 
       add constraint FKgud7iwa39rnehda6v42ggou4i 
       foreign key (username) 
       references users (username)
Hibernate: 
    
    alter table documentazioni 
       add constraint FKpu7bcuqdup6slbymygjle8o4x 
       foreign key (veicolo_id) 
       references cars (veicolo_id)
Hibernate: 
    
    alter table files 
       add constraint FKrlj0wf6u7wnjj7eehb34g7jja 
       foreign key (allegato_id) 
       references allegati (allegato_id)
Hibernate: 
    
    alter table links 
       add constraint FKt7s7u2cvfn8xb0jv9qck1hvlx 
       foreign key (allegato_id) 
       references allegati (allegato_id)
Hibernate: 
    
    alter table manutenzioni 
       add constraint FKievc87s73p1up8qqtb24fj751 
       foreign key (veicolo_id) 
       references cars (veicolo_id)
Hibernate: 
    
    alter table prenotazioni 
       add constraint FKmr8ps11ija508523b17qeyuv0 
       foreign key (username) 
       references users (username)
Hibernate: 
    
    alter table prenotazioni 
       add constraint FKjnk17iyb6yys7xwkurgvjcva7 
       foreign key (veicolo_id) 
       references cars (veicolo_id)
]]></system-out>
    <system-err><![CDATA[mar 30, 2021 5:41:58 PM org.hibernate.dialect.Dialect <init>
INFO: HHH000400: Using dialect: org.hibernate.dialect.MySQL57Dialect
mar 30, 2021 5:41:59 PM org.hibernate.engine.transaction.jta.platform.internal.JtaPlatformInitiator initiateService
INFO: HHH000490: Using JtaPlatform implementation: [org.hibernate.engine.transaction.jta.platform.internal.NoJtaPlatform]
[main] WARN org.springframework.context.annotation.AnnotationConfigApplicationContext - Exception encountered during context initialization - cancelling refresh attempt: org.springframework.beans.factory.BeanCreationException: Error creating bean with name 'allegatoDao': Injection of resource dependencies failed; nested exception is org.springframework.beans.factory.BeanCreationException: Error creating bean with name 'sessionFactory' defined in it.univpm.advancedcode.cri.test.DataServiceConfigTest: Bean instantiation via factory method failed; nested exception is org.springframework.beans.BeanInstantiationException: Failed to instantiate [org.hibernate.SessionFactory]: Factory method 'sessionFactory' threw exception; nested exception is java.lang.NullPointerException
]]></system-err>
  </testcase>
</testsuite>