<?xml version="1.0" encoding="UTF-8"?>
<testsuite xmlns:xsi="http://www.w3.org/2001/XMLSchema-instance" xsi:schemaLocation="https://maven.apache.org/surefire/maven-surefire-plugin/xsd/surefire-test-report.xsd" name="it.univpm.advancedcode.cri.test.unit.TestManutenzioneDao" time="1.839" tests="4" errors="4" skipped="0" failures="0">
  <properties>
[...]
</properties>
  <testcase name="noManutenzioneAtBeginning" classname="it.univpm.advancedcode.cri.test.unit.TestManutenzioneDao" time="0.334">
    <error message="Error creating bean with name &apos;allegatoDao&apos;: Injection of resource dependencies failed; nested exception is org.springframework.beans.factory.BeanCreationException: Error creating bean with name &apos;sessionFactory&apos; defined in it.univpm.advancedcode.cri.test.DataServiceConfigTest: Bean instantiation via factory method failed; nested exception is org.springframework.beans.BeanInstantiationException: Failed to instantiate [org.hibernate.SessionFactory]: Factory method &apos;sessionFactory&apos; threw exception; nested exception is java.lang.NullPointerException" type="org.springframework.beans.factory.BeanCreationException">org.springframework.beans.factory.BeanCreationException: Error creating bean with name 'allegatoDao': Injection of resource dependencies failed; nested exception is org.springframework.beans.factory.BeanCreationException: Error creating bean with name 'sessionFactory' defined in it.univpm.advancedcode.cri.test.DataServiceConfigTest: Bean instantiation via factory method failed; nested exception is org.springframework.beans.BeanInstantiationException: Failed to instantiate [org.hibernate.SessionFactory]: Factory method 'sessionFactory' threw exception; nested exception is java.lang.NullPointerException
	at it.univpm.advancedcode.cri.test.unit.TestManutenzioneDao.noManutenzioneAtBeginning(TestManutenzioneDao.java:145)
Caused by: org.springframework.beans.factory.BeanCreationException: Error creating bean with name 'sessionFactory' defined in it.univpm.advancedcode.cri.test.DataServiceConfigTest: Bean instantiation via factory method failed; nested exception is org.springframework.beans.BeanInstantiationException: Failed to instantiate [org.hibernate.SessionFactory]: Factory method 'sessionFactory' threw exception; nested exception is java.lang.NullPointerException
	at it.univpm.advancedcode.cri.test.unit.TestManutenzioneDao.noManutenzioneAtBeginning(TestManutenzioneDao.java:145)
Caused by: org.springframework.beans.BeanInstantiationException: Failed to instantiate [org.hibernate.SessionFactory]: Factory method 'sessionFactory' threw exception; nested exception is java.lang.NullPointerException
	at it.univpm.advancedcode.cri.test.unit.TestManutenzioneDao.noManutenzioneAtBeginning(TestManutenzioneDao.java:145)
Caused by: java.lang.NullPointerException
</error>
    <system-out><![CDATA[Hibernate: 
    
    alter table cars_users 
       drop 
       foreign key FKggomnulika159908lmn7ge4kh
Hibernate: 
    
    alter table cars_users 
       drop 
       foreign key FK1nkhcbr1dcu47h1iyj0ddpyct
Hibernate: 
    
    alter table documentazioni 
       drop 
       foreign key FKjg6nxhbxxvlcf5rxrh771peb3
Hibernate: 
    
    alter table documentazioni 
       drop 
       foreign key FKgud7iwa39rnehda6v42ggou4i
Hibernate: 
    
    alter table documentazioni 
       drop 
       foreign key FK1fwr6ky43xofjc9sc4aygnted
Hibernate: 
    
    alter table files 
       drop 
       foreign key FKrlj0wf6u7wnjj7eehb34g7jja
Hibernate: 
    
    alter table links 
       drop 
       foreign key FKt7s7u2cvfn8xb0jv9qck1hvlx
Hibernate: 
    
    alter table manutenzioni 
       drop 
       foreign key FK6xe371f6mj9d2r1hovbdsyxej
Hibernate: 
    
    alter table prenotazioni 
       drop 
       foreign key FKmr8ps11ija508523b17qeyuv0
Hibernate: 
    
    alter table prenotazioni 
       drop 
       foreign key FKn7qjp2eq59s5w50nk6abbc7gh
Hibernate: 
    
    alter table users 
       drop 
       foreign key FKpoou1csyotphsbao5a85ls7ey
Hibernate: 
    
    alter table users 
       drop 
       foreign key FK51tr00tuvwhf9reto9myfyue5
Hibernate: 
    
    drop table if exists allegati
Hibernate: 
    
    drop table if exists cars
Hibernate: 
    
    drop table if exists cars_users
Hibernate: 
    
    drop table if exists documentazioni
Hibernate: 
    
    drop table if exists files
Hibernate: 
    
    drop table if exists links
Hibernate: 
    
    drop table if exists manutenzioni
Hibernate: 
    
    drop table if exists prenotazioni
Hibernate: 
    
    drop table if exists users
Hibernate: 
    
    create table allegati (
       allegato_id bigint not null auto_increment,
        descrizione varchar(100) not null,
        primary key (allegato_id)
    ) engine=InnoDB
Hibernate: 
    
    create table cars (
       veicolo_id bigint not null auto_increment,
        alimentazione varchar(255) not null,
        destinazioneUso varchar(255) not null,
        marca varchar(255) not null,
        massa integer not null,
        modello varchar(255) not null,
        numeroAssi integer not null,
        numeroTelaio varchar(255) not null,
        targa varchar(7) not null,
        primary key (veicolo_id)
    ) engine=InnoDB
Hibernate: 
    
    create table cars_users (
       VEICOLO_ID bigint not null,
        USERNAME varchar(20) not null,
        primary key (VEICOLO_ID, USERNAME)
    ) engine=InnoDB
Hibernate: 
    
    create table documentazioni (
       documento_id bigint not null auto_increment,
        costo float not null,
        dataScadenza date not null,
        descrizione varchar(300) not null,
        titolo varchar(100) not null,
        allegato_id bigint,
        username varchar(20),
        documentazioneVeicolo bigint,
        primary key (documento_id)
    ) engine=InnoDB
Hibernate: 
    
    create table files (
       nome varchar(100) not null,
        noDownloadable bit not null,
        allegato_id bigint not null,
        primary key (allegato_id)
    ) engine=InnoDB
Hibernate: 
    
    create table links (
       link varchar(300) not null,
        allegato_id bigint not null,
        primary key (allegato_id)
    ) engine=InnoDB
Hibernate: 
    
    create table manutenzioni (
       manutenzione_id bigint not null auto_increment,
        costoManutenzione float,
        tipoManutenzione varchar(255),
        manutenzioneVeicolo bigint,
        primary key (manutenzione_id)
    ) engine=InnoDB
Hibernate: 
    
    create table prenotazioni (
       prenotazione_id bigint not null auto_increment,
        dataFine date,
        dataInizio date,
        descrizione varchar(255),
        oraFine time,
        oraInizio time,
        username varchar(20),
        prenotazioneVeicolo bigint,
        primary key (prenotazione_id)
    ) engine=InnoDB
Hibernate: 
    
    create table users (
       USERNAME varchar(20) not null,
        FIRSTNAME varchar(100) not null,
        IMAGE_PROFILE varchar(100),
        LASTNAME varchar(100) not null,
        PASSWORD varchar(100) not null,
        RUOLO varchar(255) not null,
        documentazione_documento_id bigint,
        prenotazione_prenotazione_id bigint,
        primary key (USERNAME)
    ) engine=InnoDB
Hibernate: 
    
    alter table cars 
       add constraint UK_ipmnvajbtd4gjg4qhmagtqnrc unique (targa)
Hibernate: 
    
    alter table documentazioni 
       add constraint UK_b02526snngumlwqd47bu678kn unique (titolo)
Hibernate: 
    
    alter table files 
       add constraint UK_f3418aqnpup7nx93e9drml0uj unique (nome)
Hibernate: 
    
    alter table cars_users 
       add constraint FKggomnulika159908lmn7ge4kh 
       foreign key (USERNAME) 
       references users (USERNAME)
Hibernate: 
    
    alter table cars_users 
       add constraint FK1nkhcbr1dcu47h1iyj0ddpyct 
       foreign key (VEICOLO_ID) 
       references cars (veicolo_id)
Hibernate: 
    
    alter table documentazioni 
       add constraint FKjg6nxhbxxvlcf5rxrh771peb3 
       foreign key (allegato_id) 
       references allegati (allegato_id)
Hibernate: 
    
    alter table documentazioni 
       add constraint FKgud7iwa39rnehda6v42ggou4i 
       foreign key (username) 
       references users (USERNAME)
Hibernate: 
    
    alter table documentazioni 
       add constraint FK1fwr6ky43xofjc9sc4aygnted 
       foreign key (documentazioneVeicolo) 
       references cars (veicolo_id)
Hibernate: 
    
    alter table files 
       add constraint FKrlj0wf6u7wnjj7eehb34g7jja 
       foreign key (allegato_id) 
       references allegati (allegato_id)
Hibernate: 
    
    alter table links 
       add constraint FKt7s7u2cvfn8xb0jv9qck1hvlx 
       foreign key (allegato_id) 
       references allegati (allegato_id)
Hibernate: 
    
    alter table manutenzioni 
       add constraint FK6xe371f6mj9d2r1hovbdsyxej 
       foreign key (manutenzioneVeicolo) 
       references cars (veicolo_id)
Hibernate: 
    
    alter table prenotazioni 
       add constraint FKmr8ps11ija508523b17qeyuv0 
       foreign key (username) 
       references users (USERNAME)
Hibernate: 
    
    alter table prenotazioni 
       add constraint FKn7qjp2eq59s5w50nk6abbc7gh 
       foreign key (prenotazioneVeicolo) 
       references cars (veicolo_id)
Hibernate: 
    
    alter table users 
       add constraint FKpoou1csyotphsbao5a85ls7ey 
       foreign key (documentazione_documento_id) 
       references documentazioni (documento_id)
Hibernate: 
    
    alter table users 
       add constraint FK51tr00tuvwhf9reto9myfyue5 
       foreign key (prenotazione_prenotazione_id) 
       references prenotazioni (prenotazione_id)
]]></system-out>
    <system-err><![CDATA[mar 20, 2021 2:27:35 AM org.hibernate.dialect.Dialect <init>
INFO: HHH000400: Using dialect: org.hibernate.dialect.MySQL57Dialect
mar 20, 2021 2:27:35 AM org.hibernate.engine.transaction.jta.platform.internal.JtaPlatformInitiator initiateService
INFO: HHH000490: Using JtaPlatform implementation: [org.hibernate.engine.transaction.jta.platform.internal.NoJtaPlatform]
[main] WARN org.springframework.context.annotation.AnnotationConfigApplicationContext - Exception encountered during context initialization - cancelling refresh attempt: org.springframework.beans.factory.BeanCreationException: Error creating bean with name 'allegatoDao': Injection of resource dependencies failed; nested exception is org.springframework.beans.factory.BeanCreationException: Error creating bean with name 'sessionFactory' defined in it.univpm.advancedcode.cri.test.DataServiceConfigTest: Bean instantiation via factory method failed; nested exception is org.springframework.beans.BeanInstantiationException: Failed to instantiate [org.hibernate.SessionFactory]: Factory method 'sessionFactory' threw exception; nested exception is java.lang.NullPointerException
]]></system-err>
  </testcase>
  <testcase name="createAndDelete" classname="it.univpm.advancedcode.cri.test.unit.TestManutenzioneDao" time="0.524">
    <error message="Error creating bean with name &apos;allegatoDao&apos;: Injection of resource dependencies failed; nested exception is org.springframework.beans.factory.BeanCreationException: Error creating bean with name &apos;sessionFactory&apos; defined in it.univpm.advancedcode.cri.test.DataServiceConfigTest: Bean instantiation via factory method failed; nested exception is org.springframework.beans.BeanInstantiationException: Failed to instantiate [org.hibernate.SessionFactory]: Factory method &apos;sessionFactory&apos; threw exception; nested exception is java.lang.NullPointerException" type="org.springframework.beans.factory.BeanCreationException">org.springframework.beans.factory.BeanCreationException: Error creating bean with name 'allegatoDao': Injection of resource dependencies failed; nested exception is org.springframework.beans.factory.BeanCreationException: Error creating bean with name 'sessionFactory' defined in it.univpm.advancedcode.cri.test.DataServiceConfigTest: Bean instantiation via factory method failed; nested exception is org.springframework.beans.BeanInstantiationException: Failed to instantiate [org.hibernate.SessionFactory]: Factory method 'sessionFactory' threw exception; nested exception is java.lang.NullPointerException
	at it.univpm.advancedcode.cri.test.unit.TestManutenzioneDao.createAndDelete(TestManutenzioneDao.java:33)
Caused by: org.springframework.beans.factory.BeanCreationException: Error creating bean with name 'sessionFactory' defined in it.univpm.advancedcode.cri.test.DataServiceConfigTest: Bean instantiation via factory method failed; nested exception is org.springframework.beans.BeanInstantiationException: Failed to instantiate [org.hibernate.SessionFactory]: Factory method 'sessionFactory' threw exception; nested exception is java.lang.NullPointerException
	at it.univpm.advancedcode.cri.test.unit.TestManutenzioneDao.createAndDelete(TestManutenzioneDao.java:33)
Caused by: org.springframework.beans.BeanInstantiationException: Failed to instantiate [org.hibernate.SessionFactory]: Factory method 'sessionFactory' threw exception; nested exception is java.lang.NullPointerException
	at it.univpm.advancedcode.cri.test.unit.TestManutenzioneDao.createAndDelete(TestManutenzioneDao.java:33)
Caused by: java.lang.NullPointerException
</error>
    <system-out><![CDATA[Hibernate: 
    
    alter table cars_users 
       drop 
       foreign key FKggomnulika159908lmn7ge4kh
Hibernate: 
    
    alter table cars_users 
       drop 
       foreign key FK1nkhcbr1dcu47h1iyj0ddpyct
Hibernate: 
    
    alter table documentazioni 
       drop 
       foreign key FKjg6nxhbxxvlcf5rxrh771peb3
Hibernate: 
    
    alter table documentazioni 
       drop 
       foreign key FKgud7iwa39rnehda6v42ggou4i
Hibernate: 
    
    alter table documentazioni 
       drop 
       foreign key FK1fwr6ky43xofjc9sc4aygnted
Hibernate: 
    
    alter table files 
       drop 
       foreign key FKrlj0wf6u7wnjj7eehb34g7jja
Hibernate: 
    
    alter table links 
       drop 
       foreign key FKt7s7u2cvfn8xb0jv9qck1hvlx
Hibernate: 
    
    alter table manutenzioni 
       drop 
       foreign key FK6xe371f6mj9d2r1hovbdsyxej
Hibernate: 
    
    alter table prenotazioni 
       drop 
       foreign key FKmr8ps11ija508523b17qeyuv0
Hibernate: 
    
    alter table prenotazioni 
       drop 
       foreign key FKn7qjp2eq59s5w50nk6abbc7gh
Hibernate: 
    
    alter table users 
       drop 
       foreign key FKpoou1csyotphsbao5a85ls7ey
Hibernate: 
    
    alter table users 
       drop 
       foreign key FK51tr00tuvwhf9reto9myfyue5
Hibernate: 
    
    drop table if exists allegati
Hibernate: 
    
    drop table if exists cars
Hibernate: 
    
    drop table if exists cars_users
Hibernate: 
    
    drop table if exists documentazioni
Hibernate: 
    
    drop table if exists files
Hibernate: 
    
    drop table if exists links
Hibernate: 
    
    drop table if exists manutenzioni
Hibernate: 
    
    drop table if exists prenotazioni
Hibernate: 
    
    drop table if exists users
Hibernate: 
    
    create table allegati (
       allegato_id bigint not null auto_increment,
        descrizione varchar(100) not null,
        primary key (allegato_id)
    ) engine=InnoDB
Hibernate: 
    
    create table cars (
       veicolo_id bigint not null auto_increment,
        alimentazione varchar(255) not null,
        destinazioneUso varchar(255) not null,
        marca varchar(255) not null,
        massa integer not null,
        modello varchar(255) not null,
        numeroAssi integer not null,
        numeroTelaio varchar(255) not null,
        targa varchar(7) not null,
        primary key (veicolo_id)
    ) engine=InnoDB
Hibernate: 
    
    create table cars_users (
       VEICOLO_ID bigint not null,
        USERNAME varchar(20) not null,
        primary key (VEICOLO_ID, USERNAME)
    ) engine=InnoDB
Hibernate: 
    
    create table documentazioni (
       documento_id bigint not null auto_increment,
        costo float not null,
        dataScadenza date not null,
        descrizione varchar(300) not null,
        titolo varchar(100) not null,
        allegato_id bigint,
        username varchar(20),
        documentazioneVeicolo bigint,
        primary key (documento_id)
    ) engine=InnoDB
Hibernate: 
    
    create table files (
       nome varchar(100) not null,
        noDownloadable bit not null,
        allegato_id bigint not null,
        primary key (allegato_id)
    ) engine=InnoDB
Hibernate: 
    
    create table links (
       link varchar(300) not null,
        allegato_id bigint not null,
        primary key (allegato_id)
    ) engine=InnoDB
Hibernate: 
    
    create table manutenzioni (
       manutenzione_id bigint not null auto_increment,
        costoManutenzione float,
        tipoManutenzione varchar(255),
        manutenzioneVeicolo bigint,
        primary key (manutenzione_id)
    ) engine=InnoDB
Hibernate: 
    
    create table prenotazioni (
       prenotazione_id bigint not null auto_increment,
        dataFine date,
        dataInizio date,
        descrizione varchar(255),
        oraFine time,
        oraInizio time,
        username varchar(20),
        prenotazioneVeicolo bigint,
        primary key (prenotazione_id)
    ) engine=InnoDB
Hibernate: 
    
    create table users (
       USERNAME varchar(20) not null,
        FIRSTNAME varchar(100) not null,
        IMAGE_PROFILE varchar(100),
        LASTNAME varchar(100) not null,
        PASSWORD varchar(100) not null,
        RUOLO varchar(255) not null,
        documentazione_documento_id bigint,
        prenotazione_prenotazione_id bigint,
        primary key (USERNAME)
    ) engine=InnoDB
Hibernate: 
    
    alter table cars 
       add constraint UK_ipmnvajbtd4gjg4qhmagtqnrc unique (targa)
Hibernate: 
    
    alter table documentazioni 
       add constraint UK_b02526snngumlwqd47bu678kn unique (titolo)
Hibernate: 
    
    alter table files 
       add constraint UK_f3418aqnpup7nx93e9drml0uj unique (nome)
Hibernate: 
    
    alter table cars_users 
       add constraint FKggomnulika159908lmn7ge4kh 
       foreign key (USERNAME) 
       references users (USERNAME)
Hibernate: 
    
    alter table cars_users 
       add constraint FK1nkhcbr1dcu47h1iyj0ddpyct 
       foreign key (VEICOLO_ID) 
       references cars (veicolo_id)
Hibernate: 
    
    alter table documentazioni 
       add constraint FKjg6nxhbxxvlcf5rxrh771peb3 
       foreign key (allegato_id) 
       references allegati (allegato_id)
Hibernate: 
    
    alter table documentazioni 
       add constraint FKgud7iwa39rnehda6v42ggou4i 
       foreign key (username) 
       references users (USERNAME)
Hibernate: 
    
    alter table documentazioni 
       add constraint FK1fwr6ky43xofjc9sc4aygnted 
       foreign key (documentazioneVeicolo) 
       references cars (veicolo_id)
Hibernate: 
    
    alter table files 
       add constraint FKrlj0wf6u7wnjj7eehb34g7jja 
       foreign key (allegato_id) 
       references allegati (allegato_id)
Hibernate: 
    
    alter table links 
       add constraint FKt7s7u2cvfn8xb0jv9qck1hvlx 
       foreign key (allegato_id) 
       references allegati (allegato_id)
Hibernate: 
    
    alter table manutenzioni 
       add constraint FK6xe371f6mj9d2r1hovbdsyxej 
       foreign key (manutenzioneVeicolo) 
       references cars (veicolo_id)
Hibernate: 
    
    alter table prenotazioni 
       add constraint FKmr8ps11ija508523b17qeyuv0 
       foreign key (username) 
       references users (USERNAME)
Hibernate: 
    
    alter table prenotazioni 
       add constraint FKn7qjp2eq59s5w50nk6abbc7gh 
       foreign key (prenotazioneVeicolo) 
       references cars (veicolo_id)
Hibernate: 
    
    alter table users 
       add constraint FKpoou1csyotphsbao5a85ls7ey 
       foreign key (documentazione_documento_id) 
       references documentazioni (documento_id)
Hibernate: 
    
    alter table users 
       add constraint FK51tr00tuvwhf9reto9myfyue5 
       foreign key (prenotazione_prenotazione_id) 
       references prenotazioni (prenotazione_id)
]]></system-out>
    <system-err><![CDATA[mar 20, 2021 2:27:35 AM org.hibernate.dialect.Dialect <init>
INFO: HHH000400: Using dialect: org.hibernate.dialect.MySQL57Dialect
mar 20, 2021 2:27:36 AM org.hibernate.engine.transaction.jta.platform.internal.JtaPlatformInitiator initiateService
INFO: HHH000490: Using JtaPlatform implementation: [org.hibernate.engine.transaction.jta.platform.internal.NoJtaPlatform]
[main] WARN org.springframework.context.annotation.AnnotationConfigApplicationContext - Exception encountered during context initialization - cancelling refresh attempt: org.springframework.beans.factory.BeanCreationException: Error creating bean with name 'allegatoDao': Injection of resource dependencies failed; nested exception is org.springframework.beans.factory.BeanCreationException: Error creating bean with name 'sessionFactory' defined in it.univpm.advancedcode.cri.test.DataServiceConfigTest: Bean instantiation via factory method failed; nested exception is org.springframework.beans.BeanInstantiationException: Failed to instantiate [org.hibernate.SessionFactory]: Factory method 'sessionFactory' threw exception; nested exception is java.lang.NullPointerException
]]></system-err>
  </testcase>
  <testcase name="createAndUpdate" classname="it.univpm.advancedcode.cri.test.unit.TestManutenzioneDao" time="0.475">
    <error message="Error creating bean with name &apos;allegatoDao&apos;: Injection of resource dependencies failed; nested exception is org.springframework.beans.factory.BeanCreationException: Error creating bean with name &apos;sessionFactory&apos; defined in it.univpm.advancedcode.cri.test.DataServiceConfigTest: Bean instantiation via factory method failed; nested exception is org.springframework.beans.BeanInstantiationException: Failed to instantiate [org.hibernate.SessionFactory]: Factory method &apos;sessionFactory&apos; threw exception; nested exception is java.lang.NullPointerException" type="org.springframework.beans.factory.BeanCreationException">org.springframework.beans.factory.BeanCreationException: Error creating bean with name 'allegatoDao': Injection of resource dependencies failed; nested exception is org.springframework.beans.factory.BeanCreationException: Error creating bean with name 'sessionFactory' defined in it.univpm.advancedcode.cri.test.DataServiceConfigTest: Bean instantiation via factory method failed; nested exception is org.springframework.beans.BeanInstantiationException: Failed to instantiate [org.hibernate.SessionFactory]: Factory method 'sessionFactory' threw exception; nested exception is java.lang.NullPointerException
	at it.univpm.advancedcode.cri.test.unit.TestManutenzioneDao.createAndUpdate(TestManutenzioneDao.java:113)
Caused by: org.springframework.beans.factory.BeanCreationException: Error creating bean with name 'sessionFactory' defined in it.univpm.advancedcode.cri.test.DataServiceConfigTest: Bean instantiation via factory method failed; nested exception is org.springframework.beans.BeanInstantiationException: Failed to instantiate [org.hibernate.SessionFactory]: Factory method 'sessionFactory' threw exception; nested exception is java.lang.NullPointerException
	at it.univpm.advancedcode.cri.test.unit.TestManutenzioneDao.createAndUpdate(TestManutenzioneDao.java:113)
Caused by: org.springframework.beans.BeanInstantiationException: Failed to instantiate [org.hibernate.SessionFactory]: Factory method 'sessionFactory' threw exception; nested exception is java.lang.NullPointerException
	at it.univpm.advancedcode.cri.test.unit.TestManutenzioneDao.createAndUpdate(TestManutenzioneDao.java:113)
Caused by: java.lang.NullPointerException
</error>
    <system-out><![CDATA[Hibernate: 
    
    alter table cars_users 
       drop 
       foreign key FKggomnulika159908lmn7ge4kh
Hibernate: 
    
    alter table cars_users 
       drop 
       foreign key FK1nkhcbr1dcu47h1iyj0ddpyct
Hibernate: 
    
    alter table documentazioni 
       drop 
       foreign key FKjg6nxhbxxvlcf5rxrh771peb3
Hibernate: 
    
    alter table documentazioni 
       drop 
       foreign key FKgud7iwa39rnehda6v42ggou4i
Hibernate: 
    
    alter table documentazioni 
       drop 
       foreign key FK1fwr6ky43xofjc9sc4aygnted
Hibernate: 
    
    alter table files 
       drop 
       foreign key FKrlj0wf6u7wnjj7eehb34g7jja
Hibernate: 
    
    alter table links 
       drop 
       foreign key FKt7s7u2cvfn8xb0jv9qck1hvlx
Hibernate: 
    
    alter table manutenzioni 
       drop 
       foreign key FK6xe371f6mj9d2r1hovbdsyxej
Hibernate: 
    
    alter table prenotazioni 
       drop 
       foreign key FKmr8ps11ija508523b17qeyuv0
Hibernate: 
    
    alter table prenotazioni 
       drop 
       foreign key FKn7qjp2eq59s5w50nk6abbc7gh
Hibernate: 
    
    alter table users 
       drop 
       foreign key FKpoou1csyotphsbao5a85ls7ey
Hibernate: 
    
    alter table users 
       drop 
       foreign key FK51tr00tuvwhf9reto9myfyue5
Hibernate: 
    
    drop table if exists allegati
Hibernate: 
    
    drop table if exists cars
Hibernate: 
    
    drop table if exists cars_users
Hibernate: 
    
    drop table if exists documentazioni
Hibernate: 
    
    drop table if exists files
Hibernate: 
    
    drop table if exists links
Hibernate: 
    
    drop table if exists manutenzioni
Hibernate: 
    
    drop table if exists prenotazioni
Hibernate: 
    
    drop table if exists users
Hibernate: 
    
    create table allegati (
       allegato_id bigint not null auto_increment,
        descrizione varchar(100) not null,
        primary key (allegato_id)
    ) engine=InnoDB
Hibernate: 
    
    create table cars (
       veicolo_id bigint not null auto_increment,
        alimentazione varchar(255) not null,
        destinazioneUso varchar(255) not null,
        marca varchar(255) not null,
        massa integer not null,
        modello varchar(255) not null,
        numeroAssi integer not null,
        numeroTelaio varchar(255) not null,
        targa varchar(7) not null,
        primary key (veicolo_id)
    ) engine=InnoDB
Hibernate: 
    
    create table cars_users (
       VEICOLO_ID bigint not null,
        USERNAME varchar(20) not null,
        primary key (VEICOLO_ID, USERNAME)
    ) engine=InnoDB
Hibernate: 
    
    create table documentazioni (
       documento_id bigint not null auto_increment,
        costo float not null,
        dataScadenza date not null,
        descrizione varchar(300) not null,
        titolo varchar(100) not null,
        allegato_id bigint,
        username varchar(20),
        documentazioneVeicolo bigint,
        primary key (documento_id)
    ) engine=InnoDB
Hibernate: 
    
    create table files (
       nome varchar(100) not null,
        noDownloadable bit not null,
        allegato_id bigint not null,
        primary key (allegato_id)
    ) engine=InnoDB
Hibernate: 
    
    create table links (
       link varchar(300) not null,
        allegato_id bigint not null,
        primary key (allegato_id)
    ) engine=InnoDB
Hibernate: 
    
    create table manutenzioni (
       manutenzione_id bigint not null auto_increment,
        costoManutenzione float,
        tipoManutenzione varchar(255),
        manutenzioneVeicolo bigint,
        primary key (manutenzione_id)
    ) engine=InnoDB
Hibernate: 
    
    create table prenotazioni (
       prenotazione_id bigint not null auto_increment,
        dataFine date,
        dataInizio date,
        descrizione varchar(255),
        oraFine time,
        oraInizio time,
        username varchar(20),
        prenotazioneVeicolo bigint,
        primary key (prenotazione_id)
    ) engine=InnoDB
Hibernate: 
    
    create table users (
       USERNAME varchar(20) not null,
        FIRSTNAME varchar(100) not null,
        IMAGE_PROFILE varchar(100),
        LASTNAME varchar(100) not null,
        PASSWORD varchar(100) not null,
        RUOLO varchar(255) not null,
        documentazione_documento_id bigint,
        prenotazione_prenotazione_id bigint,
        primary key (USERNAME)
    ) engine=InnoDB
Hibernate: 
    
    alter table cars 
       add constraint UK_ipmnvajbtd4gjg4qhmagtqnrc unique (targa)
Hibernate: 
    
    alter table documentazioni 
       add constraint UK_b02526snngumlwqd47bu678kn unique (titolo)
Hibernate: 
    
    alter table files 
       add constraint UK_f3418aqnpup7nx93e9drml0uj unique (nome)
Hibernate: 
    
    alter table cars_users 
       add constraint FKggomnulika159908lmn7ge4kh 
       foreign key (USERNAME) 
       references users (USERNAME)
Hibernate: 
    
    alter table cars_users 
       add constraint FK1nkhcbr1dcu47h1iyj0ddpyct 
       foreign key (VEICOLO_ID) 
       references cars (veicolo_id)
Hibernate: 
    
    alter table documentazioni 
       add constraint FKjg6nxhbxxvlcf5rxrh771peb3 
       foreign key (allegato_id) 
       references allegati (allegato_id)
Hibernate: 
    
    alter table documentazioni 
       add constraint FKgud7iwa39rnehda6v42ggou4i 
       foreign key (username) 
       references users (USERNAME)
Hibernate: 
    
    alter table documentazioni 
       add constraint FK1fwr6ky43xofjc9sc4aygnted 
       foreign key (documentazioneVeicolo) 
       references cars (veicolo_id)
Hibernate: 
    
    alter table files 
       add constraint FKrlj0wf6u7wnjj7eehb34g7jja 
       foreign key (allegato_id) 
       references allegati (allegato_id)
Hibernate: 
    
    alter table links 
       add constraint FKt7s7u2cvfn8xb0jv9qck1hvlx 
       foreign key (allegato_id) 
       references allegati (allegato_id)
Hibernate: 
    
    alter table manutenzioni 
       add constraint FK6xe371f6mj9d2r1hovbdsyxej 
       foreign key (manutenzioneVeicolo) 
       references cars (veicolo_id)
Hibernate: 
    
    alter table prenotazioni 
       add constraint FKmr8ps11ija508523b17qeyuv0 
       foreign key (username) 
       references users (USERNAME)
Hibernate: 
    
    alter table prenotazioni 
       add constraint FKn7qjp2eq59s5w50nk6abbc7gh 
       foreign key (prenotazioneVeicolo) 
       references cars (veicolo_id)
Hibernate: 
    
    alter table users 
       add constraint FKpoou1csyotphsbao5a85ls7ey 
       foreign key (documentazione_documento_id) 
       references documentazioni (documento_id)
Hibernate: 
    
    alter table users 
       add constraint FK51tr00tuvwhf9reto9myfyue5 
       foreign key (prenotazione_prenotazione_id) 
       references prenotazioni (prenotazione_id)
]]></system-out>
    <system-err><![CDATA[mar 20, 2021 2:27:36 AM org.hibernate.dialect.Dialect <init>
INFO: HHH000400: Using dialect: org.hibernate.dialect.MySQL57Dialect
mar 20, 2021 2:27:36 AM org.hibernate.engine.transaction.jta.platform.internal.JtaPlatformInitiator initiateService
INFO: HHH000490: Using JtaPlatform implementation: [org.hibernate.engine.transaction.jta.platform.internal.NoJtaPlatform]
[main] WARN org.springframework.context.annotation.AnnotationConfigApplicationContext - Exception encountered during context initialization - cancelling refresh attempt: org.springframework.beans.factory.BeanCreationException: Error creating bean with name 'allegatoDao': Injection of resource dependencies failed; nested exception is org.springframework.beans.factory.BeanCreationException: Error creating bean with name 'sessionFactory' defined in it.univpm.advancedcode.cri.test.DataServiceConfigTest: Bean instantiation via factory method failed; nested exception is org.springframework.beans.BeanInstantiationException: Failed to instantiate [org.hibernate.SessionFactory]: Factory method 'sessionFactory' threw exception; nested exception is java.lang.NullPointerException
]]></system-err>
  </testcase>
  <testcase name="createAndFind" classname="it.univpm.advancedcode.cri.test.unit.TestManutenzioneDao" time="0.505">
    <error message="Error creating bean with name &apos;allegatoDao&apos;: Injection of resource dependencies failed; nested exception is org.springframework.beans.factory.BeanCreationException: Error creating bean with name &apos;sessionFactory&apos; defined in it.univpm.advancedcode.cri.test.DataServiceConfigTest: Bean instantiation via factory method failed; nested exception is org.springframework.beans.BeanInstantiationException: Failed to instantiate [org.hibernate.SessionFactory]: Factory method &apos;sessionFactory&apos; threw exception; nested exception is java.lang.NullPointerException" type="org.springframework.beans.factory.BeanCreationException">org.springframework.beans.factory.BeanCreationException: Error creating bean with name 'allegatoDao': Injection of resource dependencies failed; nested exception is org.springframework.beans.factory.BeanCreationException: Error creating bean with name 'sessionFactory' defined in it.univpm.advancedcode.cri.test.DataServiceConfigTest: Bean instantiation via factory method failed; nested exception is org.springframework.beans.BeanInstantiationException: Failed to instantiate [org.hibernate.SessionFactory]: Factory method 'sessionFactory' threw exception; nested exception is java.lang.NullPointerException
	at it.univpm.advancedcode.cri.test.unit.TestManutenzioneDao.createAndFind(TestManutenzioneDao.java:76)
Caused by: org.springframework.beans.factory.BeanCreationException: Error creating bean with name 'sessionFactory' defined in it.univpm.advancedcode.cri.test.DataServiceConfigTest: Bean instantiation via factory method failed; nested exception is org.springframework.beans.BeanInstantiationException: Failed to instantiate [org.hibernate.SessionFactory]: Factory method 'sessionFactory' threw exception; nested exception is java.lang.NullPointerException
	at it.univpm.advancedcode.cri.test.unit.TestManutenzioneDao.createAndFind(TestManutenzioneDao.java:76)
Caused by: org.springframework.beans.BeanInstantiationException: Failed to instantiate [org.hibernate.SessionFactory]: Factory method 'sessionFactory' threw exception; nested exception is java.lang.NullPointerException
	at it.univpm.advancedcode.cri.test.unit.TestManutenzioneDao.createAndFind(TestManutenzioneDao.java:76)
Caused by: java.lang.NullPointerException
</error>
    <system-out><![CDATA[Hibernate: 
    
    alter table cars_users 
       drop 
       foreign key FKggomnulika159908lmn7ge4kh
Hibernate: 
    
    alter table cars_users 
       drop 
       foreign key FK1nkhcbr1dcu47h1iyj0ddpyct
Hibernate: 
    
    alter table documentazioni 
       drop 
       foreign key FKjg6nxhbxxvlcf5rxrh771peb3
Hibernate: 
    
    alter table documentazioni 
       drop 
       foreign key FKgud7iwa39rnehda6v42ggou4i
Hibernate: 
    
    alter table documentazioni 
       drop 
       foreign key FK1fwr6ky43xofjc9sc4aygnted
Hibernate: 
    
    alter table files 
       drop 
       foreign key FKrlj0wf6u7wnjj7eehb34g7jja
Hibernate: 
    
    alter table links 
       drop 
       foreign key FKt7s7u2cvfn8xb0jv9qck1hvlx
Hibernate: 
    
    alter table manutenzioni 
       drop 
       foreign key FK6xe371f6mj9d2r1hovbdsyxej
Hibernate: 
    
    alter table prenotazioni 
       drop 
       foreign key FKmr8ps11ija508523b17qeyuv0
Hibernate: 
    
    alter table prenotazioni 
       drop 
       foreign key FKn7qjp2eq59s5w50nk6abbc7gh
Hibernate: 
    
    alter table users 
       drop 
       foreign key FKpoou1csyotphsbao5a85ls7ey
Hibernate: 
    
    alter table users 
       drop 
       foreign key FK51tr00tuvwhf9reto9myfyue5
Hibernate: 
    
    drop table if exists allegati
Hibernate: 
    
    drop table if exists cars
Hibernate: 
    
    drop table if exists cars_users
Hibernate: 
    
    drop table if exists documentazioni
Hibernate: 
    
    drop table if exists files
Hibernate: 
    
    drop table if exists links
Hibernate: 
    
    drop table if exists manutenzioni
Hibernate: 
    
    drop table if exists prenotazioni
Hibernate: 
    
    drop table if exists users
Hibernate: 
    
    create table allegati (
       allegato_id bigint not null auto_increment,
        descrizione varchar(100) not null,
        primary key (allegato_id)
    ) engine=InnoDB
Hibernate: 
    
    create table cars (
       veicolo_id bigint not null auto_increment,
        alimentazione varchar(255) not null,
        destinazioneUso varchar(255) not null,
        marca varchar(255) not null,
        massa integer not null,
        modello varchar(255) not null,
        numeroAssi integer not null,
        numeroTelaio varchar(255) not null,
        targa varchar(7) not null,
        primary key (veicolo_id)
    ) engine=InnoDB
Hibernate: 
    
    create table cars_users (
       VEICOLO_ID bigint not null,
        USERNAME varchar(20) not null,
        primary key (VEICOLO_ID, USERNAME)
    ) engine=InnoDB
Hibernate: 
    
    create table documentazioni (
       documento_id bigint not null auto_increment,
        costo float not null,
        dataScadenza date not null,
        descrizione varchar(300) not null,
        titolo varchar(100) not null,
        allegato_id bigint,
        username varchar(20),
        documentazioneVeicolo bigint,
        primary key (documento_id)
    ) engine=InnoDB
Hibernate: 
    
    create table files (
       nome varchar(100) not null,
        noDownloadable bit not null,
        allegato_id bigint not null,
        primary key (allegato_id)
    ) engine=InnoDB
Hibernate: 
    
    create table links (
       link varchar(300) not null,
        allegato_id bigint not null,
        primary key (allegato_id)
    ) engine=InnoDB
Hibernate: 
    
    create table manutenzioni (
       manutenzione_id bigint not null auto_increment,
        costoManutenzione float,
        tipoManutenzione varchar(255),
        manutenzioneVeicolo bigint,
        primary key (manutenzione_id)
    ) engine=InnoDB
Hibernate: 
    
    create table prenotazioni (
       prenotazione_id bigint not null auto_increment,
        dataFine date,
        dataInizio date,
        descrizione varchar(255),
        oraFine time,
        oraInizio time,
        username varchar(20),
        prenotazioneVeicolo bigint,
        primary key (prenotazione_id)
    ) engine=InnoDB
Hibernate: 
    
    create table users (
       USERNAME varchar(20) not null,
        FIRSTNAME varchar(100) not null,
        IMAGE_PROFILE varchar(100),
        LASTNAME varchar(100) not null,
        PASSWORD varchar(100) not null,
        RUOLO varchar(255) not null,
        documentazione_documento_id bigint,
        prenotazione_prenotazione_id bigint,
        primary key (USERNAME)
    ) engine=InnoDB
Hibernate: 
    
    alter table cars 
       add constraint UK_ipmnvajbtd4gjg4qhmagtqnrc unique (targa)
Hibernate: 
    
    alter table documentazioni 
       add constraint UK_b02526snngumlwqd47bu678kn unique (titolo)
Hibernate: 
    
    alter table files 
       add constraint UK_f3418aqnpup7nx93e9drml0uj unique (nome)
Hibernate: 
    
    alter table cars_users 
       add constraint FKggomnulika159908lmn7ge4kh 
       foreign key (USERNAME) 
       references users (USERNAME)
Hibernate: 
    
    alter table cars_users 
       add constraint FK1nkhcbr1dcu47h1iyj0ddpyct 
       foreign key (VEICOLO_ID) 
       references cars (veicolo_id)
Hibernate: 
    
    alter table documentazioni 
       add constraint FKjg6nxhbxxvlcf5rxrh771peb3 
       foreign key (allegato_id) 
       references allegati (allegato_id)
Hibernate: 
    
    alter table documentazioni 
       add constraint FKgud7iwa39rnehda6v42ggou4i 
       foreign key (username) 
       references users (USERNAME)
Hibernate: 
    
    alter table documentazioni 
       add constraint FK1fwr6ky43xofjc9sc4aygnted 
       foreign key (documentazioneVeicolo) 
       references cars (veicolo_id)
Hibernate: 
    
    alter table files 
       add constraint FKrlj0wf6u7wnjj7eehb34g7jja 
       foreign key (allegato_id) 
       references allegati (allegato_id)
Hibernate: 
    
    alter table links 
       add constraint FKt7s7u2cvfn8xb0jv9qck1hvlx 
       foreign key (allegato_id) 
       references allegati (allegato_id)
Hibernate: 
    
    alter table manutenzioni 
       add constraint FK6xe371f6mj9d2r1hovbdsyxej 
       foreign key (manutenzioneVeicolo) 
       references cars (veicolo_id)
Hibernate: 
    
    alter table prenotazioni 
       add constraint FKmr8ps11ija508523b17qeyuv0 
       foreign key (username) 
       references users (USERNAME)
Hibernate: 
    
    alter table prenotazioni 
       add constraint FKn7qjp2eq59s5w50nk6abbc7gh 
       foreign key (prenotazioneVeicolo) 
       references cars (veicolo_id)
Hibernate: 
    
    alter table users 
       add constraint FKpoou1csyotphsbao5a85ls7ey 
       foreign key (documentazione_documento_id) 
       references documentazioni (documento_id)
Hibernate: 
    
    alter table users 
       add constraint FK51tr00tuvwhf9reto9myfyue5 
       foreign key (prenotazione_prenotazione_id) 
       references prenotazioni (prenotazione_id)
]]></system-out>
    <system-err><![CDATA[mar 20, 2021 2:27:36 AM org.hibernate.dialect.Dialect <init>
INFO: HHH000400: Using dialect: org.hibernate.dialect.MySQL57Dialect
mar 20, 2021 2:27:37 AM org.hibernate.engine.transaction.jta.platform.internal.JtaPlatformInitiator initiateService
INFO: HHH000490: Using JtaPlatform implementation: [org.hibernate.engine.transaction.jta.platform.internal.NoJtaPlatform]
[main] WARN org.springframework.context.annotation.AnnotationConfigApplicationContext - Exception encountered during context initialization - cancelling refresh attempt: org.springframework.beans.factory.BeanCreationException: Error creating bean with name 'allegatoDao': Injection of resource dependencies failed; nested exception is org.springframework.beans.factory.BeanCreationException: Error creating bean with name 'sessionFactory' defined in it.univpm.advancedcode.cri.test.DataServiceConfigTest: Bean instantiation via factory method failed; nested exception is org.springframework.beans.BeanInstantiationException: Failed to instantiate [org.hibernate.SessionFactory]: Factory method 'sessionFactory' threw exception; nested exception is java.lang.NullPointerException
]]></system-err>
  </testcase>
</testsuite>