<?xml version="1.0" encoding="UTF-8"?>
<testsuite xmlns:xsi="http://www.w3.org/2001/XMLSchema-instance" xsi:schemaLocation="https://maven.apache.org/surefire/maven-surefire-plugin/xsd/surefire-test-report.xsd" name="it.univpm.advancedcode.cri.test.unit.TestDocumentazioneDao" time="4.735" tests="4" errors="4" skipped="0" failures="0">
  <properties>
[...]
</properties>
  <testcase name="findDocumentoById" classname="it.univpm.advancedcode.cri.test.unit.TestDocumentazioneDao" time="2.39">
    <error message="Error creating bean with name &apos;allegatoDao&apos;: Injection of resource dependencies failed; nested exception is org.springframework.beans.factory.BeanCreationException: Error creating bean with name &apos;sessionFactory&apos; defined in it.univpm.advancedcode.cri.test.DataServiceConfigTest: Bean instantiation via factory method failed; nested exception is org.springframework.beans.BeanInstantiationException: Failed to instantiate [org.hibernate.SessionFactory]: Factory method &apos;sessionFactory&apos; threw exception; nested exception is java.lang.NullPointerException: Cannot read field &quot;value&quot; because &quot;s1&quot; is null" type="org.springframework.beans.factory.BeanCreationException">org.springframework.beans.factory.BeanCreationException: Error creating bean with name 'allegatoDao': Injection of resource dependencies failed; nested exception is org.springframework.beans.factory.BeanCreationException: Error creating bean with name 'sessionFactory' defined in it.univpm.advancedcode.cri.test.DataServiceConfigTest: Bean instantiation via factory method failed; nested exception is org.springframework.beans.BeanInstantiationException: Failed to instantiate [org.hibernate.SessionFactory]: Factory method 'sessionFactory' threw exception; nested exception is java.lang.NullPointerException: Cannot read field "value" because "s1" is null
	at it.univpm.advancedcode.cri.test.unit.TestDocumentazioneDao.findDocumentoById(TestDocumentazioneDao.java:78)
Caused by: org.springframework.beans.factory.BeanCreationException: Error creating bean with name 'sessionFactory' defined in it.univpm.advancedcode.cri.test.DataServiceConfigTest: Bean instantiation via factory method failed; nested exception is org.springframework.beans.BeanInstantiationException: Failed to instantiate [org.hibernate.SessionFactory]: Factory method 'sessionFactory' threw exception; nested exception is java.lang.NullPointerException: Cannot read field "value" because "s1" is null
	at it.univpm.advancedcode.cri.test.unit.TestDocumentazioneDao.findDocumentoById(TestDocumentazioneDao.java:78)
Caused by: org.springframework.beans.BeanInstantiationException: Failed to instantiate [org.hibernate.SessionFactory]: Factory method 'sessionFactory' threw exception; nested exception is java.lang.NullPointerException: Cannot read field "value" because "s1" is null
	at it.univpm.advancedcode.cri.test.unit.TestDocumentazioneDao.findDocumentoById(TestDocumentazioneDao.java:78)
Caused by: java.lang.NullPointerException: Cannot read field "value" because "s1" is null
	at it.univpm.advancedcode.cri.test.unit.TestDocumentazioneDao.findDocumentoById(TestDocumentazioneDao.java:78)
</error>
    <system-out><![CDATA[Hibernate: 
    
    alter table allegati 
       drop 
       foreign key FKc1wqcbvdvsx0ibm4eqxyxwjig
Hibernate: 
    
    alter table cars_users 
       drop 
       foreign key FK3qgs6wtv8j0e16il4eymxswvw
Hibernate: 
    
    alter table cars_users 
       drop 
       foreign key FK4wumhf4rlwks00uj9w4xd49ov
Hibernate: 
    
    alter table documentazioni 
       drop 
       foreign key FKgud7iwa39rnehda6v42ggou4i
Hibernate: 
    
    alter table documentazioni 
       drop 
       foreign key FK1ao046ru696b761061qc7x93y
Hibernate: 
    
    alter table documentazioni 
       drop 
       foreign key FKlb6lp2avjgp936h63n32qp5o8
Hibernate: 
    
    alter table files 
       drop 
       foreign key FKrlj0wf6u7wnjj7eehb34g7jja
Hibernate: 
    
    alter table links 
       drop 
       foreign key FKt7s7u2cvfn8xb0jv9qck1hvlx
Hibernate: 
    
    alter table manutenzioni 
       drop 
       foreign key FK6xe371f6mj9d2r1hovbdsyxej
Hibernate: 
    
    alter table prenotazioni 
       drop 
       foreign key FKmr8ps11ija508523b17qeyuv0
Hibernate: 
    
    alter table prenotazioni 
       drop 
       foreign key FKn7qjp2eq59s5w50nk6abbc7gh
Hibernate: 
    
    alter table users 
       drop 
       foreign key FKpoou1csyotphsbao5a85ls7ey
Hibernate: 
    
    alter table users 
       drop 
       foreign key FK51tr00tuvwhf9reto9myfyue5
Hibernate: 
    
    drop table if exists allegati
Hibernate: 
    
    drop table if exists cars
Hibernate: 
    
    drop table if exists cars_users
Hibernate: 
    
    drop table if exists documentazioni
Hibernate: 
    
    drop table if exists files
Hibernate: 
    
    drop table if exists links
Hibernate: 
    
    drop table if exists manutenzioni
Hibernate: 
    
    drop table if exists prenotazioni
Hibernate: 
    
    drop table if exists users
Hibernate: 
    
    create table allegati (
       allegato_id bigint not null,
        descrizione varchar(100) not null,
        documento_id bigint not null,
        primary key (allegato_id)
    ) engine=InnoDB
Hibernate: 
    
    create table cars (
       veicolo_id bigint not null auto_increment,
        alimentazione varchar(255) not null,
        destinazioneUso varchar(255) not null,
        marca varchar(255) not null,
        massa integer not null,
        modello varchar(255) not null,
        numeroAssi integer not null,
        numeroTelaio varchar(255) not null,
        targa varchar(7) not null,
        primary key (veicolo_id)
    ) engine=InnoDB
Hibernate: 
    
    create table cars_users (
       veicolo_id bigint not null,
        username varchar(20) not null,
        primary key (veicolo_id, username)
    ) engine=InnoDB
Hibernate: 
    
    create table documentazioni (
       documento_id bigint not null auto_increment,
        costo float not null,
        dataScadenza date not null,
        descrizione varchar(300) not null,
        titolo varchar(100) not null,
        username varchar(20),
        car_veicolo_id bigint,
        primary key (documento_id)
    ) engine=InnoDB
Hibernate: 
    
    create table files (
       nome varchar(100) not null,
        noDownloadable bit not null,
        allegato_id bigint not null,
        primary key (allegato_id)
    ) engine=InnoDB
Hibernate: 
    
    create table links (
       link varchar(300) not null,
        allegato_id bigint not null,
        primary key (allegato_id)
    ) engine=InnoDB
Hibernate: 
    
    create table manutenzioni (
       manutenzione_id bigint not null auto_increment,
        costoManutenzione float,
        tipoManutenzione varchar(255),
        manutenzioneVeicolo bigint,
        primary key (manutenzione_id)
    ) engine=InnoDB
Hibernate: 
    
    create table prenotazioni (
       prenotazione_id bigint not null auto_increment,
        dataFine date,
        dataInizio date,
        descrizione varchar(255),
        oraFine time,
        oraInizio time,
        username varchar(20),
        prenotazioneVeicolo bigint,
        primary key (prenotazione_id)
    ) engine=InnoDB
Hibernate: 
    
    create table users (
       username varchar(20) not null,
        firstname varchar(100) not null,
        imageProfile varchar(100),
        lastname varchar(100) not null,
        password varchar(100) not null,
        ruolo varchar(255) not null,
        documentazione_documento_id bigint,
        prenotazione_prenotazione_id bigint,
        primary key (username)
    ) engine=InnoDB
Hibernate: 
    
    alter table cars 
       add constraint UK_ipmnvajbtd4gjg4qhmagtqnrc unique (targa)
Hibernate: 
    
    alter table documentazioni 
       add constraint UK_b02526snngumlwqd47bu678kn unique (titolo)
Hibernate: 
    
    alter table files 
       add constraint UK_f3418aqnpup7nx93e9drml0uj unique (nome)
Hibernate: 
    
    alter table allegati 
       add constraint FKc1wqcbvdvsx0ibm4eqxyxwjig 
       foreign key (documento_id) 
       references documentazioni (documento_id)
Hibernate: 
    
    alter table cars_users 
       add constraint FK3qgs6wtv8j0e16il4eymxswvw 
       foreign key (username) 
       references users (username)
Hibernate: 
    
    alter table cars_users 
       add constraint FK4wumhf4rlwks00uj9w4xd49ov 
       foreign key (veicolo_id) 
       references cars (veicolo_id)
Hibernate: 
    
    alter table documentazioni 
       add constraint FKgud7iwa39rnehda6v42ggou4i 
       foreign key (username) 
       references users (username)
Hibernate: 
    
    alter table documentazioni 
       add constraint FK1ao046ru696b761061qc7x93y 
       foreign key (car_veicolo_id) 
       references cars (veicolo_id)
Hibernate: 
    
    alter table documentazioni 
       add constraint FKlb6lp2avjgp936h63n32qp5o8 
       foreign key (documento_id) 
       references cars (veicolo_id)
Hibernate: 
    
    alter table files 
       add constraint FKrlj0wf6u7wnjj7eehb34g7jja 
       foreign key (allegato_id) 
       references allegati (allegato_id)
Hibernate: 
    
    alter table links 
       add constraint FKt7s7u2cvfn8xb0jv9qck1hvlx 
       foreign key (allegato_id) 
       references allegati (allegato_id)
Hibernate: 
    
    alter table manutenzioni 
       add constraint FK6xe371f6mj9d2r1hovbdsyxej 
       foreign key (manutenzioneVeicolo) 
       references cars (veicolo_id)
Hibernate: 
    
    alter table prenotazioni 
       add constraint FKmr8ps11ija508523b17qeyuv0 
       foreign key (username) 
       references users (username)
Hibernate: 
    
    alter table prenotazioni 
       add constraint FKn7qjp2eq59s5w50nk6abbc7gh 
       foreign key (prenotazioneVeicolo) 
       references cars (veicolo_id)
Hibernate: 
    
    alter table users 
       add constraint FKpoou1csyotphsbao5a85ls7ey 
       foreign key (documentazione_documento_id) 
       references documentazioni (documento_id)
Hibernate: 
    
    alter table users 
       add constraint FK51tr00tuvwhf9reto9myfyue5 
       foreign key (prenotazione_prenotazione_id) 
       references prenotazioni (prenotazione_id)
]]></system-out>
    <system-err><![CDATA[mar 20, 2021 11:35:06 PM org.hibernate.Version logVersion
INFO: HHH000412: Hibernate ORM core version 5.4.22.Final
mar 20, 2021 11:35:06 PM org.hibernate.annotations.common.reflection.java.JavaReflectionManager <clinit>
INFO: HCANN000001: Hibernate Commons Annotations {5.1.0.Final}
mar 20, 2021 11:35:06 PM org.hibernate.dialect.Dialect <init>
INFO: HHH000400: Using dialect: org.hibernate.dialect.MySQL57Dialect
mar 20, 2021 11:35:07 PM org.hibernate.tool.schema.internal.ExceptionHandlerLoggedImpl handleException
WARN: GenerationTarget encountered exception accepting command : Error executing DDL "
    alter table allegati 
       drop 
       foreign key FKc1wqcbvdvsx0ibm4eqxyxwjig" via JDBC Statement
org.hibernate.tool.schema.spi.CommandAcceptanceException: Error executing DDL "
    alter table allegati 
       drop 
       foreign key FKc1wqcbvdvsx0ibm4eqxyxwjig" via JDBC Statement
	at org.hibernate.tool.schema.internal.exec.GenerationTargetToDatabase.accept(GenerationTargetToDatabase.java:67)
	at org.hibernate.tool.schema.internal.SchemaDropperImpl.applySqlString(SchemaDropperImpl.java:375)
	at org.hibernate.tool.schema.internal.SchemaDropperImpl.applySqlStrings(SchemaDropperImpl.java:359)
	at org.hibernate.tool.schema.internal.SchemaDropperImpl.applyConstraintDropping(SchemaDropperImpl.java:331)
	at org.hibernate.tool.schema.internal.SchemaDropperImpl.dropFromMetadata(SchemaDropperImpl.java:230)
	at org.hibernate.tool.schema.internal.SchemaDropperImpl.performDrop(SchemaDropperImpl.java:154)
	at org.hibernate.tool.schema.internal.SchemaDropperImpl.doDrop(SchemaDropperImpl.java:126)
	at org.hibernate.tool.schema.internal.SchemaDropperImpl.doDrop(SchemaDropperImpl.java:112)
	at org.hibernate.tool.schema.spi.SchemaManagementToolCoordinator.performDatabaseAction(SchemaManagementToolCoordinator.java:145)
	at org.hibernate.tool.schema.spi.SchemaManagementToolCoordinator.process(SchemaManagementToolCoordinator.java:73)
	at org.hibernate.internal.SessionFactoryImpl.<init>(SessionFactoryImpl.java:316)
	at org.hibernate.boot.internal.SessionFactoryBuilderImpl.build(SessionFactoryBuilderImpl.java:469)
	at org.hibernate.cfg.Configuration.buildSessionFactory(Configuration.java:708)
	at org.hibernate.cfg.Configuration.buildSessionFactory(Configuration.java:724)
	at org.springframework.orm.hibernate5.LocalSessionFactoryBean.buildSessionFactory(LocalSessionFactoryBean.java:616)
	at org.springframework.orm.hibernate5.LocalSessionFactoryBean.afterPropertiesSet(LocalSessionFactoryBean.java:600)
	at it.univpm.advancedcode.cri.app.DataServiceConfig.sessionFactory(DataServiceConfig.java:80)
	at it.univpm.advancedcode.cri.test.DataServiceConfigTest$$EnhancerBySpringCGLIB$$a007d04a.CGLIB$sessionFactory$1(<generated>)
	at it.univpm.advancedcode.cri.test.DataServiceConfigTest$$EnhancerBySpringCGLIB$$a007d04a$$FastClassBySpringCGLIB$$fdae191a.invoke(<generated>)
	at org.springframework.cglib.proxy.MethodProxy.invokeSuper(MethodProxy.java:244)
	at org.springframework.context.annotation.ConfigurationClassEnhancer$BeanMethodInterceptor.intercept(ConfigurationClassEnhancer.java:331)
	at it.univpm.advancedcode.cri.test.DataServiceConfigTest$$EnhancerBySpringCGLIB$$a007d04a.sessionFactory(<generated>)
	at java.base/jdk.internal.reflect.NativeMethodAccessorImpl.invoke0(Native Method)
	at java.base/jdk.internal.reflect.NativeMethodAccessorImpl.invoke(NativeMethodAccessorImpl.java:64)
	at java.base/jdk.internal.reflect.DelegatingMethodAccessorImpl.invoke(DelegatingMethodAccessorImpl.java:43)
	at java.base/java.lang.reflect.Method.invoke(Method.java:564)
	at org.springframework.beans.factory.support.SimpleInstantiationStrategy.instantiate(SimpleInstantiationStrategy.java:154)
	at org.springframework.beans.factory.support.ConstructorResolver.instantiate(ConstructorResolver.java:650)
	at org.springframework.beans.factory.support.ConstructorResolver.instantiateUsingFactoryMethod(ConstructorResolver.java:635)
	at org.springframework.beans.factory.support.AbstractAutowireCapableBeanFactory.instantiateUsingFactoryMethod(AbstractAutowireCapableBeanFactory.java:1336)
	at org.springframework.beans.factory.support.AbstractAutowireCapableBeanFactory.createBeanInstance(AbstractAutowireCapableBeanFactory.java:1176)
	at org.springframework.beans.factory.support.AbstractAutowireCapableBeanFactory.doCreateBean(AbstractAutowireCapableBeanFactory.java:556)
	at org.springframework.beans.factory.support.AbstractAutowireCapableBeanFactory.createBean(AbstractAutowireCapableBeanFactory.java:516)
	at org.springframework.beans.factory.support.AbstractBeanFactory.lambda$doGetBean$0(AbstractBeanFactory.java:324)
	at org.springframework.beans.factory.support.DefaultSingletonBeanRegistry.getSingleton(DefaultSingletonBeanRegistry.java:234)
	at org.springframework.beans.factory.support.AbstractBeanFactory.doGetBean(AbstractBeanFactory.java:322)
	at org.springframework.beans.factory.support.AbstractBeanFactory.getBean(AbstractBeanFactory.java:207)
	at org.springframework.beans.factory.support.AbstractAutowireCapableBeanFactory.resolveBeanByName(AbstractAutowireCapableBeanFactory.java:453)
	at org.springframework.context.annotation.CommonAnnotationBeanPostProcessor.autowireResource(CommonAnnotationBeanPostProcessor.java:527)
	at org.springframework.context.annotation.CommonAnnotationBeanPostProcessor.getResource(CommonAnnotationBeanPostProcessor.java:497)
	at org.springframework.context.annotation.CommonAnnotationBeanPostProcessor$ResourceElement.getResourceToInject(CommonAnnotationBeanPostProcessor.java:650)
	at org.springframework.beans.factory.annotation.InjectionMetadata$InjectedElement.inject(InjectionMetadata.java:248)
	at org.springframework.beans.factory.annotation.InjectionMetadata.inject(InjectionMetadata.java:130)
	at org.springframework.context.annotation.CommonAnnotationBeanPostProcessor.postProcessProperties(CommonAnnotationBeanPostProcessor.java:318)
	at org.springframework.beans.factory.support.AbstractAutowireCapableBeanFactory.populateBean(AbstractAutowireCapableBeanFactory.java:1420)
	at org.springframework.beans.factory.support.AbstractAutowireCapableBeanFactory.doCreateBean(AbstractAutowireCapableBeanFactory.java:593)
	at org.springframework.beans.factory.support.AbstractAutowireCapableBeanFactory.createBean(AbstractAutowireCapableBeanFactory.java:516)
	at org.springframework.beans.factory.support.AbstractBeanFactory.lambda$doGetBean$0(AbstractBeanFactory.java:324)
	at org.springframework.beans.factory.support.DefaultSingletonBeanRegistry.getSingleton(DefaultSingletonBeanRegistry.java:234)
	at org.springframework.beans.factory.support.AbstractBeanFactory.doGetBean(AbstractBeanFactory.java:322)
	at org.springframework.beans.factory.support.AbstractBeanFactory.getBean(AbstractBeanFactory.java:202)
	at org.springframework.beans.factory.support.DefaultListableBeanFactory.preInstantiateSingletons(DefaultListableBeanFactory.java:897)
	at org.springframework.context.support.AbstractApplicationContext.finishBeanFactoryInitialization(AbstractApplicationContext.java:879)
	at org.springframework.context.support.AbstractApplicationContext.refresh(AbstractApplicationContext.java:551)
	at org.springframework.context.annotation.AnnotationConfigApplicationContext.<init>(AnnotationConfigApplicationContext.java:89)
	at it.univpm.advancedcode.cri.test.unit.TestDocumentazioneDao.findDocumentoById(TestDocumentazioneDao.java:78)
	at java.base/jdk.internal.reflect.NativeMethodAccessorImpl.invoke0(Native Method)
	at java.base/jdk.internal.reflect.NativeMethodAccessorImpl.invoke(NativeMethodAccessorImpl.java:64)
	at java.base/jdk.internal.reflect.DelegatingMethodAccessorImpl.invoke(DelegatingMethodAccessorImpl.java:43)
	at java.base/java.lang.reflect.Method.invoke(Method.java:564)
	at org.junit.platform.commons.util.ReflectionUtils.invokeMethod(ReflectionUtils.java:675)
	at org.junit.jupiter.engine.execution.MethodInvocation.proceed(MethodInvocation.java:60)
	at org.junit.jupiter.engine.execution.InvocationInterceptorChain$ValidatingInvocation.proceed(InvocationInterceptorChain.java:125)
	at org.junit.jupiter.engine.extension.TimeoutExtension.intercept(TimeoutExtension.java:132)
	at org.junit.jupiter.engine.extension.TimeoutExtension.interceptTestableMethod(TimeoutExtension.java:124)
	at org.junit.jupiter.engine.extension.TimeoutExtension.interceptTestMethod(TimeoutExtension.java:74)
	at org.junit.jupiter.engine.execution.ExecutableInvoker$ReflectiveInterceptorCall.lambda$ofVoidMethod$0(ExecutableInvoker.java:115)
	at org.junit.jupiter.engine.execution.ExecutableInvoker.lambda$invoke$0(ExecutableInvoker.java:105)
	at org.junit.jupiter.engine.execution.InvocationInterceptorChain$InterceptedInvocation.proceed(InvocationInterceptorChain.java:104)
	at org.junit.jupiter.engine.execution.InvocationInterceptorChain.proceed(InvocationInterceptorChain.java:62)
	at org.junit.jupiter.engine.execution.InvocationInterceptorChain.chainAndInvoke(InvocationInterceptorChain.java:43)
	at org.junit.jupiter.engine.execution.InvocationInterceptorChain.invoke(InvocationInterceptorChain.java:35)
	at org.junit.jupiter.engine.execution.ExecutableInvoker.invoke(ExecutableInvoker.java:104)
	at org.junit.jupiter.engine.execution.ExecutableInvoker.invoke(ExecutableInvoker.java:98)
	at org.junit.jupiter.engine.descriptor.TestMethodTestDescriptor.lambda$invokeTestMethod$6(TestMethodTestDescriptor.java:202)
	at org.junit.platform.engine.support.hierarchical.ThrowableCollector.execute(ThrowableCollector.java:73)
	at org.junit.jupiter.engine.descriptor.TestMethodTestDescriptor.invokeTestMethod(TestMethodTestDescriptor.java:198)
	at org.junit.jupiter.engine.descriptor.TestMethodTestDescriptor.execute(TestMethodTestDescriptor.java:135)
	at org.junit.jupiter.engine.descriptor.TestMethodTestDescriptor.execute(TestMethodTestDescriptor.java:69)
	at org.junit.platform.engine.support.hierarchical.NodeTestTask.lambda$executeRecursively$5(NodeTestTask.java:135)
	at org.junit.platform.engine.support.hierarchical.ThrowableCollector.execute(ThrowableCollector.java:73)
	at org.junit.platform.engine.support.hierarchical.NodeTestTask.lambda$executeRecursively$7(NodeTestTask.java:125)
	at org.junit.platform.engine.support.hierarchical.Node.around(Node.java:135)
	at org.junit.platform.engine.support.hierarchical.NodeTestTask.lambda$executeRecursively$8(NodeTestTask.java:123)
	at org.junit.platform.engine.support.hierarchical.ThrowableCollector.execute(ThrowableCollector.java:73)
	at org.junit.platform.engine.support.hierarchical.NodeTestTask.executeRecursively(NodeTestTask.java:122)
	at org.junit.platform.engine.support.hierarchical.NodeTestTask.execute(NodeTestTask.java:80)
	at java.base/java.util.ArrayList.forEach(ArrayList.java:1511)
	at org.junit.platform.engine.support.hierarchical.SameThreadHierarchicalTestExecutorService.invokeAll(SameThreadHierarchicalTestExecutorService.java:38)
	at org.junit.platform.engine.support.hierarchical.NodeTestTask.lambda$executeRecursively$5(NodeTestTask.java:139)
	at org.junit.platform.engine.support.hierarchical.ThrowableCollector.execute(ThrowableCollector.java:73)
	at org.junit.platform.engine.support.hierarchical.NodeTestTask.lambda$executeRecursively$7(NodeTestTask.java:125)
	at org.junit.platform.engine.support.hierarchical.Node.around(Node.java:135)
	at org.junit.platform.engine.support.hierarchical.NodeTestTask.lambda$executeRecursively$8(NodeTestTask.java:123)
	at org.junit.platform.engine.support.hierarchical.ThrowableCollector.execute(ThrowableCollector.java:73)
	at org.junit.platform.engine.support.hierarchical.NodeTestTask.executeRecursively(NodeTestTask.java:122)
	at org.junit.platform.engine.support.hierarchical.NodeTestTask.execute(NodeTestTask.java:80)
	at java.base/java.util.ArrayList.forEach(ArrayList.java:1511)
	at org.junit.platform.engine.support.hierarchical.SameThreadHierarchicalTestExecutorService.invokeAll(SameThreadHierarchicalTestExecutorService.java:38)
	at org.junit.platform.engine.support.hierarchical.NodeTestTask.lambda$executeRecursively$5(NodeTestTask.java:139)
	at org.junit.platform.engine.support.hierarchical.ThrowableCollector.execute(ThrowableCollector.java:73)
	at org.junit.platform.engine.support.hierarchical.NodeTestTask.lambda$executeRecursively$7(NodeTestTask.java:125)
	at org.junit.platform.engine.support.hierarchical.Node.around(Node.java:135)
	at org.junit.platform.engine.support.hierarchical.NodeTestTask.lambda$executeRecursively$8(NodeTestTask.java:123)
	at org.junit.platform.engine.support.hierarchical.ThrowableCollector.execute(ThrowableCollector.java:73)
	at org.junit.platform.engine.support.hierarchical.NodeTestTask.executeRecursively(NodeTestTask.java:122)
	at org.junit.platform.engine.support.hierarchical.NodeTestTask.execute(NodeTestTask.java:80)
	at org.junit.platform.engine.support.hierarchical.SameThreadHierarchicalTestExecutorService.submit(SameThreadHierarchicalTestExecutorService.java:32)
	at org.junit.platform.engine.support.hierarchical.HierarchicalTestExecutor.execute(HierarchicalTestExecutor.java:57)
	at org.junit.platform.engine.support.hierarchical.HierarchicalTestEngine.execute(HierarchicalTestEngine.java:51)
	at org.junit.platform.launcher.core.DefaultLauncher.execute(DefaultLauncher.java:170)
	at org.junit.platform.launcher.core.DefaultLauncher.execute(DefaultLauncher.java:154)
	at org.junit.platform.launcher.core.DefaultLauncher.execute(DefaultLauncher.java:90)
	at org.junit.platform.surefire.provider.JUnitPlatformProvider.invokeAllTests(JUnitPlatformProvider.java:132)
	at org.junit.platform.surefire.provider.JUnitPlatformProvider.invoke(JUnitPlatformProvider.java:111)
	at org.apache.maven.surefire.booter.ForkedBooter.invokeProviderInSameClassLoader(ForkedBooter.java:290)
	at org.apache.maven.surefire.booter.ForkedBooter.runSuitesInProcess(ForkedBooter.java:242)
	at org.apache.maven.surefire.booter.ForkedBooter.main(ForkedBooter.java:121)
Caused by: java.sql.SQLSyntaxErrorException: Can't DROP 'FKc1wqcbvdvsx0ibm4eqxyxwjig'; check that column/key exists
	at com.mysql.cj.jdbc.exceptions.SQLError.createSQLException(SQLError.java:120)
	at com.mysql.cj.jdbc.exceptions.SQLError.createSQLException(SQLError.java:97)
	at com.mysql.cj.jdbc.exceptions.SQLExceptionsMapping.translateException(SQLExceptionsMapping.java:122)
	at com.mysql.cj.jdbc.StatementImpl.executeInternal(StatementImpl.java:764)
	at com.mysql.cj.jdbc.StatementImpl.execute(StatementImpl.java:648)
	at org.hibernate.tool.schema.internal.exec.GenerationTargetToDatabase.accept(GenerationTargetToDatabase.java:54)
	... 117 more

mar 20, 2021 11:35:07 PM org.hibernate.tool.schema.internal.ExceptionHandlerLoggedImpl handleException
WARN: GenerationTarget encountered exception accepting command : Error executing DDL "
    drop table if exists allegati" via JDBC Statement
org.hibernate.tool.schema.spi.CommandAcceptanceException: Error executing DDL "
    drop table if exists allegati" via JDBC Statement
	at org.hibernate.tool.schema.internal.exec.GenerationTargetToDatabase.accept(GenerationTargetToDatabase.java:67)
	at org.hibernate.tool.schema.internal.SchemaDropperImpl.applySqlString(SchemaDropperImpl.java:375)
	at org.hibernate.tool.schema.internal.SchemaDropperImpl.applySqlStrings(SchemaDropperImpl.java:359)
	at org.hibernate.tool.schema.internal.SchemaDropperImpl.dropFromMetadata(SchemaDropperImpl.java:241)
	at org.hibernate.tool.schema.internal.SchemaDropperImpl.performDrop(SchemaDropperImpl.java:154)
	at org.hibernate.tool.schema.internal.SchemaDropperImpl.doDrop(SchemaDropperImpl.java:126)
	at org.hibernate.tool.schema.internal.SchemaDropperImpl.doDrop(SchemaDropperImpl.java:112)
	at org.hibernate.tool.schema.spi.SchemaManagementToolCoordinator.performDatabaseAction(SchemaManagementToolCoordinator.java:145)
	at org.hibernate.tool.schema.spi.SchemaManagementToolCoordinator.process(SchemaManagementToolCoordinator.java:73)
	at org.hibernate.internal.SessionFactoryImpl.<init>(SessionFactoryImpl.java:316)
	at org.hibernate.boot.internal.SessionFactoryBuilderImpl.build(SessionFactoryBuilderImpl.java:469)
	at org.hibernate.cfg.Configuration.buildSessionFactory(Configuration.java:708)
	at org.hibernate.cfg.Configuration.buildSessionFactory(Configuration.java:724)
	at org.springframework.orm.hibernate5.LocalSessionFactoryBean.buildSessionFactory(LocalSessionFactoryBean.java:616)
	at org.springframework.orm.hibernate5.LocalSessionFactoryBean.afterPropertiesSet(LocalSessionFactoryBean.java:600)
	at it.univpm.advancedcode.cri.app.DataServiceConfig.sessionFactory(DataServiceConfig.java:80)
	at it.univpm.advancedcode.cri.test.DataServiceConfigTest$$EnhancerBySpringCGLIB$$a007d04a.CGLIB$sessionFactory$1(<generated>)
	at it.univpm.advancedcode.cri.test.DataServiceConfigTest$$EnhancerBySpringCGLIB$$a007d04a$$FastClassBySpringCGLIB$$fdae191a.invoke(<generated>)
	at org.springframework.cglib.proxy.MethodProxy.invokeSuper(MethodProxy.java:244)
	at org.springframework.context.annotation.ConfigurationClassEnhancer$BeanMethodInterceptor.intercept(ConfigurationClassEnhancer.java:331)
	at it.univpm.advancedcode.cri.test.DataServiceConfigTest$$EnhancerBySpringCGLIB$$a007d04a.sessionFactory(<generated>)
	at java.base/jdk.internal.reflect.NativeMethodAccessorImpl.invoke0(Native Method)
	at java.base/jdk.internal.reflect.NativeMethodAccessorImpl.invoke(NativeMethodAccessorImpl.java:64)
	at java.base/jdk.internal.reflect.DelegatingMethodAccessorImpl.invoke(DelegatingMethodAccessorImpl.java:43)
	at java.base/java.lang.reflect.Method.invoke(Method.java:564)
	at org.springframework.beans.factory.support.SimpleInstantiationStrategy.instantiate(SimpleInstantiationStrategy.java:154)
	at org.springframework.beans.factory.support.ConstructorResolver.instantiate(ConstructorResolver.java:650)
	at org.springframework.beans.factory.support.ConstructorResolver.instantiateUsingFactoryMethod(ConstructorResolver.java:635)
	at org.springframework.beans.factory.support.AbstractAutowireCapableBeanFactory.instantiateUsingFactoryMethod(AbstractAutowireCapableBeanFactory.java:1336)
	at org.springframework.beans.factory.support.AbstractAutowireCapableBeanFactory.createBeanInstance(AbstractAutowireCapableBeanFactory.java:1176)
	at org.springframework.beans.factory.support.AbstractAutowireCapableBeanFactory.doCreateBean(AbstractAutowireCapableBeanFactory.java:556)
	at org.springframework.beans.factory.support.AbstractAutowireCapableBeanFactory.createBean(AbstractAutowireCapableBeanFactory.java:516)
	at org.springframework.beans.factory.support.AbstractBeanFactory.lambda$doGetBean$0(AbstractBeanFactory.java:324)
	at org.springframework.beans.factory.support.DefaultSingletonBeanRegistry.getSingleton(DefaultSingletonBeanRegistry.java:234)
	at org.springframework.beans.factory.support.AbstractBeanFactory.doGetBean(AbstractBeanFactory.java:322)
	at org.springframework.beans.factory.support.AbstractBeanFactory.getBean(AbstractBeanFactory.java:207)
	at org.springframework.beans.factory.support.AbstractAutowireCapableBeanFactory.resolveBeanByName(AbstractAutowireCapableBeanFactory.java:453)
	at org.springframework.context.annotation.CommonAnnotationBeanPostProcessor.autowireResource(CommonAnnotationBeanPostProcessor.java:527)
	at org.springframework.context.annotation.CommonAnnotationBeanPostProcessor.getResource(CommonAnnotationBeanPostProcessor.java:497)
	at org.springframework.context.annotation.CommonAnnotationBeanPostProcessor$ResourceElement.getResourceToInject(CommonAnnotationBeanPostProcessor.java:650)
	at org.springframework.beans.factory.annotation.InjectionMetadata$InjectedElement.inject(InjectionMetadata.java:248)
	at org.springframework.beans.factory.annotation.InjectionMetadata.inject(InjectionMetadata.java:130)
	at org.springframework.context.annotation.CommonAnnotationBeanPostProcessor.postProcessProperties(CommonAnnotationBeanPostProcessor.java:318)
	at org.springframework.beans.factory.support.AbstractAutowireCapableBeanFactory.populateBean(AbstractAutowireCapableBeanFactory.java:1420)
	at org.springframework.beans.factory.support.AbstractAutowireCapableBeanFactory.doCreateBean(AbstractAutowireCapableBeanFactory.java:593)
	at org.springframework.beans.factory.support.AbstractAutowireCapableBeanFactory.createBean(AbstractAutowireCapableBeanFactory.java:516)
	at org.springframework.beans.factory.support.AbstractBeanFactory.lambda$doGetBean$0(AbstractBeanFactory.java:324)
	at org.springframework.beans.factory.support.DefaultSingletonBeanRegistry.getSingleton(DefaultSingletonBeanRegistry.java:234)
	at org.springframework.beans.factory.support.AbstractBeanFactory.doGetBean(AbstractBeanFactory.java:322)
	at org.springframework.beans.factory.support.AbstractBeanFactory.getBean(AbstractBeanFactory.java:202)
	at org.springframework.beans.factory.support.DefaultListableBeanFactory.preInstantiateSingletons(DefaultListableBeanFactory.java:897)
	at org.springframework.context.support.AbstractApplicationContext.finishBeanFactoryInitialization(AbstractApplicationContext.java:879)
	at org.springframework.context.support.AbstractApplicationContext.refresh(AbstractApplicationContext.java:551)
	at org.springframework.context.annotation.AnnotationConfigApplicationContext.<init>(AnnotationConfigApplicationContext.java:89)
	at it.univpm.advancedcode.cri.test.unit.TestDocumentazioneDao.findDocumentoById(TestDocumentazioneDao.java:78)
	at java.base/jdk.internal.reflect.NativeMethodAccessorImpl.invoke0(Native Method)
	at java.base/jdk.internal.reflect.NativeMethodAccessorImpl.invoke(NativeMethodAccessorImpl.java:64)
	at java.base/jdk.internal.reflect.DelegatingMethodAccessorImpl.invoke(DelegatingMethodAccessorImpl.java:43)
	at java.base/java.lang.reflect.Method.invoke(Method.java:564)
	at org.junit.platform.commons.util.ReflectionUtils.invokeMethod(ReflectionUtils.java:675)
	at org.junit.jupiter.engine.execution.MethodInvocation.proceed(MethodInvocation.java:60)
	at org.junit.jupiter.engine.execution.InvocationInterceptorChain$ValidatingInvocation.proceed(InvocationInterceptorChain.java:125)
	at org.junit.jupiter.engine.extension.TimeoutExtension.intercept(TimeoutExtension.java:132)
	at org.junit.jupiter.engine.extension.TimeoutExtension.interceptTestableMethod(TimeoutExtension.java:124)
	at org.junit.jupiter.engine.extension.TimeoutExtension.interceptTestMethod(TimeoutExtension.java:74)
	at org.junit.jupiter.engine.execution.ExecutableInvoker$ReflectiveInterceptorCall.lambda$ofVoidMethod$0(ExecutableInvoker.java:115)
	at org.junit.jupiter.engine.execution.ExecutableInvoker.lambda$invoke$0(ExecutableInvoker.java:105)
	at org.junit.jupiter.engine.execution.InvocationInterceptorChain$InterceptedInvocation.proceed(InvocationInterceptorChain.java:104)
	at org.junit.jupiter.engine.execution.InvocationInterceptorChain.proceed(InvocationInterceptorChain.java:62)
	at org.junit.jupiter.engine.execution.InvocationInterceptorChain.chainAndInvoke(InvocationInterceptorChain.java:43)
	at org.junit.jupiter.engine.execution.InvocationInterceptorChain.invoke(InvocationInterceptorChain.java:35)
	at org.junit.jupiter.engine.execution.ExecutableInvoker.invoke(ExecutableInvoker.java:104)
	at org.junit.jupiter.engine.execution.ExecutableInvoker.invoke(ExecutableInvoker.java:98)
	at org.junit.jupiter.engine.descriptor.TestMethodTestDescriptor.lambda$invokeTestMethod$6(TestMethodTestDescriptor.java:202)
	at org.junit.platform.engine.support.hierarchical.ThrowableCollector.execute(ThrowableCollector.java:73)
	at org.junit.jupiter.engine.descriptor.TestMethodTestDescriptor.invokeTestMethod(TestMethodTestDescriptor.java:198)
	at org.junit.jupiter.engine.descriptor.TestMethodTestDescriptor.execute(TestMethodTestDescriptor.java:135)
	at org.junit.jupiter.engine.descriptor.TestMethodTestDescriptor.execute(TestMethodTestDescriptor.java:69)
	at org.junit.platform.engine.support.hierarchical.NodeTestTask.lambda$executeRecursively$5(NodeTestTask.java:135)
	at org.junit.platform.engine.support.hierarchical.ThrowableCollector.execute(ThrowableCollector.java:73)
	at org.junit.platform.engine.support.hierarchical.NodeTestTask.lambda$executeRecursively$7(NodeTestTask.java:125)
	at org.junit.platform.engine.support.hierarchical.Node.around(Node.java:135)
	at org.junit.platform.engine.support.hierarchical.NodeTestTask.lambda$executeRecursively$8(NodeTestTask.java:123)
	at org.junit.platform.engine.support.hierarchical.ThrowableCollector.execute(ThrowableCollector.java:73)
	at org.junit.platform.engine.support.hierarchical.NodeTestTask.executeRecursively(NodeTestTask.java:122)
	at org.junit.platform.engine.support.hierarchical.NodeTestTask.execute(NodeTestTask.java:80)
	at java.base/java.util.ArrayList.forEach(ArrayList.java:1511)
	at org.junit.platform.engine.support.hierarchical.SameThreadHierarchicalTestExecutorService.invokeAll(SameThreadHierarchicalTestExecutorService.java:38)
	at org.junit.platform.engine.support.hierarchical.NodeTestTask.lambda$executeRecursively$5(NodeTestTask.java:139)
	at org.junit.platform.engine.support.hierarchical.ThrowableCollector.execute(ThrowableCollector.java:73)
	at org.junit.platform.engine.support.hierarchical.NodeTestTask.lambda$executeRecursively$7(NodeTestTask.java:125)
	at org.junit.platform.engine.support.hierarchical.Node.around(Node.java:135)
	at org.junit.platform.engine.support.hierarchical.NodeTestTask.lambda$executeRecursively$8(NodeTestTask.java:123)
	at org.junit.platform.engine.support.hierarchical.ThrowableCollector.execute(ThrowableCollector.java:73)
	at org.junit.platform.engine.support.hierarchical.NodeTestTask.executeRecursively(NodeTestTask.java:122)
	at org.junit.platform.engine.support.hierarchical.NodeTestTask.execute(NodeTestTask.java:80)
	at java.base/java.util.ArrayList.forEach(ArrayList.java:1511)
	at org.junit.platform.engine.support.hierarchical.SameThreadHierarchicalTestExecutorService.invokeAll(SameThreadHierarchicalTestExecutorService.java:38)
	at org.junit.platform.engine.support.hierarchical.NodeTestTask.lambda$executeRecursively$5(NodeTestTask.java:139)
	at org.junit.platform.engine.support.hierarchical.ThrowableCollector.execute(ThrowableCollector.java:73)
	at org.junit.platform.engine.support.hierarchical.NodeTestTask.lambda$executeRecursively$7(NodeTestTask.java:125)
	at org.junit.platform.engine.support.hierarchical.Node.around(Node.java:135)
	at org.junit.platform.engine.support.hierarchical.NodeTestTask.lambda$executeRecursively$8(NodeTestTask.java:123)
	at org.junit.platform.engine.support.hierarchical.ThrowableCollector.execute(ThrowableCollector.java:73)
	at org.junit.platform.engine.support.hierarchical.NodeTestTask.executeRecursively(NodeTestTask.java:122)
	at org.junit.platform.engine.support.hierarchical.NodeTestTask.execute(NodeTestTask.java:80)
	at org.junit.platform.engine.support.hierarchical.SameThreadHierarchicalTestExecutorService.submit(SameThreadHierarchicalTestExecutorService.java:32)
	at org.junit.platform.engine.support.hierarchical.HierarchicalTestExecutor.execute(HierarchicalTestExecutor.java:57)
	at org.junit.platform.engine.support.hierarchical.HierarchicalTestEngine.execute(HierarchicalTestEngine.java:51)
	at org.junit.platform.launcher.core.DefaultLauncher.execute(DefaultLauncher.java:170)
	at org.junit.platform.launcher.core.DefaultLauncher.execute(DefaultLauncher.java:154)
	at org.junit.platform.launcher.core.DefaultLauncher.execute(DefaultLauncher.java:90)
	at org.junit.platform.surefire.provider.JUnitPlatformProvider.invokeAllTests(JUnitPlatformProvider.java:132)
	at org.junit.platform.surefire.provider.JUnitPlatformProvider.invoke(JUnitPlatformProvider.java:111)
	at org.apache.maven.surefire.booter.ForkedBooter.invokeProviderInSameClassLoader(ForkedBooter.java:290)
	at org.apache.maven.surefire.booter.ForkedBooter.runSuitesInProcess(ForkedBooter.java:242)
	at org.apache.maven.surefire.booter.ForkedBooter.main(ForkedBooter.java:121)
Caused by: java.sql.SQLException: Cannot drop table 'allegati' referenced by a foreign key constraint 'FKjg6nxhbxxvlcf5rxrh771peb3' on table 'documentazioni'.
	at com.mysql.cj.jdbc.exceptions.SQLError.createSQLException(SQLError.java:129)
	at com.mysql.cj.jdbc.exceptions.SQLError.createSQLException(SQLError.java:97)
	at com.mysql.cj.jdbc.exceptions.SQLExceptionsMapping.translateException(SQLExceptionsMapping.java:122)
	at com.mysql.cj.jdbc.StatementImpl.executeInternal(StatementImpl.java:764)
	at com.mysql.cj.jdbc.StatementImpl.execute(StatementImpl.java:648)
	at org.hibernate.tool.schema.internal.exec.GenerationTargetToDatabase.accept(GenerationTargetToDatabase.java:54)
	... 116 more

mar 20, 2021 11:35:07 PM org.hibernate.tool.schema.internal.ExceptionHandlerLoggedImpl handleException
WARN: GenerationTarget encountered exception accepting command : Error executing DDL "
    create table allegati (
       allegato_id bigint not null,
        descrizione varchar(100) not null,
        documento_id bigint not null,
        primary key (allegato_id)
    ) engine=InnoDB" via JDBC Statement
org.hibernate.tool.schema.spi.CommandAcceptanceException: Error executing DDL "
    create table allegati (
       allegato_id bigint not null,
        descrizione varchar(100) not null,
        documento_id bigint not null,
        primary key (allegato_id)
    ) engine=InnoDB" via JDBC Statement
	at org.hibernate.tool.schema.internal.exec.GenerationTargetToDatabase.accept(GenerationTargetToDatabase.java:67)
	at org.hibernate.tool.schema.internal.SchemaCreatorImpl.applySqlString(SchemaCreatorImpl.java:439)
	at org.hibernate.tool.schema.internal.SchemaCreatorImpl.applySqlStrings(SchemaCreatorImpl.java:423)
	at org.hibernate.tool.schema.internal.SchemaCreatorImpl.createFromMetadata(SchemaCreatorImpl.java:314)
	at org.hibernate.tool.schema.internal.SchemaCreatorImpl.performCreation(SchemaCreatorImpl.java:166)
	at org.hibernate.tool.schema.internal.SchemaCreatorImpl.doCreation(SchemaCreatorImpl.java:135)
	at org.hibernate.tool.schema.internal.SchemaCreatorImpl.doCreation(SchemaCreatorImpl.java:121)
	at org.hibernate.tool.schema.spi.SchemaManagementToolCoordinator.performDatabaseAction(SchemaManagementToolCoordinator.java:156)
	at org.hibernate.tool.schema.spi.SchemaManagementToolCoordinator.process(SchemaManagementToolCoordinator.java:73)
	at org.hibernate.internal.SessionFactoryImpl.<init>(SessionFactoryImpl.java:316)
	at org.hibernate.boot.internal.SessionFactoryBuilderImpl.build(SessionFactoryBuilderImpl.java:469)
	at org.hibernate.cfg.Configuration.buildSessionFactory(Configuration.java:708)
	at org.hibernate.cfg.Configuration.buildSessionFactory(Configuration.java:724)
	at org.springframework.orm.hibernate5.LocalSessionFactoryBean.buildSessionFactory(LocalSessionFactoryBean.java:616)
	at org.springframework.orm.hibernate5.LocalSessionFactoryBean.afterPropertiesSet(LocalSessionFactoryBean.java:600)
	at it.univpm.advancedcode.cri.app.DataServiceConfig.sessionFactory(DataServiceConfig.java:80)
	at it.univpm.advancedcode.cri.test.DataServiceConfigTest$$EnhancerBySpringCGLIB$$a007d04a.CGLIB$sessionFactory$1(<generated>)
	at it.univpm.advancedcode.cri.test.DataServiceConfigTest$$EnhancerBySpringCGLIB$$a007d04a$$FastClassBySpringCGLIB$$fdae191a.invoke(<generated>)
	at org.springframework.cglib.proxy.MethodProxy.invokeSuper(MethodProxy.java:244)
	at org.springframework.context.annotation.ConfigurationClassEnhancer$BeanMethodInterceptor.intercept(ConfigurationClassEnhancer.java:331)
	at it.univpm.advancedcode.cri.test.DataServiceConfigTest$$EnhancerBySpringCGLIB$$a007d04a.sessionFactory(<generated>)
	at java.base/jdk.internal.reflect.NativeMethodAccessorImpl.invoke0(Native Method)
	at java.base/jdk.internal.reflect.NativeMethodAccessorImpl.invoke(NativeMethodAccessorImpl.java:64)
	at java.base/jdk.internal.reflect.DelegatingMethodAccessorImpl.invoke(DelegatingMethodAccessorImpl.java:43)
	at java.base/java.lang.reflect.Method.invoke(Method.java:564)
	at org.springframework.beans.factory.support.SimpleInstantiationStrategy.instantiate(SimpleInstantiationStrategy.java:154)
	at org.springframework.beans.factory.support.ConstructorResolver.instantiate(ConstructorResolver.java:650)
	at org.springframework.beans.factory.support.ConstructorResolver.instantiateUsingFactoryMethod(ConstructorResolver.java:635)
	at org.springframework.beans.factory.support.AbstractAutowireCapableBeanFactory.instantiateUsingFactoryMethod(AbstractAutowireCapableBeanFactory.java:1336)
	at org.springframework.beans.factory.support.AbstractAutowireCapableBeanFactory.createBeanInstance(AbstractAutowireCapableBeanFactory.java:1176)
	at org.springframework.beans.factory.support.AbstractAutowireCapableBeanFactory.doCreateBean(AbstractAutowireCapableBeanFactory.java:556)
	at org.springframework.beans.factory.support.AbstractAutowireCapableBeanFactory.createBean(AbstractAutowireCapableBeanFactory.java:516)
	at org.springframework.beans.factory.support.AbstractBeanFactory.lambda$doGetBean$0(AbstractBeanFactory.java:324)
	at org.springframework.beans.factory.support.DefaultSingletonBeanRegistry.getSingleton(DefaultSingletonBeanRegistry.java:234)
	at org.springframework.beans.factory.support.AbstractBeanFactory.doGetBean(AbstractBeanFactory.java:322)
	at org.springframework.beans.factory.support.AbstractBeanFactory.getBean(AbstractBeanFactory.java:207)
	at org.springframework.beans.factory.support.AbstractAutowireCapableBeanFactory.resolveBeanByName(AbstractAutowireCapableBeanFactory.java:453)
	at org.springframework.context.annotation.CommonAnnotationBeanPostProcessor.autowireResource(CommonAnnotationBeanPostProcessor.java:527)
	at org.springframework.context.annotation.CommonAnnotationBeanPostProcessor.getResource(CommonAnnotationBeanPostProcessor.java:497)
	at org.springframework.context.annotation.CommonAnnotationBeanPostProcessor$ResourceElement.getResourceToInject(CommonAnnotationBeanPostProcessor.java:650)
	at org.springframework.beans.factory.annotation.InjectionMetadata$InjectedElement.inject(InjectionMetadata.java:248)
	at org.springframework.beans.factory.annotation.InjectionMetadata.inject(InjectionMetadata.java:130)
	at org.springframework.context.annotation.CommonAnnotationBeanPostProcessor.postProcessProperties(CommonAnnotationBeanPostProcessor.java:318)
	at org.springframework.beans.factory.support.AbstractAutowireCapableBeanFactory.populateBean(AbstractAutowireCapableBeanFactory.java:1420)
	at org.springframework.beans.factory.support.AbstractAutowireCapableBeanFactory.doCreateBean(AbstractAutowireCapableBeanFactory.java:593)
	at org.springframework.beans.factory.support.AbstractAutowireCapableBeanFactory.createBean(AbstractAutowireCapableBeanFactory.java:516)
	at org.springframework.beans.factory.support.AbstractBeanFactory.lambda$doGetBean$0(AbstractBeanFactory.java:324)
	at org.springframework.beans.factory.support.DefaultSingletonBeanRegistry.getSingleton(DefaultSingletonBeanRegistry.java:234)
	at org.springframework.beans.factory.support.AbstractBeanFactory.doGetBean(AbstractBeanFactory.java:322)
	at org.springframework.beans.factory.support.AbstractBeanFactory.getBean(AbstractBeanFactory.java:202)
	at org.springframework.beans.factory.support.DefaultListableBeanFactory.preInstantiateSingletons(DefaultListableBeanFactory.java:897)
	at org.springframework.context.support.AbstractApplicationContext.finishBeanFactoryInitialization(AbstractApplicationContext.java:879)
	at org.springframework.context.support.AbstractApplicationContext.refresh(AbstractApplicationContext.java:551)
	at org.springframework.context.annotation.AnnotationConfigApplicationContext.<init>(AnnotationConfigApplicationContext.java:89)
	at it.univpm.advancedcode.cri.test.unit.TestDocumentazioneDao.findDocumentoById(TestDocumentazioneDao.java:78)
	at java.base/jdk.internal.reflect.NativeMethodAccessorImpl.invoke0(Native Method)
	at java.base/jdk.internal.reflect.NativeMethodAccessorImpl.invoke(NativeMethodAccessorImpl.java:64)
	at java.base/jdk.internal.reflect.DelegatingMethodAccessorImpl.invoke(DelegatingMethodAccessorImpl.java:43)
	at java.base/java.lang.reflect.Method.invoke(Method.java:564)
	at org.junit.platform.commons.util.ReflectionUtils.invokeMethod(ReflectionUtils.java:675)
	at org.junit.jupiter.engine.execution.MethodInvocation.proceed(MethodInvocation.java:60)
	at org.junit.jupiter.engine.execution.InvocationInterceptorChain$ValidatingInvocation.proceed(InvocationInterceptorChain.java:125)
	at org.junit.jupiter.engine.extension.TimeoutExtension.intercept(TimeoutExtension.java:132)
	at org.junit.jupiter.engine.extension.TimeoutExtension.interceptTestableMethod(TimeoutExtension.java:124)
	at org.junit.jupiter.engine.extension.TimeoutExtension.interceptTestMethod(TimeoutExtension.java:74)
	at org.junit.jupiter.engine.execution.ExecutableInvoker$ReflectiveInterceptorCall.lambda$ofVoidMethod$0(ExecutableInvoker.java:115)
	at org.junit.jupiter.engine.execution.ExecutableInvoker.lambda$invoke$0(ExecutableInvoker.java:105)
	at org.junit.jupiter.engine.execution.InvocationInterceptorChain$InterceptedInvocation.proceed(InvocationInterceptorChain.java:104)
	at org.junit.jupiter.engine.execution.InvocationInterceptorChain.proceed(InvocationInterceptorChain.java:62)
	at org.junit.jupiter.engine.execution.InvocationInterceptorChain.chainAndInvoke(InvocationInterceptorChain.java:43)
	at org.junit.jupiter.engine.execution.InvocationInterceptorChain.invoke(InvocationInterceptorChain.java:35)
	at org.junit.jupiter.engine.execution.ExecutableInvoker.invoke(ExecutableInvoker.java:104)
	at org.junit.jupiter.engine.execution.ExecutableInvoker.invoke(ExecutableInvoker.java:98)
	at org.junit.jupiter.engine.descriptor.TestMethodTestDescriptor.lambda$invokeTestMethod$6(TestMethodTestDescriptor.java:202)
	at org.junit.platform.engine.support.hierarchical.ThrowableCollector.execute(ThrowableCollector.java:73)
	at org.junit.jupiter.engine.descriptor.TestMethodTestDescriptor.invokeTestMethod(TestMethodTestDescriptor.java:198)
	at org.junit.jupiter.engine.descriptor.TestMethodTestDescriptor.execute(TestMethodTestDescriptor.java:135)
	at org.junit.jupiter.engine.descriptor.TestMethodTestDescriptor.execute(TestMethodTestDescriptor.java:69)
	at org.junit.platform.engine.support.hierarchical.NodeTestTask.lambda$executeRecursively$5(NodeTestTask.java:135)
	at org.junit.platform.engine.support.hierarchical.ThrowableCollector.execute(ThrowableCollector.java:73)
	at org.junit.platform.engine.support.hierarchical.NodeTestTask.lambda$executeRecursively$7(NodeTestTask.java:125)
	at org.junit.platform.engine.support.hierarchical.Node.around(Node.java:135)
	at org.junit.platform.engine.support.hierarchical.NodeTestTask.lambda$executeRecursively$8(NodeTestTask.java:123)
	at org.junit.platform.engine.support.hierarchical.ThrowableCollector.execute(ThrowableCollector.java:73)
	at org.junit.platform.engine.support.hierarchical.NodeTestTask.executeRecursively(NodeTestTask.java:122)
	at org.junit.platform.engine.support.hierarchical.NodeTestTask.execute(NodeTestTask.java:80)
	at java.base/java.util.ArrayList.forEach(ArrayList.java:1511)
	at org.junit.platform.engine.support.hierarchical.SameThreadHierarchicalTestExecutorService.invokeAll(SameThreadHierarchicalTestExecutorService.java:38)
	at org.junit.platform.engine.support.hierarchical.NodeTestTask.lambda$executeRecursively$5(NodeTestTask.java:139)
	at org.junit.platform.engine.support.hierarchical.ThrowableCollector.execute(ThrowableCollector.java:73)
	at org.junit.platform.engine.support.hierarchical.NodeTestTask.lambda$executeRecursively$7(NodeTestTask.java:125)
	at org.junit.platform.engine.support.hierarchical.Node.around(Node.java:135)
	at org.junit.platform.engine.support.hierarchical.NodeTestTask.lambda$executeRecursively$8(NodeTestTask.java:123)
	at org.junit.platform.engine.support.hierarchical.ThrowableCollector.execute(ThrowableCollector.java:73)
	at org.junit.platform.engine.support.hierarchical.NodeTestTask.executeRecursively(NodeTestTask.java:122)
	at org.junit.platform.engine.support.hierarchical.NodeTestTask.execute(NodeTestTask.java:80)
	at java.base/java.util.ArrayList.forEach(ArrayList.java:1511)
	at org.junit.platform.engine.support.hierarchical.SameThreadHierarchicalTestExecutorService.invokeAll(SameThreadHierarchicalTestExecutorService.java:38)
	at org.junit.platform.engine.support.hierarchical.NodeTestTask.lambda$executeRecursively$5(NodeTestTask.java:139)
	at org.junit.platform.engine.support.hierarchical.ThrowableCollector.execute(ThrowableCollector.java:73)
	at org.junit.platform.engine.support.hierarchical.NodeTestTask.lambda$executeRecursively$7(NodeTestTask.java:125)
	at org.junit.platform.engine.support.hierarchical.Node.around(Node.java:135)
	at org.junit.platform.engine.support.hierarchical.NodeTestTask.lambda$executeRecursively$8(NodeTestTask.java:123)
	at org.junit.platform.engine.support.hierarchical.ThrowableCollector.execute(ThrowableCollector.java:73)
	at org.junit.platform.engine.support.hierarchical.NodeTestTask.executeRecursively(NodeTestTask.java:122)
	at org.junit.platform.engine.support.hierarchical.NodeTestTask.execute(NodeTestTask.java:80)
	at org.junit.platform.engine.support.hierarchical.SameThreadHierarchicalTestExecutorService.submit(SameThreadHierarchicalTestExecutorService.java:32)
	at org.junit.platform.engine.support.hierarchical.HierarchicalTestExecutor.execute(HierarchicalTestExecutor.java:57)
	at org.junit.platform.engine.support.hierarchical.HierarchicalTestEngine.execute(HierarchicalTestEngine.java:51)
	at org.junit.platform.launcher.core.DefaultLauncher.execute(DefaultLauncher.java:170)
	at org.junit.platform.launcher.core.DefaultLauncher.execute(DefaultLauncher.java:154)
	at org.junit.platform.launcher.core.DefaultLauncher.execute(DefaultLauncher.java:90)
	at org.junit.platform.surefire.provider.JUnitPlatformProvider.invokeAllTests(JUnitPlatformProvider.java:132)
	at org.junit.platform.surefire.provider.JUnitPlatformProvider.invoke(JUnitPlatformProvider.java:111)
	at org.apache.maven.surefire.booter.ForkedBooter.invokeProviderInSameClassLoader(ForkedBooter.java:290)
	at org.apache.maven.surefire.booter.ForkedBooter.runSuitesInProcess(ForkedBooter.java:242)
	at org.apache.maven.surefire.booter.ForkedBooter.main(ForkedBooter.java:121)
Caused by: java.sql.SQLSyntaxErrorException: Table 'allegati' already exists
	at com.mysql.cj.jdbc.exceptions.SQLError.createSQLException(SQLError.java:120)
	at com.mysql.cj.jdbc.exceptions.SQLError.createSQLException(SQLError.java:97)
	at com.mysql.cj.jdbc.exceptions.SQLExceptionsMapping.translateException(SQLExceptionsMapping.java:122)
	at com.mysql.cj.jdbc.StatementImpl.executeInternal(StatementImpl.java:764)
	at com.mysql.cj.jdbc.StatementImpl.execute(StatementImpl.java:648)
	at org.hibernate.tool.schema.internal.exec.GenerationTargetToDatabase.accept(GenerationTargetToDatabase.java:54)
	... 116 more

mar 20, 2021 11:35:07 PM org.hibernate.tool.schema.internal.ExceptionHandlerLoggedImpl handleException
WARN: GenerationTarget encountered exception accepting command : Error executing DDL "
    alter table allegati 
       add constraint FKc1wqcbvdvsx0ibm4eqxyxwjig 
       foreign key (documento_id) 
       references documentazioni (documento_id)" via JDBC Statement
org.hibernate.tool.schema.spi.CommandAcceptanceException: Error executing DDL "
    alter table allegati 
       add constraint FKc1wqcbvdvsx0ibm4eqxyxwjig 
       foreign key (documento_id) 
       references documentazioni (documento_id)" via JDBC Statement
	at org.hibernate.tool.schema.internal.exec.GenerationTargetToDatabase.accept(GenerationTargetToDatabase.java:67)
	at org.hibernate.tool.schema.internal.SchemaCreatorImpl.applySqlString(SchemaCreatorImpl.java:439)
	at org.hibernate.tool.schema.internal.SchemaCreatorImpl.applySqlStrings(SchemaCreatorImpl.java:423)
	at org.hibernate.tool.schema.internal.SchemaCreatorImpl.createFromMetadata(SchemaCreatorImpl.java:374)
	at org.hibernate.tool.schema.internal.SchemaCreatorImpl.performCreation(SchemaCreatorImpl.java:166)
	at org.hibernate.tool.schema.internal.SchemaCreatorImpl.doCreation(SchemaCreatorImpl.java:135)
	at org.hibernate.tool.schema.internal.SchemaCreatorImpl.doCreation(SchemaCreatorImpl.java:121)
	at org.hibernate.tool.schema.spi.SchemaManagementToolCoordinator.performDatabaseAction(SchemaManagementToolCoordinator.java:156)
	at org.hibernate.tool.schema.spi.SchemaManagementToolCoordinator.process(SchemaManagementToolCoordinator.java:73)
	at org.hibernate.internal.SessionFactoryImpl.<init>(SessionFactoryImpl.java:316)
	at org.hibernate.boot.internal.SessionFactoryBuilderImpl.build(SessionFactoryBuilderImpl.java:469)
	at org.hibernate.cfg.Configuration.buildSessionFactory(Configuration.java:708)
	at org.hibernate.cfg.Configuration.buildSessionFactory(Configuration.java:724)
	at org.springframework.orm.hibernate5.LocalSessionFactoryBean.buildSessionFactory(LocalSessionFactoryBean.java:616)
	at org.springframework.orm.hibernate5.LocalSessionFactoryBean.afterPropertiesSet(LocalSessionFactoryBean.java:600)
	at it.univpm.advancedcode.cri.app.DataServiceConfig.sessionFactory(DataServiceConfig.java:80)
	at it.univpm.advancedcode.cri.test.DataServiceConfigTest$$EnhancerBySpringCGLIB$$a007d04a.CGLIB$sessionFactory$1(<generated>)
	at it.univpm.advancedcode.cri.test.DataServiceConfigTest$$EnhancerBySpringCGLIB$$a007d04a$$FastClassBySpringCGLIB$$fdae191a.invoke(<generated>)
	at org.springframework.cglib.proxy.MethodProxy.invokeSuper(MethodProxy.java:244)
	at org.springframework.context.annotation.ConfigurationClassEnhancer$BeanMethodInterceptor.intercept(ConfigurationClassEnhancer.java:331)
	at it.univpm.advancedcode.cri.test.DataServiceConfigTest$$EnhancerBySpringCGLIB$$a007d04a.sessionFactory(<generated>)
	at java.base/jdk.internal.reflect.NativeMethodAccessorImpl.invoke0(Native Method)
	at java.base/jdk.internal.reflect.NativeMethodAccessorImpl.invoke(NativeMethodAccessorImpl.java:64)
	at java.base/jdk.internal.reflect.DelegatingMethodAccessorImpl.invoke(DelegatingMethodAccessorImpl.java:43)
	at java.base/java.lang.reflect.Method.invoke(Method.java:564)
	at org.springframework.beans.factory.support.SimpleInstantiationStrategy.instantiate(SimpleInstantiationStrategy.java:154)
	at org.springframework.beans.factory.support.ConstructorResolver.instantiate(ConstructorResolver.java:650)
	at org.springframework.beans.factory.support.ConstructorResolver.instantiateUsingFactoryMethod(ConstructorResolver.java:635)
	at org.springframework.beans.factory.support.AbstractAutowireCapableBeanFactory.instantiateUsingFactoryMethod(AbstractAutowireCapableBeanFactory.java:1336)
	at org.springframework.beans.factory.support.AbstractAutowireCapableBeanFactory.createBeanInstance(AbstractAutowireCapableBeanFactory.java:1176)
	at org.springframework.beans.factory.support.AbstractAutowireCapableBeanFactory.doCreateBean(AbstractAutowireCapableBeanFactory.java:556)
	at org.springframework.beans.factory.support.AbstractAutowireCapableBeanFactory.createBean(AbstractAutowireCapableBeanFactory.java:516)
	at org.springframework.beans.factory.support.AbstractBeanFactory.lambda$doGetBean$0(AbstractBeanFactory.java:324)
	at org.springframework.beans.factory.support.DefaultSingletonBeanRegistry.getSingleton(DefaultSingletonBeanRegistry.java:234)
	at org.springframework.beans.factory.support.AbstractBeanFactory.doGetBean(AbstractBeanFactory.java:322)
	at org.springframework.beans.factory.support.AbstractBeanFactory.getBean(AbstractBeanFactory.java:207)
	at org.springframework.beans.factory.support.AbstractAutowireCapableBeanFactory.resolveBeanByName(AbstractAutowireCapableBeanFactory.java:453)
	at org.springframework.context.annotation.CommonAnnotationBeanPostProcessor.autowireResource(CommonAnnotationBeanPostProcessor.java:527)
	at org.springframework.context.annotation.CommonAnnotationBeanPostProcessor.getResource(CommonAnnotationBeanPostProcessor.java:497)
	at org.springframework.context.annotation.CommonAnnotationBeanPostProcessor$ResourceElement.getResourceToInject(CommonAnnotationBeanPostProcessor.java:650)
	at org.springframework.beans.factory.annotation.InjectionMetadata$InjectedElement.inject(InjectionMetadata.java:248)
	at org.springframework.beans.factory.annotation.InjectionMetadata.inject(InjectionMetadata.java:130)
	at org.springframework.context.annotation.CommonAnnotationBeanPostProcessor.postProcessProperties(CommonAnnotationBeanPostProcessor.java:318)
	at org.springframework.beans.factory.support.AbstractAutowireCapableBeanFactory.populateBean(AbstractAutowireCapableBeanFactory.java:1420)
	at org.springframework.beans.factory.support.AbstractAutowireCapableBeanFactory.doCreateBean(AbstractAutowireCapableBeanFactory.java:593)
	at org.springframework.beans.factory.support.AbstractAutowireCapableBeanFactory.createBean(AbstractAutowireCapableBeanFactory.java:516)
	at org.springframework.beans.factory.support.AbstractBeanFactory.lambda$doGetBean$0(AbstractBeanFactory.java:324)
	at org.springframework.beans.factory.support.DefaultSingletonBeanRegistry.getSingleton(DefaultSingletonBeanRegistry.java:234)
	at org.springframework.beans.factory.support.AbstractBeanFactory.doGetBean(AbstractBeanFactory.java:322)
	at org.springframework.beans.factory.support.AbstractBeanFactory.getBean(AbstractBeanFactory.java:202)
	at org.springframework.beans.factory.support.DefaultListableBeanFactory.preInstantiateSingletons(DefaultListableBeanFactory.java:897)
	at org.springframework.context.support.AbstractApplicationContext.finishBeanFactoryInitialization(AbstractApplicationContext.java:879)
	at org.springframework.context.support.AbstractApplicationContext.refresh(AbstractApplicationContext.java:551)
	at org.springframework.context.annotation.AnnotationConfigApplicationContext.<init>(AnnotationConfigApplicationContext.java:89)
	at it.univpm.advancedcode.cri.test.unit.TestDocumentazioneDao.findDocumentoById(TestDocumentazioneDao.java:78)
	at java.base/jdk.internal.reflect.NativeMethodAccessorImpl.invoke0(Native Method)
	at java.base/jdk.internal.reflect.NativeMethodAccessorImpl.invoke(NativeMethodAccessorImpl.java:64)
	at java.base/jdk.internal.reflect.DelegatingMethodAccessorImpl.invoke(DelegatingMethodAccessorImpl.java:43)
	at java.base/java.lang.reflect.Method.invoke(Method.java:564)
	at org.junit.platform.commons.util.ReflectionUtils.invokeMethod(ReflectionUtils.java:675)
	at org.junit.jupiter.engine.execution.MethodInvocation.proceed(MethodInvocation.java:60)
	at org.junit.jupiter.engine.execution.InvocationInterceptorChain$ValidatingInvocation.proceed(InvocationInterceptorChain.java:125)
	at org.junit.jupiter.engine.extension.TimeoutExtension.intercept(TimeoutExtension.java:132)
	at org.junit.jupiter.engine.extension.TimeoutExtension.interceptTestableMethod(TimeoutExtension.java:124)
	at org.junit.jupiter.engine.extension.TimeoutExtension.interceptTestMethod(TimeoutExtension.java:74)
	at org.junit.jupiter.engine.execution.ExecutableInvoker$ReflectiveInterceptorCall.lambda$ofVoidMethod$0(ExecutableInvoker.java:115)
	at org.junit.jupiter.engine.execution.ExecutableInvoker.lambda$invoke$0(ExecutableInvoker.java:105)
	at org.junit.jupiter.engine.execution.InvocationInterceptorChain$InterceptedInvocation.proceed(InvocationInterceptorChain.java:104)
	at org.junit.jupiter.engine.execution.InvocationInterceptorChain.proceed(InvocationInterceptorChain.java:62)
	at org.junit.jupiter.engine.execution.InvocationInterceptorChain.chainAndInvoke(InvocationInterceptorChain.java:43)
	at org.junit.jupiter.engine.execution.InvocationInterceptorChain.invoke(InvocationInterceptorChain.java:35)
	at org.junit.jupiter.engine.execution.ExecutableInvoker.invoke(ExecutableInvoker.java:104)
	at org.junit.jupiter.engine.execution.ExecutableInvoker.invoke(ExecutableInvoker.java:98)
	at org.junit.jupiter.engine.descriptor.TestMethodTestDescriptor.lambda$invokeTestMethod$6(TestMethodTestDescriptor.java:202)
	at org.junit.platform.engine.support.hierarchical.ThrowableCollector.execute(ThrowableCollector.java:73)
	at org.junit.jupiter.engine.descriptor.TestMethodTestDescriptor.invokeTestMethod(TestMethodTestDescriptor.java:198)
	at org.junit.jupiter.engine.descriptor.TestMethodTestDescriptor.execute(TestMethodTestDescriptor.java:135)
	at org.junit.jupiter.engine.descriptor.TestMethodTestDescriptor.execute(TestMethodTestDescriptor.java:69)
	at org.junit.platform.engine.support.hierarchical.NodeTestTask.lambda$executeRecursively$5(NodeTestTask.java:135)
	at org.junit.platform.engine.support.hierarchical.ThrowableCollector.execute(ThrowableCollector.java:73)
	at org.junit.platform.engine.support.hierarchical.NodeTestTask.lambda$executeRecursively$7(NodeTestTask.java:125)
	at org.junit.platform.engine.support.hierarchical.Node.around(Node.java:135)
	at org.junit.platform.engine.support.hierarchical.NodeTestTask.lambda$executeRecursively$8(NodeTestTask.java:123)
	at org.junit.platform.engine.support.hierarchical.ThrowableCollector.execute(ThrowableCollector.java:73)
	at org.junit.platform.engine.support.hierarchical.NodeTestTask.executeRecursively(NodeTestTask.java:122)
	at org.junit.platform.engine.support.hierarchical.NodeTestTask.execute(NodeTestTask.java:80)
	at java.base/java.util.ArrayList.forEach(ArrayList.java:1511)
	at org.junit.platform.engine.support.hierarchical.SameThreadHierarchicalTestExecutorService.invokeAll(SameThreadHierarchicalTestExecutorService.java:38)
	at org.junit.platform.engine.support.hierarchical.NodeTestTask.lambda$executeRecursively$5(NodeTestTask.java:139)
	at org.junit.platform.engine.support.hierarchical.ThrowableCollector.execute(ThrowableCollector.java:73)
	at org.junit.platform.engine.support.hierarchical.NodeTestTask.lambda$executeRecursively$7(NodeTestTask.java:125)
	at org.junit.platform.engine.support.hierarchical.Node.around(Node.java:135)
	at org.junit.platform.engine.support.hierarchical.NodeTestTask.lambda$executeRecursively$8(NodeTestTask.java:123)
	at org.junit.platform.engine.support.hierarchical.ThrowableCollector.execute(ThrowableCollector.java:73)
	at org.junit.platform.engine.support.hierarchical.NodeTestTask.executeRecursively(NodeTestTask.java:122)
	at org.junit.platform.engine.support.hierarchical.NodeTestTask.execute(NodeTestTask.java:80)
	at java.base/java.util.ArrayList.forEach(ArrayList.java:1511)
	at org.junit.platform.engine.support.hierarchical.SameThreadHierarchicalTestExecutorService.invokeAll(SameThreadHierarchicalTestExecutorService.java:38)
	at org.junit.platform.engine.support.hierarchical.NodeTestTask.lambda$executeRecursively$5(NodeTestTask.java:139)
	at org.junit.platform.engine.support.hierarchical.ThrowableCollector.execute(ThrowableCollector.java:73)
	at org.junit.platform.engine.support.hierarchical.NodeTestTask.lambda$executeRecursively$7(NodeTestTask.java:125)
	at org.junit.platform.engine.support.hierarchical.Node.around(Node.java:135)
	at org.junit.platform.engine.support.hierarchical.NodeTestTask.lambda$executeRecursively$8(NodeTestTask.java:123)
	at org.junit.platform.engine.support.hierarchical.ThrowableCollector.execute(ThrowableCollector.java:73)
	at org.junit.platform.engine.support.hierarchical.NodeTestTask.executeRecursively(NodeTestTask.java:122)
	at org.junit.platform.engine.support.hierarchical.NodeTestTask.execute(NodeTestTask.java:80)
	at org.junit.platform.engine.support.hierarchical.SameThreadHierarchicalTestExecutorService.submit(SameThreadHierarchicalTestExecutorService.java:32)
	at org.junit.platform.engine.support.hierarchical.HierarchicalTestExecutor.execute(HierarchicalTestExecutor.java:57)
	at org.junit.platform.engine.support.hierarchical.HierarchicalTestEngine.execute(HierarchicalTestEngine.java:51)
	at org.junit.platform.launcher.core.DefaultLauncher.execute(DefaultLauncher.java:170)
	at org.junit.platform.launcher.core.DefaultLauncher.execute(DefaultLauncher.java:154)
	at org.junit.platform.launcher.core.DefaultLauncher.execute(DefaultLauncher.java:90)
	at org.junit.platform.surefire.provider.JUnitPlatformProvider.invokeAllTests(JUnitPlatformProvider.java:132)
	at org.junit.platform.surefire.provider.JUnitPlatformProvider.invoke(JUnitPlatformProvider.java:111)
	at org.apache.maven.surefire.booter.ForkedBooter.invokeProviderInSameClassLoader(ForkedBooter.java:290)
	at org.apache.maven.surefire.booter.ForkedBooter.runSuitesInProcess(ForkedBooter.java:242)
	at org.apache.maven.surefire.booter.ForkedBooter.main(ForkedBooter.java:121)
Caused by: java.sql.SQLSyntaxErrorException: Key column 'documento_id' doesn't exist in table
	at com.mysql.cj.jdbc.exceptions.SQLError.createSQLException(SQLError.java:120)
	at com.mysql.cj.jdbc.exceptions.SQLError.createSQLException(SQLError.java:97)
	at com.mysql.cj.jdbc.exceptions.SQLExceptionsMapping.translateException(SQLExceptionsMapping.java:122)
	at com.mysql.cj.jdbc.StatementImpl.executeInternal(StatementImpl.java:764)
	at com.mysql.cj.jdbc.StatementImpl.execute(StatementImpl.java:648)
	at org.hibernate.tool.schema.internal.exec.GenerationTargetToDatabase.accept(GenerationTargetToDatabase.java:54)
	... 116 more

mar 20, 2021 11:35:07 PM org.hibernate.engine.transaction.jta.platform.internal.JtaPlatformInitiator initiateService
INFO: HHH000490: Using JtaPlatform implementation: [org.hibernate.engine.transaction.jta.platform.internal.NoJtaPlatform]
[main] WARN org.springframework.context.annotation.AnnotationConfigApplicationContext - Exception encountered during context initialization - cancelling refresh attempt: org.springframework.beans.factory.BeanCreationException: Error creating bean with name 'allegatoDao': Injection of resource dependencies failed; nested exception is org.springframework.beans.factory.BeanCreationException: Error creating bean with name 'sessionFactory' defined in it.univpm.advancedcode.cri.test.DataServiceConfigTest: Bean instantiation via factory method failed; nested exception is org.springframework.beans.BeanInstantiationException: Failed to instantiate [org.hibernate.SessionFactory]: Factory method 'sessionFactory' threw exception; nested exception is java.lang.NullPointerException: Cannot read field "value" because "s1" is null
]]></system-err>
  </testcase>
  <testcase name="updateDocumentazione" classname="it.univpm.advancedcode.cri.test.unit.TestDocumentazioneDao" time="0.818">
    <error message="Error creating bean with name &apos;allegatoDao&apos;: Injection of resource dependencies failed; nested exception is org.springframework.beans.factory.BeanCreationException: Error creating bean with name &apos;sessionFactory&apos; defined in it.univpm.advancedcode.cri.test.DataServiceConfigTest: Bean instantiation via factory method failed; nested exception is org.springframework.beans.BeanInstantiationException: Failed to instantiate [org.hibernate.SessionFactory]: Factory method &apos;sessionFactory&apos; threw exception; nested exception is java.lang.NullPointerException: Cannot read field &quot;value&quot; because &quot;s1&quot; is null" type="org.springframework.beans.factory.BeanCreationException">org.springframework.beans.factory.BeanCreationException: Error creating bean with name 'allegatoDao': Injection of resource dependencies failed; nested exception is org.springframework.beans.factory.BeanCreationException: Error creating bean with name 'sessionFactory' defined in it.univpm.advancedcode.cri.test.DataServiceConfigTest: Bean instantiation via factory method failed; nested exception is org.springframework.beans.BeanInstantiationException: Failed to instantiate [org.hibernate.SessionFactory]: Factory method 'sessionFactory' threw exception; nested exception is java.lang.NullPointerException: Cannot read field "value" because "s1" is null
	at it.univpm.advancedcode.cri.test.unit.TestDocumentazioneDao.updateDocumentazione(TestDocumentazioneDao.java:129)
Caused by: org.springframework.beans.factory.BeanCreationException: Error creating bean with name 'sessionFactory' defined in it.univpm.advancedcode.cri.test.DataServiceConfigTest: Bean instantiation via factory method failed; nested exception is org.springframework.beans.BeanInstantiationException: Failed to instantiate [org.hibernate.SessionFactory]: Factory method 'sessionFactory' threw exception; nested exception is java.lang.NullPointerException: Cannot read field "value" because "s1" is null
	at it.univpm.advancedcode.cri.test.unit.TestDocumentazioneDao.updateDocumentazione(TestDocumentazioneDao.java:129)
Caused by: org.springframework.beans.BeanInstantiationException: Failed to instantiate [org.hibernate.SessionFactory]: Factory method 'sessionFactory' threw exception; nested exception is java.lang.NullPointerException: Cannot read field "value" because "s1" is null
	at it.univpm.advancedcode.cri.test.unit.TestDocumentazioneDao.updateDocumentazione(TestDocumentazioneDao.java:129)
Caused by: java.lang.NullPointerException: Cannot read field "value" because "s1" is null
	at it.univpm.advancedcode.cri.test.unit.TestDocumentazioneDao.updateDocumentazione(TestDocumentazioneDao.java:129)
</error>
    <system-out><![CDATA[Hibernate: 
    
    alter table allegati 
       drop 
       foreign key FKc1wqcbvdvsx0ibm4eqxyxwjig
Hibernate: 
    
    alter table cars_users 
       drop 
       foreign key FK3qgs6wtv8j0e16il4eymxswvw
Hibernate: 
    
    alter table cars_users 
       drop 
       foreign key FK4wumhf4rlwks00uj9w4xd49ov
Hibernate: 
    
    alter table documentazioni 
       drop 
       foreign key FKgud7iwa39rnehda6v42ggou4i
Hibernate: 
    
    alter table documentazioni 
       drop 
       foreign key FK1ao046ru696b761061qc7x93y
Hibernate: 
    
    alter table documentazioni 
       drop 
       foreign key FKlb6lp2avjgp936h63n32qp5o8
Hibernate: 
    
    alter table files 
       drop 
       foreign key FKrlj0wf6u7wnjj7eehb34g7jja
Hibernate: 
    
    alter table links 
       drop 
       foreign key FKt7s7u2cvfn8xb0jv9qck1hvlx
Hibernate: 
    
    alter table manutenzioni 
       drop 
       foreign key FK6xe371f6mj9d2r1hovbdsyxej
Hibernate: 
    
    alter table prenotazioni 
       drop 
       foreign key FKmr8ps11ija508523b17qeyuv0
Hibernate: 
    
    alter table prenotazioni 
       drop 
       foreign key FKn7qjp2eq59s5w50nk6abbc7gh
Hibernate: 
    
    alter table users 
       drop 
       foreign key FKpoou1csyotphsbao5a85ls7ey
Hibernate: 
    
    alter table users 
       drop 
       foreign key FK51tr00tuvwhf9reto9myfyue5
Hibernate: 
    
    drop table if exists allegati
Hibernate: 
    
    drop table if exists cars
Hibernate: 
    
    drop table if exists cars_users
Hibernate: 
    
    drop table if exists documentazioni
Hibernate: 
    
    drop table if exists files
Hibernate: 
    
    drop table if exists links
Hibernate: 
    
    drop table if exists manutenzioni
Hibernate: 
    
    drop table if exists prenotazioni
Hibernate: 
    
    drop table if exists users
Hibernate: 
    
    create table allegati (
       allegato_id bigint not null,
        descrizione varchar(100) not null,
        documento_id bigint not null,
        primary key (allegato_id)
    ) engine=InnoDB
Hibernate: 
    
    create table cars (
       veicolo_id bigint not null auto_increment,
        alimentazione varchar(255) not null,
        destinazioneUso varchar(255) not null,
        marca varchar(255) not null,
        massa integer not null,
        modello varchar(255) not null,
        numeroAssi integer not null,
        numeroTelaio varchar(255) not null,
        targa varchar(7) not null,
        primary key (veicolo_id)
    ) engine=InnoDB
Hibernate: 
    
    create table cars_users (
       veicolo_id bigint not null,
        username varchar(20) not null,
        primary key (veicolo_id, username)
    ) engine=InnoDB
Hibernate: 
    
    create table documentazioni (
       documento_id bigint not null auto_increment,
        costo float not null,
        dataScadenza date not null,
        descrizione varchar(300) not null,
        titolo varchar(100) not null,
        username varchar(20),
        car_veicolo_id bigint,
        primary key (documento_id)
    ) engine=InnoDB
Hibernate: 
    
    create table files (
       nome varchar(100) not null,
        noDownloadable bit not null,
        allegato_id bigint not null,
        primary key (allegato_id)
    ) engine=InnoDB
Hibernate: 
    
    create table links (
       link varchar(300) not null,
        allegato_id bigint not null,
        primary key (allegato_id)
    ) engine=InnoDB
Hibernate: 
    
    create table manutenzioni (
       manutenzione_id bigint not null auto_increment,
        costoManutenzione float,
        tipoManutenzione varchar(255),
        manutenzioneVeicolo bigint,
        primary key (manutenzione_id)
    ) engine=InnoDB
Hibernate: 
    
    create table prenotazioni (
       prenotazione_id bigint not null auto_increment,
        dataFine date,
        dataInizio date,
        descrizione varchar(255),
        oraFine time,
        oraInizio time,
        username varchar(20),
        prenotazioneVeicolo bigint,
        primary key (prenotazione_id)
    ) engine=InnoDB
Hibernate: 
    
    create table users (
       username varchar(20) not null,
        firstname varchar(100) not null,
        imageProfile varchar(100),
        lastname varchar(100) not null,
        password varchar(100) not null,
        ruolo varchar(255) not null,
        documentazione_documento_id bigint,
        prenotazione_prenotazione_id bigint,
        primary key (username)
    ) engine=InnoDB
Hibernate: 
    
    alter table cars 
       add constraint UK_ipmnvajbtd4gjg4qhmagtqnrc unique (targa)
Hibernate: 
    
    alter table documentazioni 
       add constraint UK_b02526snngumlwqd47bu678kn unique (titolo)
Hibernate: 
    
    alter table files 
       add constraint UK_f3418aqnpup7nx93e9drml0uj unique (nome)
Hibernate: 
    
    alter table allegati 
       add constraint FKc1wqcbvdvsx0ibm4eqxyxwjig 
       foreign key (documento_id) 
       references documentazioni (documento_id)
Hibernate: 
    
    alter table cars_users 
       add constraint FK3qgs6wtv8j0e16il4eymxswvw 
       foreign key (username) 
       references users (username)
Hibernate: 
    
    alter table cars_users 
       add constraint FK4wumhf4rlwks00uj9w4xd49ov 
       foreign key (veicolo_id) 
       references cars (veicolo_id)
Hibernate: 
    
    alter table documentazioni 
       add constraint FKgud7iwa39rnehda6v42ggou4i 
       foreign key (username) 
       references users (username)
Hibernate: 
    
    alter table documentazioni 
       add constraint FK1ao046ru696b761061qc7x93y 
       foreign key (car_veicolo_id) 
       references cars (veicolo_id)
Hibernate: 
    
    alter table documentazioni 
       add constraint FKlb6lp2avjgp936h63n32qp5o8 
       foreign key (documento_id) 
       references cars (veicolo_id)
Hibernate: 
    
    alter table files 
       add constraint FKrlj0wf6u7wnjj7eehb34g7jja 
       foreign key (allegato_id) 
       references allegati (allegato_id)
Hibernate: 
    
    alter table links 
       add constraint FKt7s7u2cvfn8xb0jv9qck1hvlx 
       foreign key (allegato_id) 
       references allegati (allegato_id)
Hibernate: 
    
    alter table manutenzioni 
       add constraint FK6xe371f6mj9d2r1hovbdsyxej 
       foreign key (manutenzioneVeicolo) 
       references cars (veicolo_id)
Hibernate: 
    
    alter table prenotazioni 
       add constraint FKmr8ps11ija508523b17qeyuv0 
       foreign key (username) 
       references users (username)
Hibernate: 
    
    alter table prenotazioni 
       add constraint FKn7qjp2eq59s5w50nk6abbc7gh 
       foreign key (prenotazioneVeicolo) 
       references cars (veicolo_id)
Hibernate: 
    
    alter table users 
       add constraint FKpoou1csyotphsbao5a85ls7ey 
       foreign key (documentazione_documento_id) 
       references documentazioni (documento_id)
Hibernate: 
    
    alter table users 
       add constraint FK51tr00tuvwhf9reto9myfyue5 
       foreign key (prenotazione_prenotazione_id) 
       references prenotazioni (prenotazione_id)
]]></system-out>
    <system-err><![CDATA[mar 20, 2021 11:35:08 PM org.hibernate.dialect.Dialect <init>
INFO: HHH000400: Using dialect: org.hibernate.dialect.MySQL57Dialect
mar 20, 2021 11:35:08 PM org.hibernate.tool.schema.internal.ExceptionHandlerLoggedImpl handleException
WARN: GenerationTarget encountered exception accepting command : Error executing DDL "
    alter table allegati 
       drop 
       foreign key FKc1wqcbvdvsx0ibm4eqxyxwjig" via JDBC Statement
org.hibernate.tool.schema.spi.CommandAcceptanceException: Error executing DDL "
    alter table allegati 
       drop 
       foreign key FKc1wqcbvdvsx0ibm4eqxyxwjig" via JDBC Statement
	at org.hibernate.tool.schema.internal.exec.GenerationTargetToDatabase.accept(GenerationTargetToDatabase.java:67)
	at org.hibernate.tool.schema.internal.SchemaDropperImpl.applySqlString(SchemaDropperImpl.java:375)
	at org.hibernate.tool.schema.internal.SchemaDropperImpl.applySqlStrings(SchemaDropperImpl.java:359)
	at org.hibernate.tool.schema.internal.SchemaDropperImpl.applyConstraintDropping(SchemaDropperImpl.java:331)
	at org.hibernate.tool.schema.internal.SchemaDropperImpl.dropFromMetadata(SchemaDropperImpl.java:230)
	at org.hibernate.tool.schema.internal.SchemaDropperImpl.performDrop(SchemaDropperImpl.java:154)
	at org.hibernate.tool.schema.internal.SchemaDropperImpl.doDrop(SchemaDropperImpl.java:126)
	at org.hibernate.tool.schema.internal.SchemaDropperImpl.doDrop(SchemaDropperImpl.java:112)
	at org.hibernate.tool.schema.spi.SchemaManagementToolCoordinator.performDatabaseAction(SchemaManagementToolCoordinator.java:145)
	at org.hibernate.tool.schema.spi.SchemaManagementToolCoordinator.process(SchemaManagementToolCoordinator.java:73)
	at org.hibernate.internal.SessionFactoryImpl.<init>(SessionFactoryImpl.java:316)
[...]
	at it.univpm.advancedcode.cri.test.unit.TestDocumentazioneDao.deleteDocumentazione(TestDocumentazioneDao.java:33)
Caused by: org.springframework.beans.BeanInstantiationException: Failed to instantiate [org.hibernate.SessionFactory]: Factory method 'sessionFactory' threw exception; nested exception is java.lang.NullPointerException
	at it.univpm.advancedcode.cri.test.unit.TestDocumentazioneDao.deleteDocumentazione(TestDocumentazioneDao.java:33)
Caused by: java.lang.NullPointerException
</error>
    <system-out><![CDATA[Hibernate: 
    
    alter table allegati 
       drop 
       foreign key FKc1wqcbvdvsx0ibm4eqxyxwjig
Hibernate: 
    
    alter table cars_users 
       drop 
       foreign key FK3qgs6wtv8j0e16il4eymxswvw
Hibernate: 
    
    alter table cars_users 
       drop 
       foreign key FK4wumhf4rlwks00uj9w4xd49ov
Hibernate: 
    
    alter table documentazioni 
       drop 
       foreign key FKgud7iwa39rnehda6v42ggou4i
Hibernate: 
    
    alter table documentazioni 
       drop 
       foreign key FK1ao046ru696b761061qc7x93y
Hibernate: 
    
    alter table documentazioni 
       drop 
       foreign key FKlb6lp2avjgp936h63n32qp5o8
Hibernate: 
    
    alter table files 
       drop 
       foreign key FKrlj0wf6u7wnjj7eehb34g7jja
Hibernate: 
    
    alter table links 
       drop 
       foreign key FKt7s7u2cvfn8xb0jv9qck1hvlx
Hibernate: 
    
    alter table manutenzioni 
       drop 
       foreign key FK6xe371f6mj9d2r1hovbdsyxej
Hibernate: 
    
    alter table prenotazioni 
       drop 
       foreign key FKmr8ps11ija508523b17qeyuv0
Hibernate: 
    
    alter table prenotazioni 
       drop 
       foreign key FKn7qjp2eq59s5w50nk6abbc7gh
Hibernate: 
    
    alter table users 
       drop 
       foreign key FKpoou1csyotphsbao5a85ls7ey
Hibernate: 
    
    alter table users 
       drop 
       foreign key FK51tr00tuvwhf9reto9myfyue5
Hibernate: 
    
    drop table if exists allegati
Hibernate: 
    
    drop table if exists cars
Hibernate: 
    
    drop table if exists cars_users
Hibernate: 
    
    drop table if exists documentazioni
Hibernate: 
    
    drop table if exists files
Hibernate: 
    
    drop table if exists links
Hibernate: 
    
    drop table if exists manutenzioni
Hibernate: 
    
    drop table if exists prenotazioni
Hibernate: 
    
    drop table if exists users
Hibernate: 
    
    create table allegati (
       allegato_id bigint not null,
        descrizione varchar(100) not null,
        documento_id bigint not null,
        primary key (allegato_id)
    ) engine=InnoDB
Hibernate: 
    
    create table cars (
       veicolo_id bigint not null auto_increment,
        alimentazione varchar(255) not null,
        destinazioneUso varchar(255) not null,
        marca varchar(255) not null,
        massa integer not null,
        modello varchar(255) not null,
        numeroAssi integer not null,
        numeroTelaio varchar(255) not null,
        targa varchar(7) not null,
        primary key (veicolo_id)
    ) engine=InnoDB
Hibernate: 
    
    create table cars_users (
       veicolo_id bigint not null,
        username varchar(20) not null,
        primary key (veicolo_id, username)
    ) engine=InnoDB
Hibernate: 
    
    create table documentazioni (
       documento_id bigint not null auto_increment,
        costo float not null,
        dataScadenza date not null,
        descrizione varchar(300) not null,
        titolo varchar(100) not null,
        username varchar(20),
        car_veicolo_id bigint,
        primary key (documento_id)
    ) engine=InnoDB
Hibernate: 
    
    create table files (
       nome varchar(100) not null,
        noDownloadable bit not null,
        allegato_id bigint not null,
        primary key (allegato_id)
    ) engine=InnoDB
Hibernate: 
    
    create table links (
       link varchar(300) not null,
        allegato_id bigint not null,
        primary key (allegato_id)
    ) engine=InnoDB
Hibernate: 
    
    create table manutenzioni (
       manutenzione_id bigint not null auto_increment,
        costoManutenzione float,
        tipoManutenzione varchar(255),
        manutenzioneVeicolo bigint,
        primary key (manutenzione_id)
    ) engine=InnoDB
Hibernate: 
    
    create table prenotazioni (
       prenotazione_id bigint not null auto_increment,
        dataFine date,
        dataInizio date,
        descrizione varchar(255),
        oraFine time,
        oraInizio time,
        username varchar(20),
        prenotazioneVeicolo bigint,
        primary key (prenotazione_id)
    ) engine=InnoDB
Hibernate: 
    
    create table users (
       username varchar(20) not null,
        firstname varchar(100) not null,
        imageProfile varchar(100),
        lastname varchar(100) not null,
        password varchar(100) not null,
        ruolo varchar(255) not null,
        documentazione_documento_id bigint,
        prenotazione_prenotazione_id bigint,
        primary key (username)
    ) engine=InnoDB
Hibernate: 
    
    alter table cars 
       add constraint UK_ipmnvajbtd4gjg4qhmagtqnrc unique (targa)
Hibernate: 
    
    alter table documentazioni 
       add constraint UK_b02526snngumlwqd47bu678kn unique (titolo)
Hibernate: 
    
    alter table files 
       add constraint UK_f3418aqnpup7nx93e9drml0uj unique (nome)
Hibernate: 
    
    alter table allegati 
       add constraint FKc1wqcbvdvsx0ibm4eqxyxwjig 
       foreign key (documento_id) 
       references documentazioni (documento_id)
Hibernate: 
    
    alter table cars_users 
       add constraint FK3qgs6wtv8j0e16il4eymxswvw 
       foreign key (username) 
       references users (username)
Hibernate: 
    
    alter table cars_users 
       add constraint FK4wumhf4rlwks00uj9w4xd49ov 
       foreign key (veicolo_id) 
       references cars (veicolo_id)
Hibernate: 
    
    alter table documentazioni 
       add constraint FKgud7iwa39rnehda6v42ggou4i 
       foreign key (username) 
       references users (username)
Hibernate: 
    
    alter table documentazioni 
       add constraint FK1ao046ru696b761061qc7x93y 
       foreign key (car_veicolo_id) 
       references cars (veicolo_id)
Hibernate: 
    
    alter table documentazioni 
       add constraint FKlb6lp2avjgp936h63n32qp5o8 
       foreign key (documento_id) 
       references cars (veicolo_id)
Hibernate: 
    
    alter table files 
       add constraint FKrlj0wf6u7wnjj7eehb34g7jja 
       foreign key (allegato_id) 
       references allegati (allegato_id)
Hibernate: 
    
    alter table links 
       add constraint FKt7s7u2cvfn8xb0jv9qck1hvlx 
       foreign key (allegato_id) 
       references allegati (allegato_id)
Hibernate: 
    
    alter table manutenzioni 
       add constraint FK6xe371f6mj9d2r1hovbdsyxej 
       foreign key (manutenzioneVeicolo) 
       references cars (veicolo_id)
Hibernate: 
    
    alter table prenotazioni 
       add constraint FKmr8ps11ija508523b17qeyuv0 
       foreign key (username) 
       references users (username)
Hibernate: 
    
    alter table prenotazioni 
       add constraint FKn7qjp2eq59s5w50nk6abbc7gh 
       foreign key (prenotazioneVeicolo) 
       references cars (veicolo_id)
Hibernate: 
    
    alter table users 
       add constraint FKpoou1csyotphsbao5a85ls7ey 
       foreign key (documentazione_documento_id) 
       references documentazioni (documento_id)
Hibernate: 
    
    alter table users 
       add constraint FK51tr00tuvwhf9reto9myfyue5 
       foreign key (prenotazione_prenotazione_id) 
       references prenotazioni (prenotazione_id)
]]></system-out>
    <system-err><![CDATA[mar 20, 2021 11:35:08 PM org.hibernate.dialect.Dialect <init>
INFO: HHH000400: Using dialect: org.hibernate.dialect.MySQL57Dialect
mar 20, 2021 11:35:09 PM org.hibernate.engine.transaction.jta.platform.internal.JtaPlatformInitiator initiateService
INFO: HHH000490: Using JtaPlatform implementation: [org.hibernate.engine.transaction.jta.platform.internal.NoJtaPlatform]
[main] WARN org.springframework.context.annotation.AnnotationConfigApplicationContext - Exception encountered during context initialization - cancelling refresh attempt: org.springframework.beans.factory.BeanCreationException: Error creating bean with name 'allegatoDao': Injection of resource dependencies failed; nested exception is org.springframework.beans.factory.BeanCreationException: Error creating bean with name 'sessionFactory' defined in it.univpm.advancedcode.cri.test.DataServiceConfigTest: Bean instantiation via factory method failed; nested exception is org.springframework.beans.BeanInstantiationException: Failed to instantiate [org.hibernate.SessionFactory]: Factory method 'sessionFactory' threw exception; nested exception is java.lang.NullPointerException
]]></system-err>
  </testcase>
  <testcase name="noDocumentazioneAtBeginning" classname="it.univpm.advancedcode.cri.test.unit.TestDocumentazioneDao" time="0.749">
    <error message="Error creating bean with name &apos;allegatoDao&apos;: Injection of resource dependencies failed; nested exception is org.springframework.beans.factory.BeanCreationException: Error creating bean with name &apos;sessionFactory&apos; defined in it.univpm.advancedcode.cri.test.DataServiceConfigTest: Bean instantiation via factory method failed; nested exception is org.springframework.beans.BeanInstantiationException: Failed to instantiate [org.hibernate.SessionFactory]: Factory method &apos;sessionFactory&apos; threw exception; nested exception is java.lang.NullPointerException" type="org.springframework.beans.factory.BeanCreationException">org.springframework.beans.factory.BeanCreationException: Error creating bean with name 'allegatoDao': Injection of resource dependencies failed; nested exception is org.springframework.beans.factory.BeanCreationException: Error creating bean with name 'sessionFactory' defined in it.univpm.advancedcode.cri.test.DataServiceConfigTest: Bean instantiation via factory method failed; nested exception is org.springframework.beans.BeanInstantiationException: Failed to instantiate [org.hibernate.SessionFactory]: Factory method 'sessionFactory' threw exception; nested exception is java.lang.NullPointerException
	at it.univpm.advancedcode.cri.test.unit.TestDocumentazioneDao.noDocumentazioneAtBeginning(TestDocumentazioneDao.java:114)
Caused by: org.springframework.beans.factory.BeanCreationException: Error creating bean with name 'sessionFactory' defined in it.univpm.advancedcode.cri.test.DataServiceConfigTest: Bean instantiation via factory method failed; nested exception is org.springframework.beans.BeanInstantiationException: Failed to instantiate [org.hibernate.SessionFactory]: Factory method 'sessionFactory' threw exception; nested exception is java.lang.NullPointerException
	at it.univpm.advancedcode.cri.test.unit.TestDocumentazioneDao.noDocumentazioneAtBeginning(TestDocumentazioneDao.java:114)
Caused by: org.springframework.beans.BeanInstantiationException: Failed to instantiate [org.hibernate.SessionFactory]: Factory method 'sessionFactory' threw exception; nested exception is java.lang.NullPointerException
	at it.univpm.advancedcode.cri.test.unit.TestDocumentazioneDao.noDocumentazioneAtBeginning(TestDocumentazioneDao.java:114)
Caused by: java.lang.NullPointerException
</error>
    <system-out><![CDATA[Hibernate: 
    
    alter table allegati 
       drop 
       foreign key FKc1wqcbvdvsx0ibm4eqxyxwjig
Hibernate: 
    
    alter table cars_users 
       drop 
       foreign key FK3qgs6wtv8j0e16il4eymxswvw
Hibernate: 
    
    alter table cars_users 
       drop 
       foreign key FK4wumhf4rlwks00uj9w4xd49ov
Hibernate: 
    
    alter table documentazioni 
       drop 
       foreign key FKgud7iwa39rnehda6v42ggou4i
Hibernate: 
    
    alter table documentazioni 
       drop 
       foreign key FK1ao046ru696b761061qc7x93y
Hibernate: 
    
    alter table documentazioni 
       drop 
       foreign key FKlb6lp2avjgp936h63n32qp5o8
Hibernate: 
    
    alter table files 
       drop 
       foreign key FKrlj0wf6u7wnjj7eehb34g7jja
Hibernate: 
    
    alter table links 
       drop 
       foreign key FKt7s7u2cvfn8xb0jv9qck1hvlx
Hibernate: 
    
    alter table manutenzioni 
       drop 
       foreign key FK6xe371f6mj9d2r1hovbdsyxej
Hibernate: 
    
    alter table prenotazioni 
       drop 
       foreign key FKmr8ps11ija508523b17qeyuv0
Hibernate: 
    
    alter table prenotazioni 
       drop 
       foreign key FKn7qjp2eq59s5w50nk6abbc7gh
Hibernate: 
    
    alter table users 
       drop 
       foreign key FKpoou1csyotphsbao5a85ls7ey
Hibernate: 
    
    alter table users 
       drop 
       foreign key FK51tr00tuvwhf9reto9myfyue5
Hibernate: 
    
    drop table if exists allegati
Hibernate: 
    
    drop table if exists cars
Hibernate: 
    
    drop table if exists cars_users
Hibernate: 
    
    drop table if exists documentazioni
Hibernate: 
    
    drop table if exists files
Hibernate: 
    
    drop table if exists links
Hibernate: 
    
    drop table if exists manutenzioni
Hibernate: 
    
    drop table if exists prenotazioni
Hibernate: 
    
    drop table if exists users
Hibernate: 
    
    create table allegati (
       allegato_id bigint not null,
        descrizione varchar(100) not null,
        documento_id bigint not null,
        primary key (allegato_id)
    ) engine=InnoDB
Hibernate: 
    
    create table cars (
       veicolo_id bigint not null auto_increment,
        alimentazione varchar(255) not null,
        destinazioneUso varchar(255) not null,
        marca varchar(255) not null,
        massa integer not null,
        modello varchar(255) not null,
        numeroAssi integer not null,
        numeroTelaio varchar(255) not null,
        targa varchar(7) not null,
        primary key (veicolo_id)
    ) engine=InnoDB
Hibernate: 
    
    create table cars_users (
       veicolo_id bigint not null,
        username varchar(20) not null,
        primary key (veicolo_id, username)
    ) engine=InnoDB
Hibernate: 
    
    create table documentazioni (
       documento_id bigint not null auto_increment,
        costo float not null,
        dataScadenza date not null,
        descrizione varchar(300) not null,
        titolo varchar(100) not null,
        username varchar(20),
        car_veicolo_id bigint,
        primary key (documento_id)
    ) engine=InnoDB
Hibernate: 
    
    create table files (
       nome varchar(100) not null,
        noDownloadable bit not null,
        allegato_id bigint not null,
        primary key (allegato_id)
    ) engine=InnoDB
Hibernate: 
    
    create table links (
       link varchar(300) not null,
        allegato_id bigint not null,
        primary key (allegato_id)
    ) engine=InnoDB
Hibernate: 
    
    create table manutenzioni (
       manutenzione_id bigint not null auto_increment,
        costoManutenzione float,
        tipoManutenzione varchar(255),
        manutenzioneVeicolo bigint,
        primary key (manutenzione_id)
    ) engine=InnoDB
Hibernate: 
    
    create table prenotazioni (
       prenotazione_id bigint not null auto_increment,
        dataFine date,
        dataInizio date,
        descrizione varchar(255),
        oraFine time,
        oraInizio time,
        username varchar(20),
        prenotazioneVeicolo bigint,
        primary key (prenotazione_id)
    ) engine=InnoDB
Hibernate: 
    
    create table users (
       username varchar(20) not null,
        firstname varchar(100) not null,
        imageProfile varchar(100),
        lastname varchar(100) not null,
        password varchar(100) not null,
        ruolo varchar(255) not null,
        documentazione_documento_id bigint,
        prenotazione_prenotazione_id bigint,
        primary key (username)
    ) engine=InnoDB
Hibernate: 
    
    alter table cars 
       add constraint UK_ipmnvajbtd4gjg4qhmagtqnrc unique (targa)
Hibernate: 
    
    alter table documentazioni 
       add constraint UK_b02526snngumlwqd47bu678kn unique (titolo)
Hibernate: 
    
    alter table files 
       add constraint UK_f3418aqnpup7nx93e9drml0uj unique (nome)
Hibernate: 
    
    alter table allegati 
       add constraint FKc1wqcbvdvsx0ibm4eqxyxwjig 
       foreign key (documento_id) 
       references documentazioni (documento_id)
Hibernate: 
    
    alter table cars_users 
       add constraint FK3qgs6wtv8j0e16il4eymxswvw 
       foreign key (username) 
       references users (username)
Hibernate: 
    
    alter table cars_users 
       add constraint FK4wumhf4rlwks00uj9w4xd49ov 
       foreign key (veicolo_id) 
       references cars (veicolo_id)
Hibernate: 
    
    alter table documentazioni 
       add constraint FKgud7iwa39rnehda6v42ggou4i 
       foreign key (username) 
       references users (username)
Hibernate: 
    
    alter table documentazioni 
       add constraint FK1ao046ru696b761061qc7x93y 
       foreign key (car_veicolo_id) 
       references cars (veicolo_id)
Hibernate: 
    
    alter table documentazioni 
       add constraint FKlb6lp2avjgp936h63n32qp5o8 
       foreign key (documento_id) 
       references cars (veicolo_id)
Hibernate: 
    
    alter table files 
       add constraint FKrlj0wf6u7wnjj7eehb34g7jja 
       foreign key (allegato_id) 
       references allegati (allegato_id)
Hibernate: 
    
    alter table links 
       add constraint FKt7s7u2cvfn8xb0jv9qck1hvlx 
       foreign key (allegato_id) 
       references allegati (allegato_id)
Hibernate: 
    
    alter table manutenzioni 
       add constraint FK6xe371f6mj9d2r1hovbdsyxej 
       foreign key (manutenzioneVeicolo) 
       references cars (veicolo_id)
Hibernate: 
    
    alter table prenotazioni 
       add constraint FKmr8ps11ija508523b17qeyuv0 
       foreign key (username) 
       references users (username)
Hibernate: 
    
    alter table prenotazioni 
       add constraint FKn7qjp2eq59s5w50nk6abbc7gh 
       foreign key (prenotazioneVeicolo) 
       references cars (veicolo_id)
Hibernate: 
    
    alter table users 
       add constraint FKpoou1csyotphsbao5a85ls7ey 
       foreign key (documentazione_documento_id) 
       references documentazioni (documento_id)
Hibernate: 
    
    alter table users 
       add constraint FK51tr00tuvwhf9reto9myfyue5 
       foreign key (prenotazione_prenotazione_id) 
       references prenotazioni (prenotazione_id)
]]></system-out>
    <system-err><![CDATA[mar 20, 2021 11:35:09 PM org.hibernate.dialect.Dialect <init>
INFO: HHH000400: Using dialect: org.hibernate.dialect.MySQL57Dialect
mar 20, 2021 11:35:10 PM org.hibernate.engine.transaction.jta.platform.internal.JtaPlatformInitiator initiateService
INFO: HHH000490: Using JtaPlatform implementation: [org.hibernate.engine.transaction.jta.platform.internal.NoJtaPlatform]
[main] WARN org.springframework.context.annotation.AnnotationConfigApplicationContext - Exception encountered during context initialization - cancelling refresh attempt: org.springframework.beans.factory.BeanCreationException: Error creating bean with name 'allegatoDao': Injection of resource dependencies failed; nested exception is org.springframework.beans.factory.BeanCreationException: Error creating bean with name 'sessionFactory' defined in it.univpm.advancedcode.cri.test.DataServiceConfigTest: Bean instantiation via factory method failed; nested exception is org.springframework.beans.BeanInstantiationException: Failed to instantiate [org.hibernate.SessionFactory]: Factory method 'sessionFactory' threw exception; nested exception is java.lang.NullPointerException
]]></system-err>
  </testcase>
</testsuite>