<?xml version="1.0" encoding="UTF-8"?>
<testsuite xmlns:xsi="http://www.w3.org/2001/XMLSchema-instance" xsi:schemaLocation="https://maven.apache.org/surefire/maven-surefire-plugin/xsd/surefire-test-report.xsd" name="it.univpm.advancedcode.cri.test.unit.Service.TestFileService" time="2.056" tests="3" errors="3" skipped="0" failures="0">
  <properties>
[...]
</properties>
  <testcase name="createAndDelete" classname="it.univpm.advancedcode.cri.test.unit.Service.TestFileService" time="0.525">
    <error message="Error creating bean with name &apos;allegatoDao&apos;: Injection of resource dependencies failed; nested exception is org.springframework.beans.factory.BeanCreationException: Error creating bean with name &apos;sessionFactory&apos; defined in it.univpm.advancedcode.cri.test.DataServiceConfigTest: Bean instantiation via factory method failed; nested exception is org.springframework.beans.BeanInstantiationException: Failed to instantiate [org.hibernate.SessionFactory]: Factory method &apos;sessionFactory&apos; threw exception; nested exception is java.lang.NullPointerException" type="org.springframework.beans.factory.BeanCreationException">org.springframework.beans.factory.BeanCreationException: Error creating bean with name 'allegatoDao': Injection of resource dependencies failed; nested exception is org.springframework.beans.factory.BeanCreationException: Error creating bean with name 'sessionFactory' defined in it.univpm.advancedcode.cri.test.DataServiceConfigTest: Bean instantiation via factory method failed; nested exception is org.springframework.beans.BeanInstantiationException: Failed to instantiate [org.hibernate.SessionFactory]: Factory method 'sessionFactory' threw exception; nested exception is java.lang.NullPointerException
	at it.univpm.advancedcode.cri.test.unit.Service.TestFileService.openContext(TestFileService.java:47)
Caused by: org.springframework.beans.factory.BeanCreationException: Error creating bean with name 'sessionFactory' defined in it.univpm.advancedcode.cri.test.DataServiceConfigTest: Bean instantiation via factory method failed; nested exception is org.springframework.beans.BeanInstantiationException: Failed to instantiate [org.hibernate.SessionFactory]: Factory method 'sessionFactory' threw exception; nested exception is java.lang.NullPointerException
	at it.univpm.advancedcode.cri.test.unit.Service.TestFileService.openContext(TestFileService.java:47)
Caused by: org.springframework.beans.BeanInstantiationException: Failed to instantiate [org.hibernate.SessionFactory]: Factory method 'sessionFactory' threw exception; nested exception is java.lang.NullPointerException
	at it.univpm.advancedcode.cri.test.unit.Service.TestFileService.openContext(TestFileService.java:47)
Caused by: java.lang.NullPointerException
</error>
    <system-out><![CDATA[Hibernate: 
    
    alter table cars_users 
       drop 
       foreign key FKggomnulika159908lmn7ge4kh
Hibernate: 
    
    alter table cars_users 
       drop 
       foreign key FK1nkhcbr1dcu47h1iyj0ddpyct
Hibernate: 
    
    alter table documentazioni 
       drop 
       foreign key FKjg6nxhbxxvlcf5rxrh771peb3
Hibernate: 
    
    alter table documentazioni 
       drop 
       foreign key FKd8q7hnqahs9uwbrwvcd68fomy
Hibernate: 
    
    alter table documentazioni 
       drop 
       foreign key FK16c0xp68vkca568lx33bqg2wk
Hibernate: 
    
    alter table files 
       drop 
       foreign key FK2694q75cal40cd4rg53dj8kj7
Hibernate: 
    
    alter table links 
       drop 
       foreign key FKa80hd50qo8hjreixvn620io9k
Hibernate: 
    
    alter table manutenzioni 
       drop 
       foreign key FKq0rkpita5jstk3lwkgwpxk940
Hibernate: 
    
    alter table prenotazioni 
       drop 
       foreign key FK7ci1or4hwu7fqmef36dex9iuc
Hibernate: 
    
    alter table prenotazioni 
       drop 
       foreign key FKpknqwoaxb42yayhxun61htp2o
Hibernate: 
    
    alter table users 
       drop 
       foreign key FKavo9wdbl7qffjfsmy92s4e0sa
Hibernate: 
    
    alter table users 
       drop 
       foreign key FK3tsx15ac8111scblfx4tgy6uf
Hibernate: 
    
    drop table if exists allegati
Hibernate: 
    
    drop table if exists cars
Hibernate: 
    
    drop table if exists cars_users
Hibernate: 
    
    drop table if exists documentazioni
Hibernate: 
    
    drop table if exists files
Hibernate: 
    
    drop table if exists links
Hibernate: 
    
    drop table if exists manutenzioni
Hibernate: 
    
    drop table if exists prenotazioni
Hibernate: 
    
    drop table if exists users
Hibernate: 
    
    create table allegati (
       ALLEGATO_ID bigint not null auto_increment,
        DESCRIZIONE varchar(100) not null,
        primary key (ALLEGATO_ID)
    ) engine=InnoDB
Hibernate: 
    
    create table cars (
       VEICOLO_ID bigint not null auto_increment,
        ALIMENTAZIONE varchar(255) not null,
        DESTINAZIONE_USO varchar(255) not null,
        MARCA varchar(255) not null,
        MASSA integer not null,
        MODELLO varchar(255) not null,
        NUMERO_ASSI integer not null,
        NUMERO_TELAIO varchar(255) not null,
        TARGA varchar(7) not null,
        primary key (VEICOLO_ID)
    ) engine=InnoDB
Hibernate: 
    
    create table cars_users (
       VEICOLO_ID bigint not null,
        USERNAME varchar(20) not null,
        primary key (VEICOLO_ID, USERNAME)
    ) engine=InnoDB
Hibernate: 
    
    create table documentazioni (
       DOCUMENTO_ID bigint not null auto_increment,
        COSTO float not null,
        DATA_SCADENZA datetime(6) not null,
        DESCRIZIONE varchar(300) not null,
        TITOLO varchar(100) not null,
        allegato_id bigint,
        USERNAME varchar(20),
        documentazione_id bigint,
        primary key (DOCUMENTO_ID)
    ) engine=InnoDB
Hibernate: 
    
    create table files (
       NOME varchar(100) not null,
        noDownloadable bit not null,
        ALLEGATO_ID bigint not null,
        primary key (ALLEGATO_ID)
    ) engine=InnoDB
Hibernate: 
    
    create table links (
       link varchar(300) not null,
        ALLEGATO_ID bigint not null,
        primary key (ALLEGATO_ID)
    ) engine=InnoDB
Hibernate: 
    
    create table manutenzioni (
       MANUTENZIONE_ID bigint not null auto_increment,
        COSTO_MANUTENZIONE float,
        TIPO_MANUTENZIONE varchar(255),
        primary key (MANUTENZIONE_ID)
    ) engine=InnoDB
Hibernate: 
    
    create table prenotazioni (
       PRENOTAZIONE_ID bigint not null auto_increment,
        DATA_FINE datetime(6),
        DATA_INIZIO datetime(6),
        DESCRIZIONE varchar(255),
        ORA_FINE time,
        ORA_INIZIO time,
        USERNAME varchar(20),
        primary key (PRENOTAZIONE_ID)
    ) engine=InnoDB
Hibernate: 
    
    create table users (
       USERNAME varchar(20) not null,
        FIRSTNAME varchar(100) not null,
        IMAGE_PROFILE varchar(100),
        LASTNAME varchar(100) not null,
        PASSWORD varchar(100) not null,
        RUOLO varchar(255) not null,
        documentazione_DOCUMENTO_ID bigint,
        prenotazione_PRENOTAZIONE_ID bigint,
        primary key (USERNAME)
    ) engine=InnoDB
Hibernate: 
    
    alter table cars 
       add constraint UK_f3o59i3swsgpf4hdin5eqk3tq unique (TARGA)
Hibernate: 
    
    alter table documentazioni 
       add constraint UK_doj1fn4ddn5m8lx7rs67aff3q unique (TITOLO)
Hibernate: 
    
    alter table files 
       add constraint UK_de4r68jllri06v2g0dpmsyuxi unique (NOME)
Hibernate: 
    
    alter table cars_users 
       add constraint FKggomnulika159908lmn7ge4kh 
       foreign key (USERNAME) 
       references users (USERNAME)
Hibernate: 
    
    alter table cars_users 
       add constraint FK1nkhcbr1dcu47h1iyj0ddpyct 
       foreign key (VEICOLO_ID) 
       references cars (VEICOLO_ID)
Hibernate: 
    
    alter table documentazioni 
       add constraint FKjg6nxhbxxvlcf5rxrh771peb3 
       foreign key (allegato_id) 
       references allegati (ALLEGATO_ID)
Hibernate: 
    
    alter table documentazioni 
       add constraint FKd8q7hnqahs9uwbrwvcd68fomy 
       foreign key (USERNAME) 
       references users (USERNAME)
Hibernate: 
    
    alter table documentazioni 
       add constraint FK16c0xp68vkca568lx33bqg2wk 
       foreign key (documentazione_id) 
       references cars (VEICOLO_ID)
Hibernate: 
    
    alter table files 
       add constraint FK2694q75cal40cd4rg53dj8kj7 
       foreign key (ALLEGATO_ID) 
       references allegati (ALLEGATO_ID)
Hibernate: 
    
    alter table links 
       add constraint FKa80hd50qo8hjreixvn620io9k 
       foreign key (ALLEGATO_ID) 
       references allegati (ALLEGATO_ID)
Hibernate: 
    
    alter table manutenzioni 
       add constraint FKq0rkpita5jstk3lwkgwpxk940 
       foreign key (manutenzione_id) 
       references cars (VEICOLO_ID)
Hibernate: 
    
    alter table prenotazioni 
       add constraint FK7ci1or4hwu7fqmef36dex9iuc 
       foreign key (USERNAME) 
       references users (USERNAME)
Hibernate: 
    
    alter table prenotazioni 
       add constraint FKpknqwoaxb42yayhxun61htp2o 
       foreign key (prenotazione_id) 
       references cars (VEICOLO_ID)
Hibernate: 
    
    alter table users 
       add constraint FKavo9wdbl7qffjfsmy92s4e0sa 
       foreign key (documentazione_DOCUMENTO_ID) 
       references documentazioni (DOCUMENTO_ID)
Hibernate: 
    
    alter table users 
       add constraint FK3tsx15ac8111scblfx4tgy6uf 
       foreign key (prenotazione_PRENOTAZIONE_ID) 
       references prenotazioni (PRENOTAZIONE_ID)
]]></system-out>
    <system-err><![CDATA[mar 18, 2021 5:15:14 PM org.hibernate.dialect.Dialect <init>
INFO: HHH000400: Using dialect: org.hibernate.dialect.MySQL57Dialect
mar 18, 2021 5:15:14 PM org.hibernate.engine.transaction.jta.platform.internal.JtaPlatformInitiator initiateService
INFO: HHH000490: Using JtaPlatform implementation: [org.hibernate.engine.transaction.jta.platform.internal.NoJtaPlatform]
[main] WARN org.springframework.context.annotation.AnnotationConfigApplicationContext - Exception encountered during context initialization - cancelling refresh attempt: org.springframework.beans.factory.BeanCreationException: Error creating bean with name 'allegatoDao': Injection of resource dependencies failed; nested exception is org.springframework.beans.factory.BeanCreationException: Error creating bean with name 'sessionFactory' defined in it.univpm.advancedcode.cri.test.DataServiceConfigTest: Bean instantiation via factory method failed; nested exception is org.springframework.beans.BeanInstantiationException: Failed to instantiate [org.hibernate.SessionFactory]: Factory method 'sessionFactory' threw exception; nested exception is java.lang.NullPointerException
]]></system-err>
  </testcase>
  <testcase name="createAndUpdate" classname="it.univpm.advancedcode.cri.test.unit.Service.TestFileService" time="0.791">
    <error message="Error creating bean with name &apos;allegatoDao&apos;: Injection of resource dependencies failed; nested exception is org.springframework.beans.factory.BeanCreationException: Error creating bean with name &apos;sessionFactory&apos; defined in it.univpm.advancedcode.cri.test.DataServiceConfigTest: Bean instantiation via factory method failed; nested exception is org.springframework.beans.BeanInstantiationException: Failed to instantiate [org.hibernate.SessionFactory]: Factory method &apos;sessionFactory&apos; threw exception; nested exception is java.lang.NullPointerException" type="org.springframework.beans.factory.BeanCreationException">org.springframework.beans.factory.BeanCreationException: Error creating bean with name 'allegatoDao': Injection of resource dependencies failed; nested exception is org.springframework.beans.factory.BeanCreationException: Error creating bean with name 'sessionFactory' defined in it.univpm.advancedcode.cri.test.DataServiceConfigTest: Bean instantiation via factory method failed; nested exception is org.springframework.beans.BeanInstantiationException: Failed to instantiate [org.hibernate.SessionFactory]: Factory method 'sessionFactory' threw exception; nested exception is java.lang.NullPointerException
	at it.univpm.advancedcode.cri.test.unit.Service.TestFileService.openContext(TestFileService.java:47)
Caused by: org.springframework.beans.factory.BeanCreationException: Error creating bean with name 'sessionFactory' defined in it.univpm.advancedcode.cri.test.DataServiceConfigTest: Bean instantiation via factory method failed; nested exception is org.springframework.beans.BeanInstantiationException: Failed to instantiate [org.hibernate.SessionFactory]: Factory method 'sessionFactory' threw exception; nested exception is java.lang.NullPointerException
	at it.univpm.advancedcode.cri.test.unit.Service.TestFileService.openContext(TestFileService.java:47)
Caused by: org.springframework.beans.BeanInstantiationException: Failed to instantiate [org.hibernate.SessionFactory]: Factory method 'sessionFactory' threw exception; nested exception is java.lang.NullPointerException
	at it.univpm.advancedcode.cri.test.unit.Service.TestFileService.openContext(TestFileService.java:47)
Caused by: java.lang.NullPointerException
</error>
    <system-out><![CDATA[Hibernate: 
    
    alter table cars_users 
       drop 
       foreign key FKggomnulika159908lmn7ge4kh
Hibernate: 
    
    alter table cars_users 
       drop 
       foreign key FK1nkhcbr1dcu47h1iyj0ddpyct
Hibernate: 
    
    alter table documentazioni 
       drop 
       foreign key FKjg6nxhbxxvlcf5rxrh771peb3
Hibernate: 
    
    alter table documentazioni 
       drop 
       foreign key FKd8q7hnqahs9uwbrwvcd68fomy
Hibernate: 
    
    alter table documentazioni 
       drop 
       foreign key FK16c0xp68vkca568lx33bqg2wk
Hibernate: 
    
    alter table files 
       drop 
       foreign key FK2694q75cal40cd4rg53dj8kj7
Hibernate: 
    
    alter table links 
       drop 
       foreign key FKa80hd50qo8hjreixvn620io9k
Hibernate: 
    
    alter table manutenzioni 
       drop 
       foreign key FKq0rkpita5jstk3lwkgwpxk940
Hibernate: 
    
    alter table prenotazioni 
       drop 
       foreign key FK7ci1or4hwu7fqmef36dex9iuc
Hibernate: 
    
    alter table prenotazioni 
       drop 
       foreign key FKpknqwoaxb42yayhxun61htp2o
Hibernate: 
    
    alter table users 
       drop 
       foreign key FKavo9wdbl7qffjfsmy92s4e0sa
Hibernate: 
    
    alter table users 
       drop 
       foreign key FK3tsx15ac8111scblfx4tgy6uf
Hibernate: 
    
    drop table if exists allegati
Hibernate: 
    
    drop table if exists cars
Hibernate: 
    
    drop table if exists cars_users
Hibernate: 
    
    drop table if exists documentazioni
Hibernate: 
    
    drop table if exists files
Hibernate: 
    
    drop table if exists links
Hibernate: 
    
    drop table if exists manutenzioni
Hibernate: 
    
    drop table if exists prenotazioni
Hibernate: 
    
    drop table if exists users
Hibernate: 
    
    create table allegati (
       ALLEGATO_ID bigint not null auto_increment,
        DESCRIZIONE varchar(100) not null,
        primary key (ALLEGATO_ID)
    ) engine=InnoDB
Hibernate: 
    
    create table cars (
       VEICOLO_ID bigint not null auto_increment,
        ALIMENTAZIONE varchar(255) not null,
        DESTINAZIONE_USO varchar(255) not null,
        MARCA varchar(255) not null,
        MASSA integer not null,
        MODELLO varchar(255) not null,
        NUMERO_ASSI integer not null,
        NUMERO_TELAIO varchar(255) not null,
        TARGA varchar(7) not null,
        primary key (VEICOLO_ID)
    ) engine=InnoDB
Hibernate: 
    
    create table cars_users (
       VEICOLO_ID bigint not null,
        USERNAME varchar(20) not null,
        primary key (VEICOLO_ID, USERNAME)
    ) engine=InnoDB
Hibernate: 
    
    create table documentazioni (
       DOCUMENTO_ID bigint not null auto_increment,
        COSTO float not null,
        DATA_SCADENZA datetime(6) not null,
        DESCRIZIONE varchar(300) not null,
        TITOLO varchar(100) not null,
        allegato_id bigint,
        USERNAME varchar(20),
        documentazione_id bigint,
        primary key (DOCUMENTO_ID)
    ) engine=InnoDB
Hibernate: 
    
    create table files (
       NOME varchar(100) not null,
        noDownloadable bit not null,
        ALLEGATO_ID bigint not null,
        primary key (ALLEGATO_ID)
    ) engine=InnoDB
Hibernate: 
    
    create table links (
       link varchar(300) not null,
        ALLEGATO_ID bigint not null,
        primary key (ALLEGATO_ID)
    ) engine=InnoDB
Hibernate: 
    
    create table manutenzioni (
       MANUTENZIONE_ID bigint not null auto_increment,
        COSTO_MANUTENZIONE float,
        TIPO_MANUTENZIONE varchar(255),
        primary key (MANUTENZIONE_ID)
    ) engine=InnoDB
Hibernate: 
    
    create table prenotazioni (
       PRENOTAZIONE_ID bigint not null auto_increment,
        DATA_FINE datetime(6),
        DATA_INIZIO datetime(6),
        DESCRIZIONE varchar(255),
        ORA_FINE time,
        ORA_INIZIO time,
        USERNAME varchar(20),
        primary key (PRENOTAZIONE_ID)
    ) engine=InnoDB
Hibernate: 
    
    create table users (
       USERNAME varchar(20) not null,
        FIRSTNAME varchar(100) not null,
        IMAGE_PROFILE varchar(100),
        LASTNAME varchar(100) not null,
        PASSWORD varchar(100) not null,
        RUOLO varchar(255) not null,
        documentazione_DOCUMENTO_ID bigint,
        prenotazione_PRENOTAZIONE_ID bigint,
        primary key (USERNAME)
    ) engine=InnoDB
Hibernate: 
    
    alter table cars 
       add constraint UK_f3o59i3swsgpf4hdin5eqk3tq unique (TARGA)
Hibernate: 
    
    alter table documentazioni 
       add constraint UK_doj1fn4ddn5m8lx7rs67aff3q unique (TITOLO)
Hibernate: 
    
    alter table files 
       add constraint UK_de4r68jllri06v2g0dpmsyuxi unique (NOME)
Hibernate: 
    
    alter table cars_users 
       add constraint FKggomnulika159908lmn7ge4kh 
       foreign key (USERNAME) 
       references users (USERNAME)
Hibernate: 
    
    alter table cars_users 
       add constraint FK1nkhcbr1dcu47h1iyj0ddpyct 
       foreign key (VEICOLO_ID) 
       references cars (VEICOLO_ID)
Hibernate: 
    
    alter table documentazioni 
       add constraint FKjg6nxhbxxvlcf5rxrh771peb3 
       foreign key (allegato_id) 
       references allegati (ALLEGATO_ID)
Hibernate: 
    
    alter table documentazioni 
       add constraint FKd8q7hnqahs9uwbrwvcd68fomy 
       foreign key (USERNAME) 
       references users (USERNAME)
Hibernate: 
    
    alter table documentazioni 
       add constraint FK16c0xp68vkca568lx33bqg2wk 
       foreign key (documentazione_id) 
       references cars (VEICOLO_ID)
Hibernate: 
    
    alter table files 
       add constraint FK2694q75cal40cd4rg53dj8kj7 
       foreign key (ALLEGATO_ID) 
       references allegati (ALLEGATO_ID)
Hibernate: 
    
    alter table links 
       add constraint FKa80hd50qo8hjreixvn620io9k 
       foreign key (ALLEGATO_ID) 
       references allegati (ALLEGATO_ID)
Hibernate: 
    
    alter table manutenzioni 
       add constraint FKq0rkpita5jstk3lwkgwpxk940 
       foreign key (manutenzione_id) 
       references cars (VEICOLO_ID)
Hibernate: 
    
    alter table prenotazioni 
       add constraint FK7ci1or4hwu7fqmef36dex9iuc 
       foreign key (USERNAME) 
       references users (USERNAME)
Hibernate: 
    
    alter table prenotazioni 
       add constraint FKpknqwoaxb42yayhxun61htp2o 
       foreign key (prenotazione_id) 
       references cars (VEICOLO_ID)
Hibernate: 
    
    alter table users 
       add constraint FKavo9wdbl7qffjfsmy92s4e0sa 
       foreign key (documentazione_DOCUMENTO_ID) 
       references documentazioni (DOCUMENTO_ID)
Hibernate: 
    
    alter table users 
       add constraint FK3tsx15ac8111scblfx4tgy6uf 
       foreign key (prenotazione_PRENOTAZIONE_ID) 
       references prenotazioni (PRENOTAZIONE_ID)
]]></system-out>
    <system-err><![CDATA[mar 18, 2021 5:15:14 PM org.hibernate.dialect.Dialect <init>
INFO: HHH000400: Using dialect: org.hibernate.dialect.MySQL57Dialect
mar 18, 2021 5:15:15 PM org.hibernate.engine.transaction.jta.platform.internal.JtaPlatformInitiator initiateService
INFO: HHH000490: Using JtaPlatform implementation: [org.hibernate.engine.transaction.jta.platform.internal.NoJtaPlatform]
[main] WARN org.springframework.context.annotation.AnnotationConfigApplicationContext - Exception encountered during context initialization - cancelling refresh attempt: org.springframework.beans.factory.BeanCreationException: Error creating bean with name 'allegatoDao': Injection of resource dependencies failed; nested exception is org.springframework.beans.factory.BeanCreationException: Error creating bean with name 'sessionFactory' defined in it.univpm.advancedcode.cri.test.DataServiceConfigTest: Bean instantiation via factory method failed; nested exception is org.springframework.beans.BeanInstantiationException: Failed to instantiate [org.hibernate.SessionFactory]: Factory method 'sessionFactory' threw exception; nested exception is java.lang.NullPointerException
]]></system-err>
  </testcase>
  <testcase name="createAndFind" classname="it.univpm.advancedcode.cri.test.unit.Service.TestFileService" time="0.74">
    <error message="Error creating bean with name &apos;allegatoDao&apos;: Injection of resource dependencies failed; nested exception is org.springframework.beans.factory.BeanCreationException: Error creating bean with name &apos;sessionFactory&apos; defined in it.univpm.advancedcode.cri.test.DataServiceConfigTest: Bean instantiation via factory method failed; nested exception is org.springframework.beans.BeanInstantiationException: Failed to instantiate [org.hibernate.SessionFactory]: Factory method &apos;sessionFactory&apos; threw exception; nested exception is java.lang.NullPointerException" type="org.springframework.beans.factory.BeanCreationException">org.springframework.beans.factory.BeanCreationException: Error creating bean with name 'allegatoDao': Injection of resource dependencies failed; nested exception is org.springframework.beans.factory.BeanCreationException: Error creating bean with name 'sessionFactory' defined in it.univpm.advancedcode.cri.test.DataServiceConfigTest: Bean instantiation via factory method failed; nested exception is org.springframework.beans.BeanInstantiationException: Failed to instantiate [org.hibernate.SessionFactory]: Factory method 'sessionFactory' threw exception; nested exception is java.lang.NullPointerException
	at it.univpm.advancedcode.cri.test.unit.Service.TestFileService.openContext(TestFileService.java:47)
Caused by: org.springframework.beans.factory.BeanCreationException: Error creating bean with name 'sessionFactory' defined in it.univpm.advancedcode.cri.test.DataServiceConfigTest: Bean instantiation via factory method failed; nested exception is org.springframework.beans.BeanInstantiationException: Failed to instantiate [org.hibernate.SessionFactory]: Factory method 'sessionFactory' threw exception; nested exception is java.lang.NullPointerException
	at it.univpm.advancedcode.cri.test.unit.Service.TestFileService.openContext(TestFileService.java:47)
Caused by: org.springframework.beans.BeanInstantiationException: Failed to instantiate [org.hibernate.SessionFactory]: Factory method 'sessionFactory' threw exception; nested exception is java.lang.NullPointerException
	at it.univpm.advancedcode.cri.test.unit.Service.TestFileService.openContext(TestFileService.java:47)
Caused by: java.lang.NullPointerException
</error>
    <system-out><![CDATA[Hibernate: 
    
    alter table cars_users 
       drop 
       foreign key FKggomnulika159908lmn7ge4kh
Hibernate: 
    
    alter table cars_users 
       drop 
       foreign key FK1nkhcbr1dcu47h1iyj0ddpyct
Hibernate: 
    
    alter table documentazioni 
       drop 
       foreign key FKjg6nxhbxxvlcf5rxrh771peb3
Hibernate: 
    
    alter table documentazioni 
       drop 
       foreign key FKd8q7hnqahs9uwbrwvcd68fomy
Hibernate: 
    
    alter table documentazioni 
       drop 
       foreign key FK16c0xp68vkca568lx33bqg2wk
Hibernate: 
    
    alter table files 
       drop 
       foreign key FK2694q75cal40cd4rg53dj8kj7
Hibernate: 
    
    alter table links 
       drop 
       foreign key FKa80hd50qo8hjreixvn620io9k
Hibernate: 
    
    alter table manutenzioni 
       drop 
       foreign key FKq0rkpita5jstk3lwkgwpxk940
Hibernate: 
    
    alter table prenotazioni 
       drop 
       foreign key FK7ci1or4hwu7fqmef36dex9iuc
Hibernate: 
    
    alter table prenotazioni 
       drop 
       foreign key FKpknqwoaxb42yayhxun61htp2o
Hibernate: 
    
    alter table users 
       drop 
       foreign key FKavo9wdbl7qffjfsmy92s4e0sa
Hibernate: 
    
    alter table users 
       drop 
       foreign key FK3tsx15ac8111scblfx4tgy6uf
Hibernate: 
    
    drop table if exists allegati
Hibernate: 
    
    drop table if exists cars
Hibernate: 
    
    drop table if exists cars_users
Hibernate: 
    
    drop table if exists documentazioni
Hibernate: 
    
    drop table if exists files
Hibernate: 
    
    drop table if exists links
Hibernate: 
    
    drop table if exists manutenzioni
Hibernate: 
    
    drop table if exists prenotazioni
Hibernate: 
    
    drop table if exists users
Hibernate: 
    
    create table allegati (
       ALLEGATO_ID bigint not null auto_increment,
        DESCRIZIONE varchar(100) not null,
        primary key (ALLEGATO_ID)
    ) engine=InnoDB
Hibernate: 
    
    create table cars (
       VEICOLO_ID bigint not null auto_increment,
        ALIMENTAZIONE varchar(255) not null,
        DESTINAZIONE_USO varchar(255) not null,
        MARCA varchar(255) not null,
        MASSA integer not null,
        MODELLO varchar(255) not null,
        NUMERO_ASSI integer not null,
        NUMERO_TELAIO varchar(255) not null,
        TARGA varchar(7) not null,
        primary key (VEICOLO_ID)
    ) engine=InnoDB
Hibernate: 
    
    create table cars_users (
       VEICOLO_ID bigint not null,
        USERNAME varchar(20) not null,
        primary key (VEICOLO_ID, USERNAME)
    ) engine=InnoDB
Hibernate: 
    
    create table documentazioni (
       DOCUMENTO_ID bigint not null auto_increment,
        COSTO float not null,
        DATA_SCADENZA datetime(6) not null,
        DESCRIZIONE varchar(300) not null,
        TITOLO varchar(100) not null,
        allegato_id bigint,
        USERNAME varchar(20),
        documentazione_id bigint,
        primary key (DOCUMENTO_ID)
    ) engine=InnoDB
Hibernate: 
    
    create table files (
       NOME varchar(100) not null,
        noDownloadable bit not null,
        ALLEGATO_ID bigint not null,
        primary key (ALLEGATO_ID)
    ) engine=InnoDB
Hibernate: 
    
    create table links (
       link varchar(300) not null,
        ALLEGATO_ID bigint not null,
        primary key (ALLEGATO_ID)
    ) engine=InnoDB
Hibernate: 
    
    create table manutenzioni (
       MANUTENZIONE_ID bigint not null auto_increment,
        COSTO_MANUTENZIONE float,
        TIPO_MANUTENZIONE varchar(255),
        primary key (MANUTENZIONE_ID)
    ) engine=InnoDB
Hibernate: 
    
    create table prenotazioni (
       PRENOTAZIONE_ID bigint not null auto_increment,
        DATA_FINE datetime(6),
        DATA_INIZIO datetime(6),
        DESCRIZIONE varchar(255),
        ORA_FINE time,
        ORA_INIZIO time,
        USERNAME varchar(20),
        primary key (PRENOTAZIONE_ID)
    ) engine=InnoDB
Hibernate: 
    
    create table users (
       USERNAME varchar(20) not null,
        FIRSTNAME varchar(100) not null,
        IMAGE_PROFILE varchar(100),
        LASTNAME varchar(100) not null,
        PASSWORD varchar(100) not null,
        RUOLO varchar(255) not null,
        documentazione_DOCUMENTO_ID bigint,
        prenotazione_PRENOTAZIONE_ID bigint,
        primary key (USERNAME)
    ) engine=InnoDB
Hibernate: 
    
    alter table cars 
       add constraint UK_f3o59i3swsgpf4hdin5eqk3tq unique (TARGA)
Hibernate: 
    
    alter table documentazioni 
       add constraint UK_doj1fn4ddn5m8lx7rs67aff3q unique (TITOLO)
Hibernate: 
    
    alter table files 
       add constraint UK_de4r68jllri06v2g0dpmsyuxi unique (NOME)
Hibernate: 
    
    alter table cars_users 
       add constraint FKggomnulika159908lmn7ge4kh 
       foreign key (USERNAME) 
       references users (USERNAME)
Hibernate: 
    
    alter table cars_users 
       add constraint FK1nkhcbr1dcu47h1iyj0ddpyct 
       foreign key (VEICOLO_ID) 
       references cars (VEICOLO_ID)
Hibernate: 
    
    alter table documentazioni 
       add constraint FKjg6nxhbxxvlcf5rxrh771peb3 
       foreign key (allegato_id) 
       references allegati (ALLEGATO_ID)
Hibernate: 
    
    alter table documentazioni 
       add constraint FKd8q7hnqahs9uwbrwvcd68fomy 
       foreign key (USERNAME) 
       references users (USERNAME)
Hibernate: 
    
    alter table documentazioni 
       add constraint FK16c0xp68vkca568lx33bqg2wk 
       foreign key (documentazione_id) 
       references cars (VEICOLO_ID)
Hibernate: 
    
    alter table files 
       add constraint FK2694q75cal40cd4rg53dj8kj7 
       foreign key (ALLEGATO_ID) 
       references allegati (ALLEGATO_ID)
Hibernate: 
    
    alter table links 
       add constraint FKa80hd50qo8hjreixvn620io9k 
       foreign key (ALLEGATO_ID) 
       references allegati (ALLEGATO_ID)
Hibernate: 
    
    alter table manutenzioni 
       add constraint FKq0rkpita5jstk3lwkgwpxk940 
       foreign key (manutenzione_id) 
       references cars (VEICOLO_ID)
Hibernate: 
    
    alter table prenotazioni 
       add constraint FK7ci1or4hwu7fqmef36dex9iuc 
       foreign key (USERNAME) 
       references users (USERNAME)
Hibernate: 
    
    alter table prenotazioni 
       add constraint FKpknqwoaxb42yayhxun61htp2o 
       foreign key (prenotazione_id) 
       references cars (VEICOLO_ID)
Hibernate: 
    
    alter table users 
       add constraint FKavo9wdbl7qffjfsmy92s4e0sa 
       foreign key (documentazione_DOCUMENTO_ID) 
       references documentazioni (DOCUMENTO_ID)
Hibernate: 
    
    alter table users 
       add constraint FK3tsx15ac8111scblfx4tgy6uf 
       foreign key (prenotazione_PRENOTAZIONE_ID) 
       references prenotazioni (PRENOTAZIONE_ID)
]]></system-out>
    <system-err><![CDATA[mar 18, 2021 5:15:15 PM org.hibernate.dialect.Dialect <init>
INFO: HHH000400: Using dialect: org.hibernate.dialect.MySQL57Dialect
mar 18, 2021 5:15:16 PM org.hibernate.engine.transaction.jta.platform.internal.JtaPlatformInitiator initiateService
INFO: HHH000490: Using JtaPlatform implementation: [org.hibernate.engine.transaction.jta.platform.internal.NoJtaPlatform]
[main] WARN org.springframework.context.annotation.AnnotationConfigApplicationContext - Exception encountered during context initialization - cancelling refresh attempt: org.springframework.beans.factory.BeanCreationException: Error creating bean with name 'allegatoDao': Injection of resource dependencies failed; nested exception is org.springframework.beans.factory.BeanCreationException: Error creating bean with name 'sessionFactory' defined in it.univpm.advancedcode.cri.test.DataServiceConfigTest: Bean instantiation via factory method failed; nested exception is org.springframework.beans.BeanInstantiationException: Failed to instantiate [org.hibernate.SessionFactory]: Factory method 'sessionFactory' threw exception; nested exception is java.lang.NullPointerException
]]></system-err>
  </testcase>
</testsuite>